2026-03-22 00:00:00 INFO  [Task] 定时检查: 周0 0:00
2026-03-22 00:00:33 DEBUG [Config] 保存配置, 路径: D:/Projects/BrownDust/install/config/mxu-MaaBrownDust.json
2026-03-22 00:00:33 INFO  [Config] 配置保存成功
2026-03-22 00:00:35 DEBUG [Config] 保存配置, 路径: D:/Projects/BrownDust/install/config/mxu-MaaBrownDust.json
2026-03-22 00:00:35 INFO  [Config] 配置保存成功
2026-03-22 00:00:38 DEBUG [Config] 保存配置, 路径: D:/Projects/BrownDust/install/config/mxu-MaaBrownDust.json
2026-03-22 00:00:38 INFO  [Config] 配置保存成功
2026-03-22 00:00:40 DEBUG [Config] 保存配置, 路径: D:/Projects/BrownDust/install/config/mxu-MaaBrownDust.json
2026-03-22 00:00:40 INFO  [Config] 配置保存成功
2026-03-22 00:00:42 DEBUG [Config] 保存配置, 路径: D:/Projects/BrownDust/install/config/mxu-MaaBrownDust.json
2026-03-22 00:00:42 INFO  [Config] 配置保存成功
2026-03-22 00:00:43 INFO  [Task] 当前已是管理员权限
2026-03-22 00:00:43 DEBUG [MAA] 获取 MaaFramework 版本...
2026-03-22 00:00:43 INFO  [MAA] MaaFramework 版本: v5.7.0-alpha.2
2026-03-22 00:00:43 INFO  [MAA] 创建实例: illekb0
2026-03-22 00:00:43 INFO  [MAA] 创建实例成功: illekb0
2026-03-22 00:00:43 INFO  [MAA] 搜索 Win32 窗口, classRegex: UnityWndClass , windowRegex: BrownDust II
2026-03-22 00:00:43 INFO  [Task] 实例 配置 1: 自动连接已保存的设备...
2026-03-22 00:00:43 INFO  [MAA] 找到 Win32 窗口: 1 个
2026-03-22 00:00:43 DEBUG [MAA]   窗口[0]: handle=4393232, class=UnityWndClass, name=BrownDust II
2026-03-22 00:00:43 INFO  [MAA] 连接控制器, 实例: illekb0 类型: Win32
2026-03-22 00:00:43 DEBUG [MAA] 控制器配置: {"type":"Win32","handle":4393232,"screencap_method":2,"mouse_method":32,"keyboard_method":32}
2026-03-22 00:00:43 INFO  [MAA] 控制器连接请求已发送, ctrlId: 100000001
2026-03-22 00:00:43 DEBUG [MAA]   路径[0]: D:\Projects\BrownDust\install/resource
2026-03-22 00:00:43 INFO  [MAA] 加载资源, 实例: illekb0 , 路径数: 1
2026-03-22 00:00:43 INFO  [Task] 实例 配置 1: 加载资源...
2026-03-22 00:00:43 INFO  [MAA] 资源加载请求已发送, resIds: [100000001]
2026-03-22 00:00:44 INFO  [Task] 实例 配置 1: 开始执行任务, 数量: 3
2026-03-22 00:00:44 INFO  [MAA] 启动任务, 实例: illekb0 , 任务数: 3 , cwd: D:\Projects\BrownDust\install
2026-03-22 00:00:44 DEBUG [MAA]   任务[0]: entry=StartGame, pipelineOverride=[]
2026-03-22 00:00:44 DEBUG [MAA]   任务[2]: entry=EnterMail, pipelineOverride=[]
2026-03-22 00:00:44 INFO  [MAA] Agent 配置: {"child_exec":"agent/go-service","child_args":[],"timeout":15000} , tcpCompatMode: false
2026-03-22 00:00:44 DEBUG [MAA]   任务[1]: entry=EnterHunt, pipelineOverride=[]
2026-03-22 00:00:44 INFO  [MAA] 任务已提交, taskIds: [200000001,200000002,200000003]
2026-03-22 00:00:44 INFO  [Task] 实例 配置 1: 任务已提交, task_ids: [200000001,200000002,200000003]
2026-03-22 00:00:44 DEBUG [Config] 保存配置, 路径: D:/Projects/BrownDust/install/config/mxu-MaaBrownDust.json
2026-03-22 00:00:44 INFO  [Config] 配置保存成功
2026-03-22 00:01:08 INFO  [Task] 任务 1/3 完成
2026-03-22 00:01:34 ERROR [Task] 任务执行失败, task_id: 200000002
2026-03-22 00:01:39 INFO  [MAA] 停止 Agent 成功
2026-03-22 00:01:39 INFO  [Task] 任务 3/3 完成
2026-03-22 00:01:39 INFO  [MAA] 停止 Agent, 实例: illekb0
2026-03-22 00:01:39 INFO  [Task] 所有任务执行完成
2026-03-22 00:01:40 DEBUG [Config] 保存配置, 路径: D:/Projects/BrownDust/install/config/mxu-MaaBrownDust.json
2026-03-22 00:01:40 INFO  [Config] 配置保存成功
2026-03-22 00:06:43 INFO  [Task] 当前已是管理员权限
2026-03-22 00:06:43 INFO  [MAA] 启动任务, 实例: illekb0 , 任务数: 3 , cwd: D:\Projects\BrownDust\install
2026-03-22 00:06:43 INFO  [Task] 实例 配置 1: 开始执行任务, 数量: 3
2026-03-22 00:06:43 DEBUG [MAA]   任务[0]: entry=StartGame, pipelineOverride=[]
2026-03-22 00:06:43 INFO  [MAA] Agent 配置: {"child_exec":"agent/go-service","child_args":[],"timeout":15000} , tcpCompatMode: false
2026-03-22 00:06:43 DEBUG [MAA]   任务[1]: entry=EnterHunt, pipelineOverride=[]
2026-03-22 00:06:43 DEBUG [MAA]   任务[2]: entry=EnterMail, pipelineOverride=[]
2026-03-22 00:06:43 INFO  [MAA] 任务已提交, taskIds: [200000004,200000005,200000006]
2026-03-22 00:06:43 INFO  [Task] 实例 配置 1: 任务已提交, task_ids: [200000004,200000005,200000006]
2026-03-22 00:06:43 DEBUG [Config] 保存配置, 路径: D:/Projects/BrownDust/install/config/mxu-MaaBrownDust.json
2026-03-22 00:06:43 INFO  [Config] 配置保存成功
2026-03-22 00:06:44 INFO  [Task] 任务 1/3 完成
2026-03-22 00:06:44 INFO  [Task] 停止任务... illekb0
2026-03-22 00:06:44 INFO  [MAA] 停止任务, 实例: illekb0
2026-03-22 00:06:44 INFO  [MAA] 停止任务请求已发送
2026-03-22 00:06:44 INFO  [Task] 任务 2/3 完成
2026-03-22 00:06:44 INFO  [MAA] 停止 Agent, 实例: illekb0
2026-03-22 00:06:44 INFO  [MAA] 停止 Agent 成功
2026-03-22 00:06:45 DEBUG [Config] 保存配置, 路径: D:/Projects/BrownDust/install/config/mxu-MaaBrownDust.json
2026-03-22 00:06:45 INFO  [Config] 配置保存成功
2026-03-22 00:06:49 DEBUG [MAA]   任务[2]: entry=EnterMail, pipelineOverride=[]
2026-03-22 00:06:49 INFO  [Task] 实例 配置 1: 开始执行任务, 数量: 3
2026-03-22 00:06:49 INFO  [Task] 当前已是管理员权限
2026-03-22 00:06:49 INFO  [MAA] Agent 配置: {"child_exec":"agent/go-service","child_args":[],"timeout":15000} , tcpCompatMode: false
2026-03-22 00:06:49 DEBUG [MAA]   任务[0]: entry=StartGame, pipelineOverride=[]
2026-03-22 00:06:49 DEBUG [MAA]   任务[1]: entry=EnterHunt, pipelineOverride=[]
2026-03-22 00:06:49 INFO  [MAA] 启动任务, 实例: illekb0 , 任务数: 3 , cwd: D:\Projects\BrownDust\install
2026-03-22 00:06:49 INFO  [Task] 实例 配置 1: 任务已提交, task_ids: [200000008,200000009,200000010]
2026-03-22 00:06:49 INFO  [MAA] 任务已提交, taskIds: [200000008,200000009,200000010]
2026-03-22 00:06:49 DEBUG [Config] 保存配置, 路径: D:/Projects/BrownDust/install/config/mxu-MaaBrownDust.json
2026-03-22 00:06:49 INFO  [Config] 配置保存成功
2026-03-22 00:06:50 INFO  [Task] 任务 1/3 完成
2026-03-22 00:07:16 INFO  [Task] 任务 2/3 完成
2026-03-22 00:07:22 INFO  [Task] 任务 3/3 完成
2026-03-22 00:07:22 INFO  [Task] 所有任务执行完成
2026-03-22 00:07:22 INFO  [MAA] 停止 Agent, 实例: illekb0
2026-03-22 00:07:22 INFO  [MAA] 停止 Agent 成功
2026-03-22 00:07:22 DEBUG [Config] 保存配置, 路径: D:/Projects/BrownDust/install/config/mxu-MaaBrownDust.json
2026-03-22 00:07:22 INFO  [Config] 配置保存成功
2026-03-22 16:25:08 INFO  [App] 加载 interface.json...
2026-03-22 16:25:08 INFO  [App] Tauri 环境，加载 interface.json
2026-03-22 16:25:08 INFO  [App] basePath (绝对路径): D:\Projects\BrownDust\install
2026-03-22 16:25:08 INFO  [App] 托盘事件监听已注册
2026-03-22 16:25:08 INFO  [App] dataPath (数据目录): D:\Projects\BrownDust\install
2026-03-22 16:25:08 INFO  [App] 处理 12 个导入文件...
2026-03-22 16:25:08 INFO  [App] 加载导入文件: tasks/StartGame.json
2026-03-22 16:25:08 INFO  [App] 加载导入文件: tasks/Draw.json
2026-03-22 16:25:08 INFO  [App] 合并了 1 个导入的 task
2026-03-22 16:25:08 INFO  [App] 合并了 1 个导入的 task
2026-03-22 16:25:08 INFO  [App] 加载导入文件: tasks/Sociaty.json
2026-03-22 16:25:08 INFO  [App] 加载导入文件: tasks/Operate.json
2026-03-22 16:25:08 INFO  [App] 合并了 1 个导入的 task
2026-03-22 16:25:08 INFO  [App] 加载导入文件: tasks/PVP.json
2026-03-22 16:25:08 INFO  [App] 合并了 1 个导入的 task
2026-03-22 16:25:08 INFO  [App] 合并了 1 个导入的 task
2026-03-22 16:25:08 INFO  [App] 加载导入文件: tasks/Square.json
2026-03-22 16:25:08 INFO  [App] 合并了 1 个导入的 task
2026-03-22 16:25:08 INFO  [App] 加载导入文件: tasks/HuntingArea.json
2026-03-22 16:25:08 INFO  [App] 合并了 1 个导入的 option
2026-03-22 16:25:08 INFO  [App] 加载导入文件: tasks/Bag.json
2026-03-22 16:25:08 INFO  [App] 合并了 1 个导入的 task
2026-03-22 16:25:08 INFO  [App] 合并了 1 个导入的 task
2026-03-22 16:25:08 INFO  [App] 加载导入文件: tasks/Misson.json
2026-03-22 16:25:08 INFO  [App] 加载导入文件: tasks/Passport.json
2026-03-22 16:25:08 INFO  [App] 合并了 1 个导入的 task
2026-03-22 16:25:08 INFO  [App] 合并了 1 个导入的 task
2026-03-22 16:25:08 INFO  [App] 加载导入文件: tasks/Mail.json
2026-03-22 16:25:08 INFO  [App] 加载导入文件: tasks/test.json
2026-03-22 16:25:08 INFO  [App] 合并了 1 个导入的 task
2026-03-22 16:25:08 INFO  [App] 平台过滤: 移除了 1 个不支持的控制器 (不支持的类型: PlayCover)
2026-03-22 16:25:08 INFO  [App] 合并了 1 个导入的 task
2026-03-22 16:25:08 DEBUG [Config] 加载配置, 路径: D:/Projects/BrownDust/install/config/mxu-MaaBrownDust.json
2026-03-22 16:25:08 INFO  [App] 窗口图标已设置: D:\Projects\BrownDust\install/misc/MaaEnd-Tiny.png
2026-03-22 16:25:08 INFO  [Config] 配置加载成功
2026-03-22 16:25:08 INFO  [App] 全局快捷键已注册: F10 F11
2026-03-22 16:25:08 INFO  [MAA] 初始化 MaaFramework, libDir: (默认)
2026-03-22 16:25:08 INFO  [App] 已恢复后端状态: 0 个实例
2026-03-22 16:25:08 DEBUG [MAA] 检查 MaaFramework 版本...
2026-03-22 16:25:08 INFO  [MAA] MaaFramework 版本: v5.7.0-alpha.2
2026-03-22 16:25:08 INFO  [MAA] 版本检查结果: {"current":"v5.7.0-alpha.2","minimum":"v5.5.0-beta.1","is_compatible":true}
2026-03-22 16:25:08 INFO  [App] 加载完成, 项目: MaaBrownDust
2026-03-22 16:25:08 DEBUG [MAA] 获取 MaaFramework 版本...
2026-03-22 16:25:08 INFO  [App] 检查更新: MaaEnd并不是，但是#掉我怕有bug, 当前版本: v114514.0.0, 频道: stable
2026-03-22 16:25:08 INFO  [MAA] MaaFramework 版本: v5.7.0-alpha.2
2026-03-22 16:25:08 INFO  [MAA] 搜索 Win32 窗口, classRegex: UnityWndClass , windowRegex: BrownDust II
2026-03-22 16:25:08 INFO  [MAA] 找到 Win32 窗口: 0 个
2026-03-22 16:25:08 WARN  [App] https://mirrorchyan.com/api/resources 请求失败: {"message":"Failed to execute 'close' on 'ReadableStreamDefaultController': Unexpected token 'C', \"Cannot GET\"... is not valid JSON"}
2026-03-22 16:25:08 DEBUG [Config] 保存配置, 路径: D:/Projects/BrownDust/install/config/mxu-MaaBrownDust.json
2026-03-22 16:25:08 INFO  [Config] 配置保存成功
2026-03-22 16:25:08 ERROR [App] 检查更新失败: {"message":"Failed to execute 'close' on 'ReadableStreamDefaultController': Unexpected token 'C', \"Cannot GET\"... is not valid JSON"}
2026-03-22 16:25:08 WARN  [App] https://mirrorchyan.net/api/resources 请求失败: {"message":"Failed to execute 'close' on 'ReadableStreamDefaultController': Unexpected token 'C', \"Cannot GET\"... is not valid JSON"}
2026-03-22 16:25:12 DEBUG [Config] 保存配置, 路径: D:/Projects/BrownDust/install/config/mxu-MaaBrownDust.json
2026-03-22 16:25:12 INFO  [Config] 配置保存成功
2026-03-22 16:25:15 DEBUG [Config] 保存配置, 路径: D:/Projects/BrownDust/install/config/mxu-MaaBrownDust.json
2026-03-22 16:25:15 INFO  [Config] 配置保存成功
2026-03-22 16:25:52 DEBUG [Config] 保存配置, 路径: D:/Projects/BrownDust/install/config/mxu-MaaBrownDust.json
2026-03-22 16:25:52 INFO  [Config] 配置保存成功
2026-03-22 16:26:33 DEBUG [Config] 保存配置, 路径: D:/Projects/BrownDust/install/config/mxu-MaaBrownDust.json
2026-03-22 16:26:33 INFO  [Config] 配置保存成功
2026-03-22 16:26:37 DEBUG [Config] 保存配置, 路径: D:/Projects/BrownDust/install/config/mxu-MaaBrownDust.json
2026-03-22 16:26:37 INFO  [Config] 配置保存成功
2026-03-22 16:26:38 DEBUG [Config] 保存配置, 路径: D:/Projects/BrownDust/install/config/mxu-MaaBrownDust.json
2026-03-22 16:26:38 INFO  [Config] 配置保存成功
2026-03-22 16:26:40 DEBUG [Config] 保存配置, 路径: D:/Projects/BrownDust/install/config/mxu-MaaBrownDust.json
2026-03-22 16:26:40 INFO  [Config] 配置保存成功
2026-03-22 16:26:41 DEBUG [Config] 保存配置, 路径: D:/Projects/BrownDust/install/config/mxu-MaaBrownDust.json
2026-03-22 16:26:41 INFO  [Config] 配置保存成功
2026-03-22 16:27:06 DEBUG [Config] 保存配置, 路径: D:/Projects/BrownDust/install/config/mxu-MaaBrownDust.json
2026-03-22 16:27:06 INFO  [Config] 配置保存成功
2026-03-22 16:27:08 DEBUG [Config] 保存配置, 路径: D:/Projects/BrownDust/install/config/mxu-MaaBrownDust.json
2026-03-22 16:27:08 INFO  [Config] 配置保存成功
2026-03-22 16:27:16 INFO  [Task] 当前已是管理员权限
2026-03-22 16:27:16 DEBUG [MAA] 获取 MaaFramework 版本...
2026-03-22 16:27:16 INFO  [MAA] 创建实例: illekb0
2026-03-22 16:27:16 INFO  [MAA] MaaFramework 版本: v5.7.0-alpha.2
2026-03-22 16:27:16 INFO  [MAA] 创建实例成功: illekb0
2026-03-22 16:27:16 INFO  [Task] 实例 配置 1: 自动连接已保存的设备...
2026-03-22 16:27:16 INFO  [MAA] 搜索 Win32 窗口, classRegex: UnityWndClass , windowRegex: BrownDust II
2026-03-22 16:27:16 INFO  [MAA] 找到 Win32 窗口: 1 个
2026-03-22 16:27:16 DEBUG [MAA]   窗口[0]: handle=198344, class=UnityWndClass, name=BrownDust II
2026-03-22 16:27:16 DEBUG [MAA] 控制器配置: {"type":"Win32","handle":198344,"screencap_method":2,"mouse_method":32,"keyboard_method":32}
2026-03-22 16:27:16 INFO  [MAA] 连接控制器, 实例: illekb0 类型: Win32
2026-03-22 16:27:16 INFO  [MAA] 控制器连接请求已发送, ctrlId: 100000001
2026-03-22 16:27:16 DEBUG [MAA]   路径[0]: D:\Projects\BrownDust\install/resource
2026-03-22 16:27:16 INFO  [MAA] 加载资源, 实例: illekb0 , 路径数: 1
2026-03-22 16:27:16 INFO  [Task] 实例 配置 1: 加载资源...
2026-03-22 16:27:16 INFO  [MAA] 资源加载请求已发送, resIds: [100000001]
2026-03-22 16:27:17 INFO  [MAA] 启动任务, 实例: illekb0 , 任务数: 1 , cwd: D:\Projects\BrownDust\install
2026-03-22 16:27:17 DEBUG [MAA]   任务[0]: entry=StartGame, pipelineOverride=[]
2026-03-22 16:27:17 INFO  [Task] 实例 配置 1: 开始执行任务, 数量: 1
2026-03-22 16:27:17 INFO  [MAA] Agent 配置: {"child_exec":"agent/go-service","child_args":[],"timeout":15000} , tcpCompatMode: false
2026-03-22 16:27:17 INFO  [MAA] 任务已提交, taskIds: [200000001]
2026-03-22 16:27:17 INFO  [Task] 实例 配置 1: 任务已提交, task_ids: [200000001]
2026-03-22 16:27:17 DEBUG [Config] 保存配置, 路径: D:/Projects/BrownDust/install/config/mxu-MaaBrownDust.json
2026-03-22 16:27:17 INFO  [Config] 配置保存成功
2026-03-22 16:27:38 INFO  [Task] 任务 1/1 完成
2026-03-22 16:27:38 INFO  [Task] 所有任务执行完成
2026-03-22 16:27:38 INFO  [MAA] 停止 Agent, 实例: illekb0
2026-03-22 16:27:38 INFO  [MAA] 停止 Agent 成功
2026-03-22 16:27:39 DEBUG [Config] 保存配置, 路径: D:/Projects/BrownDust/install/config/mxu-MaaBrownDust.json
2026-03-22 16:27:39 INFO  [Config] 配置保存成功
2026-03-22 16:27:44 DEBUG [Config] 保存配置, 路径: D:/Projects/BrownDust/install/config/mxu-MaaBrownDust.json
2026-03-22 16:27:44 INFO  [Config] 配置保存成功
2026-03-22 16:27:46 DEBUG [Config] 保存配置, 路径: D:/Projects/BrownDust/install/config/mxu-MaaBrownDust.json
2026-03-22 16:27:46 INFO  [Config] 配置保存成功
2026-03-22 16:27:46 INFO  [Task] 当前已是管理员权限
2026-03-22 16:27:46 INFO  [Task] 实例 配置 1: 开始执行任务, 数量: 2
2026-03-22 16:27:46 DEBUG [MAA]   任务[1]: entry=EnterHunt, pipelineOverride=[{"GetRock":{"next":["WindRock","GetRock"]}}]
2026-03-22 16:27:46 DEBUG [MAA]   任务[0]: entry=StartGame, pipelineOverride=[]
2026-03-22 16:27:46 INFO  [MAA] 启动任务, 实例: illekb0 , 任务数: 2 , cwd: D:\Projects\BrownDust\install
2026-03-22 16:27:46 INFO  [MAA] Agent 配置: {"child_exec":"agent/go-service","child_args":[],"timeout":15000} , tcpCompatMode: false
2026-03-22 16:27:46 INFO  [MAA] 任务已提交, taskIds: [200000002,200000003]
2026-03-22 16:27:46 INFO  [Task] 实例 配置 1: 任务已提交, task_ids: [200000002,200000003]
2026-03-22 16:27:47 DEBUG [Config] 保存配置, 路径: D:/Projects/BrownDust/install/config/mxu-MaaBrownDust.json
2026-03-22 16:27:47 INFO  [Config] 配置保存成功
2026-03-22 16:27:47 INFO  [Task] 任务 1/2 完成
2026-03-22 16:27:48 INFO  [Task] 停止任务... illekb0
2026-03-22 16:27:48 INFO  [MAA] 停止任务请求已发送
2026-03-22 16:27:48 INFO  [MAA] 停止任务, 实例: illekb0
2026-03-22 16:27:49 INFO  [Task] 任务 2/2 完成
2026-03-22 16:27:49 INFO  [MAA] 停止 Agent, 实例: illekb0
2026-03-22 16:27:49 INFO  [Task] 所有任务执行完成
2026-03-22 16:27:49 INFO  [MAA] 停止 Agent 成功
2026-03-22 16:27:49 INFO  [MAA] 停止 Agent, 实例: illekb0
2026-03-22 16:27:49 INFO  [MAA] 停止 Agent 成功
2026-03-22 16:27:50 DEBUG [Config] 保存配置, 路径: D:/Projects/BrownDust/install/config/mxu-MaaBrownDust.json
2026-03-22 16:27:50 INFO  [Config] 配置保存成功
2026-03-22 16:27:50 DEBUG [MAA] 获取 MaaFramework 版本...
2026-03-22 16:27:50 INFO  [MAA] MaaFramework 版本: v5.7.0-alpha.2
2026-03-22 16:27:50 INFO  [MAA] 搜索 Win32 窗口, classRegex: UnityWndClass , windowRegex: BrownDust II
2026-03-22 16:27:50 INFO  [MAA] 找到 Win32 窗口: 1 个
2026-03-22 16:27:50 DEBUG [MAA]   窗口[0]: handle=198344, class=UnityWndClass, name=BrownDust II
2026-03-22 16:27:50 DEBUG [MAA] 获取 MaaFramework 版本...
2026-03-22 16:27:50 INFO  [MAA] 创建实例: ehkudb0
2026-03-22 16:27:50 INFO  [MAA] MaaFramework 版本: v5.7.0-alpha.2
2026-03-22 16:27:50 INFO  [MAA] 创建实例成功: ehkudb0
2026-03-22 16:27:50 INFO  [MAA] 连接控制器, 实例: ehkudb0 类型: Win32
2026-03-22 16:27:50 DEBUG [MAA] 控制器配置: {"type":"Win32","handle":198344,"screencap_method":2,"mouse_method":32,"keyboard_method":32}
2026-03-22 16:27:50 INFO  [MAA] 控制器连接请求已发送, ctrlId: 100000029
2026-03-22 16:27:50 DEBUG [Config] 保存配置, 路径: D:/Projects/BrownDust/install/config/mxu-MaaBrownDust.json
2026-03-22 16:27:50 INFO  [Config] 配置保存成功
2026-03-22 16:27:51 INFO  [Task] 当前已是管理员权限
2026-03-22 16:27:51 INFO  [Task] 实例 配置 2: 加载资源...
2026-03-22 16:27:51 DEBUG [MAA]   路径[0]: D:\Projects\BrownDust\install/resource
2026-03-22 16:27:51 INFO  [MAA] 加载资源, 实例: ehkudb0 , 路径数: 1
2026-03-22 16:27:51 INFO  [MAA] 资源加载请求已发送, resIds: [100000002]
2026-03-22 16:27:51 INFO  [Task] 实例 配置 2: 开始执行任务, 数量: 1
2026-03-22 16:27:51 INFO  [MAA] 启动任务, 实例: ehkudb0 , 任务数: 1 , cwd: D:\Projects\BrownDust\install
2026-03-22 16:27:51 INFO  [MAA] Agent 配置: {"child_exec":"agent/go-service","child_args":[],"timeout":15000} , tcpCompatMode: false
2026-03-22 16:27:51 DEBUG [MAA]   任务[0]: entry=GetRock, pipelineOverride=[]
2026-03-22 16:27:51 INFO  [MAA] 任务已提交, taskIds: [200000005]
2026-03-22 16:27:51 INFO  [Task] 实例 配置 2: 任务已提交, task_ids: [200000005]
2026-03-22 16:27:52 DEBUG [Config] 保存配置, 路径: D:/Projects/BrownDust/install/config/mxu-MaaBrownDust.json
2026-03-22 16:27:52 INFO  [Config] 配置保存成功
2026-03-22 16:27:54 INFO  [Task] 停止任务... ehkudb0
2026-03-22 16:27:54 INFO  [MAA] 停止任务, 实例: ehkudb0
2026-03-22 16:27:54 INFO  [MAA] 停止任务请求已发送
2026-03-22 16:27:55 INFO  [MAA] 停止任务, 实例: ehkudb0
2026-03-22 16:27:55 INFO  [MAA] 停止任务请求已发送
2026-03-22 16:27:55 INFO  [Task] 所有任务执行完成
2026-03-22 16:27:55 INFO  [MAA] 停止 Agent, 实例: ehkudb0
2026-03-22 16:27:55 INFO  [Task] 任务 1/1 完成
2026-03-22 16:27:55 INFO  [MAA] 停止 Agent 成功
2026-03-22 16:27:55 INFO  [MAA] 停止 Agent, 实例: ehkudb0
2026-03-22 16:27:55 INFO  [MAA] 停止 Agent 成功
2026-03-22 16:27:56 DEBUG [Config] 保存配置, 路径: D:/Projects/BrownDust/install/config/mxu-MaaBrownDust.json
2026-03-22 16:27:56 INFO  [Config] 配置保存成功
2026-03-22 16:27:59 DEBUG [Config] 保存配置, 路径: D:/Projects/BrownDust/install/config/mxu-MaaBrownDust.json
2026-03-22 16:27:59 INFO  [Config] 配置保存成功
2026-03-22 16:28:01 DEBUG [Config] 保存配置, 路径: D:/Projects/BrownDust/install/config/mxu-MaaBrownDust.json
2026-03-22 16:28:01 INFO  [Config] 配置保存成功
2026-03-22 16:28:03 DEBUG [Config] 保存配置, 路径: D:/Projects/BrownDust/install/config/mxu-MaaBrownDust.json
2026-03-22 16:28:03 INFO  [Config] 配置保存成功
2026-03-22 16:28:10 DEBUG [Config] 保存配置, 路径: D:/Projects/BrownDust/install/config/mxu-MaaBrownDust.json
2026-03-22 16:28:10 INFO  [Config] 配置保存成功
2026-03-22 16:28:12 DEBUG [Config] 保存配置, 路径: D:/Projects/BrownDust/install/config/mxu-MaaBrownDust.json
2026-03-22 16:28:12 INFO  [Config] 配置保存成功
2026-03-22 16:28:13 INFO  [Task] 当前已是管理员权限
2026-03-22 16:28:13 INFO  [Task] 实例 配置 1: 开始执行任务, 数量: 2
2026-03-22 16:28:13 INFO  [MAA] 启动任务, 实例: illekb0 , 任务数: 2 , cwd: D:\Projects\BrownDust\install
2026-03-22 16:28:13 DEBUG [MAA]   任务[0]: entry=StartGame, pipelineOverride=[]
2026-03-22 16:28:13 DEBUG [MAA]   任务[1]: entry=EnterHunt, pipelineOverride=[{"GetRock":{"next":["FireRock","GetRock"]}}]
2026-03-22 16:28:13 INFO  [MAA] Agent 配置: {"child_exec":"agent/go-service","child_args":[],"timeout":15000} , tcpCompatMode: false
2026-03-22 16:28:13 INFO  [MAA] 任务已提交, taskIds: [200000008,200000009]
2026-03-22 16:28:13 INFO  [Task] 实例 配置 1: 任务已提交, task_ids: [200000008,200000009]
2026-03-22 16:28:14 DEBUG [Config] 保存配置, 路径: D:/Projects/BrownDust/install/config/mxu-MaaBrownDust.json
2026-03-22 16:28:14 INFO  [Config] 配置保存成功
2026-03-22 16:28:16 INFO  [Task] 任务 1/2 完成
2026-03-22 16:28:26 INFO  [Task] 停止任务... illekb0
2026-03-22 16:28:26 INFO  [MAA] 停止任务请求已发送
2026-03-22 16:28:26 INFO  [MAA] 停止任务, 实例: illekb0
2026-03-22 16:28:26 INFO  [Task] 所有任务执行完成
2026-03-22 16:28:26 INFO  [MAA] 停止 Agent, 实例: illekb0
2026-03-22 16:28:26 INFO  [MAA] 停止 Agent 成功
2026-03-22 16:28:26 INFO  [Task] 任务 2/2 完成
2026-03-22 16:28:27 INFO  [MAA] 停止 Agent, 实例: illekb0
2026-03-22 16:28:27 INFO  [MAA] 停止 Agent 成功
2026-03-22 16:28:27 DEBUG [Config] 保存配置, 路径: D:/Projects/BrownDust/install/config/mxu-MaaBrownDust.json
2026-03-22 16:28:27 INFO  [Config] 配置保存成功
2026-03-22 16:28:28 DEBUG [Config] 保存配置, 路径: D:/Projects/BrownDust/install/config/mxu-MaaBrownDust.json
2026-03-22 16:28:28 INFO  [Config] 配置保存成功
2026-03-22 16:28:31 DEBUG [Config] 保存配置, 路径: D:/Projects/BrownDust/install/config/mxu-MaaBrownDust.json
2026-03-22 16:28:31 INFO  [Config] 配置保存成功
2026-03-22 16:38:30 INFO  [App] 加载 interface.json...
2026-03-22 16:38:30 INFO  [App] Tauri 环境，加载 interface.json
2026-03-22 16:38:30 INFO  [App] basePath (绝对路径): D:\Projects\BrownDust\install
2026-03-22 16:38:30 INFO  [App] 托盘事件监听已注册
2026-03-22 16:38:30 INFO  [App] dataPath (数据目录): D:\Projects\BrownDust\install
2026-03-22 16:38:30 INFO  [App] 处理 12 个导入文件...
2026-03-22 16:38:30 INFO  [App] 加载导入文件: tasks/StartGame.json
2026-03-22 16:38:30 INFO  [App] 加载导入文件: tasks/Draw.json
2026-03-22 16:38:30 INFO  [App] 合并了 1 个导入的 task
2026-03-22 16:38:30 INFO  [App] 加载导入文件: tasks/Sociaty.json
2026-03-22 16:38:30 INFO  [App] 合并了 1 个导入的 task
2026-03-22 16:38:30 INFO  [App] 合并了 1 个导入的 task
2026-03-22 16:38:30 INFO  [App] 加载导入文件: tasks/Operate.json
2026-03-22 16:38:30 INFO  [App] 加载导入文件: tasks/PVP.json
2026-03-22 16:38:30 INFO  [App] 合并了 1 个导入的 task
2026-03-22 16:38:30 INFO  [App] 合并了 1 个导入的 task
2026-03-22 16:38:30 INFO  [App] 加载导入文件: tasks/Square.json
2026-03-22 16:38:30 INFO  [App] 加载导入文件: tasks/HuntingArea.json
2026-03-22 16:38:30 INFO  [App] 合并了 1 个导入的 task
2026-03-22 16:38:30 INFO  [App] 合并了 1 个导入的 option
2026-03-22 16:38:30 INFO  [App] 合并了 1 个导入的 task
2026-03-22 16:38:30 INFO  [App] 加载导入文件: tasks/Bag.json
2026-03-22 16:38:30 INFO  [App] 合并了 1 个导入的 task
2026-03-22 16:38:30 INFO  [App] 加载导入文件: tasks/Misson.json
2026-03-22 16:38:30 INFO  [App] 加载导入文件: tasks/Passport.json
2026-03-22 16:38:30 INFO  [App] 合并了 1 个导入的 task
2026-03-22 16:38:30 INFO  [App] 加载导入文件: tasks/Mail.json
2026-03-22 16:38:30 INFO  [App] 合并了 1 个导入的 task
2026-03-22 16:38:30 INFO  [App] 合并了 1 个导入的 task
2026-03-22 16:38:30 INFO  [App] 加载导入文件: tasks/test.json
2026-03-22 16:38:30 INFO  [App] 平台过滤: 移除了 1 个不支持的控制器 (不支持的类型: PlayCover)
2026-03-22 16:38:30 INFO  [App] 合并了 1 个导入的 task
2026-03-22 16:38:30 DEBUG [Config] 加载配置, 路径: D:/Projects/BrownDust/install/config/mxu-MaaBrownDust.json
2026-03-22 16:38:30 INFO  [App] 窗口图标已设置: D:\Projects\BrownDust\install/misc/MaaEnd-Tiny.png
2026-03-22 16:38:30 INFO  [Config] 配置加载成功
2026-03-22 16:38:30 INFO  [App] 全局快捷键已注册: F10 F11
2026-03-22 16:38:30 INFO  [MAA] 初始化 MaaFramework, libDir: (默认)
2026-03-22 16:38:30 INFO  [App] 已恢复后端状态: 0 个实例
2026-03-22 16:38:30 INFO  [MAA] MaaFramework 版本: v5.7.0-alpha.2
2026-03-22 16:38:30 DEBUG [MAA] 检查 MaaFramework 版本...
2026-03-22 16:38:30 INFO  [MAA] 版本检查结果: {"current":"v5.7.0-alpha.2","minimum":"v5.5.0-beta.1","is_compatible":true}
2026-03-22 16:38:30 INFO  [App] 加载完成, 项目: MaaBrownDust
2026-03-22 16:38:30 DEBUG [MAA] 获取 MaaFramework 版本...
2026-03-22 16:38:30 INFO  [App] 检查更新: MaaEnd并不是，但是#掉我怕有bug, 当前版本: v114514.0.0, 频道: stable
2026-03-22 16:38:31 INFO  [MAA] MaaFramework 版本: v5.7.0-alpha.2
2026-03-22 16:38:31 INFO  [MAA] 搜索 Win32 窗口, classRegex: UnityWndClass , windowRegex: BrownDust II
2026-03-22 16:38:31 INFO  [MAA] 找到 Win32 窗口: 1 个
2026-03-22 16:38:31 DEBUG [MAA]   窗口[0]: handle=198344, class=UnityWndClass, name=BrownDust II
2026-03-22 16:38:31 DEBUG [MAA] 获取 MaaFramework 版本...
2026-03-22 16:38:31 INFO  [MAA] MaaFramework 版本: v5.7.0-alpha.2
2026-03-22 16:38:31 INFO  [MAA] 创建实例: illekb0
2026-03-22 16:38:31 INFO  [MAA] 创建实例成功: illekb0
2026-03-22 16:38:31 INFO  [MAA] 连接控制器, 实例: illekb0 类型: Win32
2026-03-22 16:38:31 DEBUG [MAA] 控制器配置: {"type":"Win32","handle":198344,"screencap_method":2,"mouse_method":32,"keyboard_method":32}
2026-03-22 16:38:31 INFO  [MAA] 控制器连接请求已发送, ctrlId: 100000001
2026-03-22 16:38:31 WARN  [App] https://mirrorchyan.com/api/resources 请求失败: {"message":"Failed to execute 'close' on 'ReadableStreamDefaultController': Unexpected token 'C', \"Cannot GET\"... is not valid JSON"}
2026-03-22 16:38:31 DEBUG [Config] 保存配置, 路径: D:/Projects/BrownDust/install/config/mxu-MaaBrownDust.json
2026-03-22 16:38:31 INFO  [Config] 配置保存成功
2026-03-22 16:38:32 WARN  [App] https://mirrorchyan.net/api/resources 请求失败: {"message":"Failed to execute 'close' on 'ReadableStreamDefaultController': Unexpected token 'C', \"Cannot GET\"... is not valid JSON"}
2026-03-22 16:38:32 ERROR [App] 检查更新失败: {"message":"Failed to execute 'close' on 'ReadableStreamDefaultController': Unexpected token 'C', \"Cannot GET\"... is not valid JSON"}
2026-03-22 16:38:34 DEBUG [Config] 保存配置, 路径: D:/Projects/BrownDust/install/config/mxu-MaaBrownDust.json
2026-03-22 16:38:34 INFO  [Config] 配置保存成功
2026-03-22 16:38:35 DEBUG [Config] 保存配置, 路径: D:/Projects/BrownDust/install/config/mxu-MaaBrownDust.json
2026-03-22 16:38:35 INFO  [Config] 配置保存成功
2026-03-22 16:38:36 DEBUG [Config] 保存配置, 路径: D:/Projects/BrownDust/install/config/mxu-MaaBrownDust.json
2026-03-22 16:38:36 INFO  [Config] 配置保存成功
2026-03-22 16:38:46 INFO  [MAA] 加载资源, 实例: illekb0 , 路径数: 1
2026-03-22 16:38:46 INFO  [Task] 实例 配置 1: 加载资源...
2026-03-22 16:38:46 DEBUG [MAA]   路径[0]: D:\Projects\BrownDust\install/resource
2026-03-22 16:38:46 INFO  [Task] 当前已是管理员权限
2026-03-22 16:38:46 INFO  [MAA] 资源加载请求已发送, resIds: [100000001]
2026-03-22 16:38:46 INFO  [Task] 实例 配置 1: 开始执行任务, 数量: 1
2026-03-22 16:38:46 INFO  [MAA] 启动任务, 实例: illekb0 , 任务数: 1 , cwd: D:\Projects\BrownDust\install
2026-03-22 16:38:46 DEBUG [MAA]   任务[0]: entry=EnterHunt, pipelineOverride=[{"GetRock":{"next":["FireRock","GetRock"]}}]
2026-03-22 16:38:46 INFO  [MAA] Agent 配置: {"child_exec":"agent/go-service","child_args":[],"timeout":15000} , tcpCompatMode: false
2026-03-22 16:38:47 INFO  [MAA] 任务已提交, taskIds: [200000001]
2026-03-22 16:38:47 INFO  [Task] 实例 配置 1: 任务已提交, task_ids: [200000001]
2026-03-22 16:38:47 DEBUG [Config] 保存配置, 路径: D:/Projects/BrownDust/install/config/mxu-MaaBrownDust.json
2026-03-22 16:38:47 INFO  [Config] 配置保存成功
2026-03-22 16:38:54 INFO  [Task] 停止任务... illekb0
2026-03-22 16:38:54 INFO  [MAA] 停止任务请求已发送
2026-03-22 16:38:54 INFO  [MAA] 停止任务, 实例: illekb0
2026-03-22 16:38:55 INFO  [Task] 任务 1/1 完成
2026-03-22 16:38:55 INFO  [Task] 所有任务执行完成
2026-03-22 16:38:55 INFO  [MAA] 停止 Agent, 实例: illekb0
2026-03-22 16:38:55 INFO  [MAA] 停止 Agent 成功
2026-03-22 16:38:55 INFO  [MAA] 停止 Agent, 实例: illekb0
2026-03-22 16:38:55 INFO  [MAA] 停止 Agent 成功
2026-03-22 16:38:55 DEBUG [Config] 保存配置, 路径: D:/Projects/BrownDust/install/config/mxu-MaaBrownDust.json
2026-03-22 16:38:55 INFO  [Config] 配置保存成功
2026-03-22 16:39:00 DEBUG [Config] 保存配置, 路径: D:/Projects/BrownDust/install/config/mxu-MaaBrownDust.json
2026-03-22 16:39:00 INFO  [Config] 配置保存成功
2026-03-22 16:39:02 DEBUG [Config] 保存配置, 路径: D:/Projects/BrownDust/install/config/mxu-MaaBrownDust.json
2026-03-22 16:39:02 INFO  [Config] 配置保存成功
2026-03-22 16:39:02 INFO  [Task] 当前已是管理员权限
2026-03-22 16:39:02 INFO  [MAA] 启动任务, 实例: illekb0 , 任务数: 1 , cwd: D:\Projects\BrownDust\install
2026-03-22 16:39:02 INFO  [MAA] Agent 配置: {"child_exec":"agent/go-service","child_args":[],"timeout":15000} , tcpCompatMode: false
2026-03-22 16:39:02 DEBUG [MAA]   任务[0]: entry=EnterHunt, pipelineOverride=[{"GetRock":{"next":["WaterRock","GetRock"]}}]
2026-03-22 16:39:02 INFO  [Task] 实例 配置 1: 开始执行任务, 数量: 1
2026-03-22 16:39:02 INFO  [Task] 实例 配置 1: 任务已提交, task_ids: [200000003]
2026-03-22 16:39:02 INFO  [MAA] 任务已提交, taskIds: [200000003]
2026-03-22 16:39:03 DEBUG [Config] 保存配置, 路径: D:/Projects/BrownDust/install/config/mxu-MaaBrownDust.json
2026-03-22 16:39:03 INFO  [Config] 配置保存成功
2026-03-22 16:39:08 INFO  [MAA] 停止任务, 实例: illekb0
2026-03-22 16:39:08 INFO  [Task] 停止任务... illekb0
2026-03-22 16:39:08 INFO  [MAA] 停止任务请求已发送
2026-03-22 16:39:08 INFO  [Task] 任务 1/1 完成
2026-03-22 16:39:08 INFO  [Task] 所有任务执行完成
2026-03-22 16:39:08 INFO  [MAA] 停止 Agent 成功
2026-03-22 16:39:08 INFO  [MAA] 停止 Agent, 实例: illekb0
2026-03-22 16:39:08 INFO  [MAA] 停止 Agent, 实例: illekb0
2026-03-22 16:39:08 INFO  [MAA] 停止 Agent 成功
2026-03-22 16:39:08 DEBUG [Config] 保存配置, 路径: D:/Projects/BrownDust/install/config/mxu-MaaBrownDust.json
2026-03-22 16:39:08 INFO  [Config] 配置保存成功
2026-03-22 16:39:09 DEBUG [Config] 保存配置, 路径: D:/Projects/BrownDust/install/config/mxu-MaaBrownDust.json
2026-03-22 16:39:09 INFO  [Config] 配置保存成功
2026-03-22 16:39:11 DEBUG [Config] 保存配置, 路径: D:/Projects/BrownDust/install/config/mxu-MaaBrownDust.json
2026-03-22 16:39:11 INFO  [Config] 配置保存成功
2026-03-22 16:39:15 INFO  [Task] 当前已是管理员权限
2026-03-22 16:39:15 INFO  [Task] 实例 配置 1: 开始执行任务, 数量: 1
2026-03-22 16:39:15 INFO  [MAA] Agent 配置: {"child_exec":"agent/go-service","child_args":[],"timeout":15000} , tcpCompatMode: false
2026-03-22 16:39:15 INFO  [MAA] 启动任务, 实例: illekb0 , 任务数: 1 , cwd: D:\Projects\BrownDust\install
2026-03-22 16:39:15 DEBUG [MAA]   任务[0]: entry=EnterHunt, pipelineOverride=[{"GetRock":{"next":["WindRock","GetRock"]}}]
2026-03-22 16:39:15 INFO  [Task] 实例 配置 1: 任务已提交, task_ids: [200000005]
2026-03-22 16:39:15 INFO  [MAA] 任务已提交, taskIds: [200000005]
2026-03-22 16:39:16 DEBUG [Config] 保存配置, 路径: D:/Projects/BrownDust/install/config/mxu-MaaBrownDust.json
2026-03-22 16:39:16 INFO  [Config] 配置保存成功
2026-03-22 16:39:21 INFO  [Task] 停止任务... illekb0
2026-03-22 16:39:21 INFO  [MAA] 停止任务请求已发送
2026-03-22 16:39:21 INFO  [MAA] 停止任务, 实例: illekb0
2026-03-22 16:39:21 INFO  [Task] 任务 1/1 完成
2026-03-22 16:39:21 INFO  [Task] 所有任务执行完成
2026-03-22 16:39:21 INFO  [MAA] 停止 Agent, 实例: illekb0
2026-03-22 16:39:21 INFO  [MAA] 停止 Agent 成功
2026-03-22 16:39:21 INFO  [MAA] 停止 Agent, 实例: illekb0
2026-03-22 16:39:21 INFO  [MAA] 停止 Agent 成功
2026-03-22 16:39:22 DEBUG [Config] 保存配置, 路径: D:/Projects/BrownDust/install/config/mxu-MaaBrownDust.json
2026-03-22 16:39:22 INFO  [Config] 配置保存成功
2026-03-22 16:39:23 DEBUG [Config] 保存配置, 路径: D:/Projects/BrownDust/install/config/mxu-MaaBrownDust.json
2026-03-22 16:39:23 INFO  [Config] 配置保存成功
2026-03-22 16:39:25 DEBUG [Config] 保存配置, 路径: D:/Projects/BrownDust/install/config/mxu-MaaBrownDust.json
2026-03-22 16:39:25 INFO  [Config] 配置保存成功
2026-03-22 16:39:33 DEBUG [Config] 保存配置, 路径: D:/Projects/BrownDust/install/config/mxu-MaaBrownDust.json
2026-03-22 16:39:33 INFO  [Config] 配置保存成功
2026-03-22 16:39:34 INFO  [Task] 当前已是管理员权限
2026-03-22 16:39:34 DEBUG [MAA]   任务[0]: entry=EnterHunt, pipelineOverride=[{"GetRock":{"next":["LightRock","GetRock"]}}]
2026-03-22 16:39:34 INFO  [Task] 实例 配置 1: 开始执行任务, 数量: 1
2026-03-22 16:39:34 INFO  [MAA] Agent 配置: {"child_exec":"agent/go-service","child_args":[],"timeout":15000} , tcpCompatMode: false
2026-03-22 16:39:34 INFO  [MAA] 启动任务, 实例: illekb0 , 任务数: 1 , cwd: D:\Projects\BrownDust\install
2026-03-22 16:39:34 INFO  [MAA] 任务已提交, taskIds: [200000007]
2026-03-22 16:39:34 INFO  [Task] 实例 配置 1: 任务已提交, task_ids: [200000007]
2026-03-22 16:39:34 DEBUG [Config] 保存配置, 路径: D:/Projects/BrownDust/install/config/mxu-MaaBrownDust.json
2026-03-22 16:39:34 INFO  [Config] 配置保存成功
2026-03-22 16:39:39 INFO  [MAA] 停止任务, 实例: illekb0
2026-03-22 16:39:39 INFO  [Task] 停止任务... illekb0
2026-03-22 16:39:39 INFO  [MAA] 停止任务请求已发送
2026-03-22 16:39:39 INFO  [MAA] 停止任务, 实例: illekb0
2026-03-22 16:39:39 INFO  [MAA] 停止任务请求已发送
2026-03-22 16:39:40 INFO  [Task] 任务 1/1 完成
2026-03-22 16:39:40 INFO  [Task] 所有任务执行完成
2026-03-22 16:39:40 INFO  [MAA] 停止 Agent, 实例: illekb0
2026-03-22 16:39:40 INFO  [MAA] 停止 Agent 成功
2026-03-22 16:39:40 INFO  [MAA] 停止 Agent, 实例: illekb0
2026-03-22 16:39:40 INFO  [MAA] 停止 Agent 成功
2026-03-22 16:39:40 DEBUG [Config] 保存配置, 路径: D:/Projects/BrownDust/install/config/mxu-MaaBrownDust.json
2026-03-22 16:39:40 INFO  [Config] 配置保存成功
2026-03-22 16:39:44 DEBUG [Config] 保存配置, 路径: D:/Projects/BrownDust/install/config/mxu-MaaBrownDust.json
2026-03-22 16:39:44 INFO  [Config] 配置保存成功
2026-03-22 16:39:46 DEBUG [Config] 保存配置, 路径: D:/Projects/BrownDust/install/config/mxu-MaaBrownDust.json
2026-03-22 16:39:46 INFO  [Config] 配置保存成功
2026-03-22 16:39:46 INFO  [Task] 当前已是管理员权限
2026-03-22 16:39:46 INFO  [Task] 实例 配置 1: 开始执行任务, 数量: 1
2026-03-22 16:39:46 DEBUG [MAA]   任务[0]: entry=EnterHunt, pipelineOverride=[{"GetRock":{"next":["DarkRock","GetRock"]}}]
2026-03-22 16:39:46 INFO  [MAA] 启动任务, 实例: illekb0 , 任务数: 1 , cwd: D:\Projects\BrownDust\install
2026-03-22 16:39:46 INFO  [MAA] Agent 配置: {"child_exec":"agent/go-service","child_args":[],"timeout":15000} , tcpCompatMode: false
2026-03-22 16:39:46 INFO  [Task] 实例 配置 1: 任务已提交, task_ids: [200000010]
2026-03-22 16:39:46 INFO  [MAA] 任务已提交, taskIds: [200000010]
2026-03-22 16:39:47 DEBUG [Config] 保存配置, 路径: D:/Projects/BrownDust/install/config/mxu-MaaBrownDust.json
2026-03-22 16:39:47 INFO  [Config] 配置保存成功
2026-03-22 16:39:51 INFO  [MAA] 停止任务请求已发送
2026-03-22 16:39:51 INFO  [Task] 停止任务... illekb0
2026-03-22 16:39:51 INFO  [MAA] 停止任务, 实例: illekb0
2026-03-22 16:39:52 INFO  [Task] 任务 1/1 完成
2026-03-22 16:39:52 INFO  [Task] 所有任务执行完成
2026-03-22 16:39:52 INFO  [MAA] 停止 Agent, 实例: illekb0
2026-03-22 16:39:52 INFO  [MAA] 停止 Agent 成功
2026-03-22 16:39:52 INFO  [MAA] 停止 Agent, 实例: illekb0
2026-03-22 16:39:52 INFO  [MAA] 停止 Agent 成功
2026-03-22 16:39:52 DEBUG [Config] 保存配置, 路径: D:/Projects/BrownDust/install/config/mxu-MaaBrownDust.json
2026-03-22 16:39:53 INFO  [Config] 配置保存成功
2026-03-22 16:40:45 DEBUG [Config] 保存配置, 路径: D:/Projects/BrownDust/install/config/mxu-MaaBrownDust.json
2026-03-22 16:40:45 INFO  [Config] 配置保存成功
2026-03-22 16:43:14 DEBUG [Config] 保存配置, 路径: D:/Projects/BrownDust/install/config/mxu-MaaBrownDust.json
2026-03-22 16:43:14 INFO  [Config] 配置保存成功
2026-03-22 16:44:45 DEBUG [Config] 保存配置, 路径: D:/Projects/BrownDust/install/config/mxu-MaaBrownDust.json
2026-03-22 16:44:45 INFO  [Config] 配置保存成功
2026-03-22 20:42:26 INFO  [App] Tauri 环境，加载 interface.json
2026-03-22 20:42:26 INFO  [App] 加载 interface.json...
2026-03-22 20:42:26 INFO  [App] basePath (绝对路径): D:\browndust 2\install
2026-03-22 20:42:26 INFO  [App] 托盘事件监听已注册
2026-03-22 20:42:26 INFO  [App] dataPath (数据目录): D:\browndust 2\install
2026-03-22 20:42:26 INFO  [App] 处理 12 个导入文件...
2026-03-22 20:42:26 INFO  [App] 加载导入文件: tasks/StartGame.json
2026-03-22 20:42:26 INFO  [App] 加载导入文件: tasks/Draw.json
2026-03-22 20:42:26 INFO  [App] 合并了 1 个导入的 task
2026-03-22 20:42:26 INFO  [App] 加载导入文件: tasks/Sociaty.json
2026-03-22 20:42:26 INFO  [App] 合并了 1 个导入的 task
2026-03-22 20:42:26 INFO  [App] 合并了 1 个导入的 task
2026-03-22 20:42:26 INFO  [App] 加载导入文件: tasks/Operate.json
2026-03-22 20:42:26 INFO  [App] 合并了 1 个导入的 task
2026-03-22 20:42:26 INFO  [App] 加载导入文件: tasks/PVP.json
2026-03-22 20:42:26 INFO  [App] 合并了 1 个导入的 task
2026-03-22 20:42:26 INFO  [App] 加载导入文件: tasks/Square.json
2026-03-22 20:42:26 INFO  [App] 加载导入文件: tasks/HuntingArea.json
2026-03-22 20:42:26 INFO  [App] 合并了 1 个导入的 task
2026-03-22 20:42:26 INFO  [App] 合并了 1 个导入的 option
2026-03-22 20:42:26 INFO  [App] 合并了 1 个导入的 task
2026-03-22 20:42:26 INFO  [App] 加载导入文件: tasks/Bag.json
2026-03-22 20:42:26 INFO  [App] 合并了 1 个导入的 task
2026-03-22 20:42:26 INFO  [App] 加载导入文件: tasks/Misson.json
2026-03-22 20:42:26 INFO  [App] 加载导入文件: tasks/Passport.json
2026-03-22 20:42:26 INFO  [App] 合并了 1 个导入的 task
2026-03-22 20:42:26 INFO  [App] 合并了 1 个导入的 task
2026-03-22 20:42:26 INFO  [App] 加载导入文件: tasks/Mail.json
2026-03-22 20:42:26 INFO  [App] 加载导入文件: tasks/test.json
2026-03-22 20:42:26 INFO  [App] 合并了 1 个导入的 task
2026-03-22 20:42:26 INFO  [App] 平台过滤: 移除了 1 个不支持的控制器 (不支持的类型: PlayCover)
2026-03-22 20:42:26 INFO  [App] 合并了 1 个导入的 task
2026-03-22 20:42:26 DEBUG [Config] 加载配置, 路径: D:/browndust 2/install/config/mxu-MaaBrownDust.json
2026-03-22 20:42:26 INFO  [App] 窗口图标已设置: D:\browndust 2\install/misc/MaaEnd-Tiny.png
2026-03-22 20:42:26 INFO  [Config] 配置加载成功
2026-03-22 20:42:26 INFO  [App] 全局快捷键已注册: F10 F11
2026-03-22 20:42:26 INFO  [App] 已恢复后端状态: 0 个实例
2026-03-22 20:42:26 INFO  [MAA] 初始化 MaaFramework, libDir: (默认)
2026-03-22 20:42:26 INFO  [MAA] MaaFramework 版本: v5.7.0-alpha.2
2026-03-22 20:42:26 DEBUG [MAA] 检查 MaaFramework 版本...
2026-03-22 20:42:26 INFO  [MAA] 版本检查结果: {"current":"v5.7.0-alpha.2","minimum":"v5.5.0-beta.1","is_compatible":true}
2026-03-22 20:42:26 INFO  [App] 加载完成, 项目: MaaBrownDust
2026-03-22 20:42:26 DEBUG [MAA] 获取 MaaFramework 版本...
2026-03-22 20:42:26 INFO  [App] 检查更新: MaaEnd并不是，但是#掉我怕有bug, 当前版本: v114514.0.0, 频道: stable
2026-03-22 20:42:26 INFO  [MAA] MaaFramework 版本: v5.7.0-alpha.2
2026-03-22 20:42:26 INFO  [MAA] 搜索 Win32 窗口, classRegex: UnityWndClass , windowRegex: BrownDust II
2026-03-22 20:42:26 INFO  [MAA] 找到 Win32 窗口: 0 个
2026-03-22 20:42:27 WARN  [App] https://mirrorchyan.com/api/resources 请求失败: {"message":"Failed to execute 'close' on 'ReadableStreamDefaultController': Unexpected token 'C', \"Cannot GET\"... is not valid JSON"}
2026-03-22 20:42:27 DEBUG [Config] 保存配置, 路径: D:/browndust 2/install/config/mxu-MaaBrownDust.json
2026-03-22 20:42:27 INFO  [Config] 配置保存成功
2026-03-22 20:42:27 WARN  [App] https://mirrorchyan.net/api/resources 请求失败: {"message":"Failed to execute 'close' on 'ReadableStreamDefaultController': Unexpected token 'C', \"Cannot GET\"... is not valid JSON"}
2026-03-22 20:42:27 ERROR [App] 检查更新失败: {"message":"Failed to execute 'close' on 'ReadableStreamDefaultController': Unexpected token 'C', \"Cannot GET\"... is not valid JSON"}
2026-03-22 20:42:44 INFO  [App] 加载 interface.json...
2026-03-22 20:42:44 INFO  [App] Tauri 环境，加载 interface.json
2026-03-22 20:42:44 INFO  [App] basePath (绝对路径): D:\browndust 2\install
2026-03-22 20:42:44 INFO  [App] 托盘事件监听已注册
2026-03-22 20:42:44 INFO  [App] dataPath (数据目录): D:\browndust 2\install
2026-03-22 20:42:44 INFO  [App] 处理 12 个导入文件...
2026-03-22 20:42:44 INFO  [App] 加载导入文件: tasks/StartGame.json
2026-03-22 20:42:44 INFO  [App] 合并了 1 个导入的 task
2026-03-22 20:42:44 INFO  [App] 加载导入文件: tasks/Draw.json
2026-03-22 20:42:44 INFO  [App] 合并了 1 个导入的 task
2026-03-22 20:42:44 INFO  [App] 加载导入文件: tasks/Sociaty.json
2026-03-22 20:42:44 INFO  [App] 合并了 1 个导入的 task
2026-03-22 20:42:44 INFO  [App] 加载导入文件: tasks/Operate.json
2026-03-22 20:42:44 INFO  [App] 合并了 1 个导入的 task
2026-03-22 20:42:44 INFO  [App] 加载导入文件: tasks/PVP.json
2026-03-22 20:42:44 INFO  [App] 合并了 1 个导入的 task
2026-03-22 20:42:44 INFO  [App] 加载导入文件: tasks/Square.json
2026-03-22 20:42:44 INFO  [App] 加载导入文件: tasks/HuntingArea.json
2026-03-22 20:42:44 INFO  [App] 合并了 1 个导入的 task
2026-03-22 20:42:44 INFO  [App] 合并了 1 个导入的 task
2026-03-22 20:42:44 INFO  [App] 合并了 1 个导入的 option
2026-03-22 20:42:44 INFO  [App] 加载导入文件: tasks/Bag.json
2026-03-22 20:42:44 INFO  [App] 合并了 1 个导入的 task
2026-03-22 20:42:44 INFO  [App] 加载导入文件: tasks/Misson.json
2026-03-22 20:42:44 INFO  [App] 合并了 1 个导入的 task
2026-03-22 20:42:44 INFO  [App] 加载导入文件: tasks/Passport.json
2026-03-22 20:42:44 INFO  [App] 合并了 1 个导入的 task
2026-03-22 20:42:44 INFO  [App] 加载导入文件: tasks/Mail.json
2026-03-22 20:42:44 INFO  [App] 合并了 1 个导入的 task
2026-03-22 20:42:44 INFO  [App] 加载导入文件: tasks/test.json
2026-03-22 20:42:44 INFO  [App] 合并了 1 个导入的 task
2026-03-22 20:42:44 INFO  [App] 平台过滤: 移除了 1 个不支持的控制器 (不支持的类型: PlayCover)
2026-03-22 20:42:44 DEBUG [Config] 加载配置, 路径: D:/browndust 2/install/config/mxu-MaaBrownDust.json
2026-03-22 20:42:44 INFO  [Config] 配置加载成功
2026-03-22 20:42:44 INFO  [App] 窗口图标已设置: D:\browndust 2\install/misc/MaaEnd-Tiny.png
2026-03-22 20:42:44 INFO  [App] 全局快捷键已注册: F10 F11
2026-03-22 20:42:44 INFO  [App] 已恢复后端状态: 0 个实例
2026-03-22 20:42:44 INFO  [MAA] 初始化 MaaFramework, libDir: (默认)
2026-03-22 20:42:44 DEBUG [MAA] 检查 MaaFramework 版本...
2026-03-22 20:42:44 INFO  [MAA] MaaFramework 版本: v5.7.0-alpha.2
2026-03-22 20:42:44 INFO  [MAA] 版本检查结果: {"current":"v5.7.0-alpha.2","minimum":"v5.5.0-beta.1","is_compatible":true}
2026-03-22 20:42:44 INFO  [App] 加载完成, 项目: MaaBrownDust
2026-03-22 20:42:44 DEBUG [MAA] 获取 MaaFramework 版本...
2026-03-22 20:42:44 INFO  [App] 检查更新: MaaEnd并不是，但是#掉我怕有bug, 当前版本: v114514.0.0, 频道: stable
2026-03-22 20:42:44 INFO  [MAA] MaaFramework 版本: v5.7.0-alpha.2
2026-03-22 20:42:44 INFO  [MAA] 搜索 Win32 窗口, classRegex: UnityWndClass , windowRegex: BrownDust II
2026-03-22 20:42:44 INFO  [MAA] 找到 Win32 窗口: 0 个
2026-03-22 20:42:44 WARN  [App] https://mirrorchyan.com/api/resources 请求失败: {"message":"Failed to execute 'close' on 'ReadableStreamDefaultController': Unexpected token 'C', \"Cannot GET\"... is not valid JSON"}
2026-03-22 20:42:44 DEBUG [Config] 保存配置, 路径: D:/browndust 2/install/config/mxu-MaaBrownDust.json
2026-03-22 20:42:44 INFO  [Config] 配置保存成功
2026-03-22 20:42:44 ERROR [App] 检查更新失败: {"message":"Failed to execute 'close' on 'ReadableStreamDefaultController': Unexpected token 'C', \"Cannot GET\"... is not valid JSON"}
2026-03-22 20:42:44 WARN  [App] https://mirrorchyan.net/api/resources 请求失败: {"message":"Failed to execute 'close' on 'ReadableStreamDefaultController': Unexpected token 'C', \"Cannot GET\"... is not valid JSON"}
2026-03-22 20:48:14 DEBUG [Config] 保存配置, 路径: D:/browndust 2/install/config/mxu-MaaBrownDust.json
2026-03-22 20:48:14 INFO  [Config] 配置保存成功
2026-03-22 20:49:02 DEBUG [Config] 保存配置, 路径: D:/browndust 2/install/config/mxu-MaaBrownDust.json
2026-03-22 20:49:02 INFO  [Config] 配置保存成功
2026-03-22 20:49:02 DEBUG [Config] 保存配置, 路径: D:/browndust 2/install/config/mxu-MaaBrownDust.json
2026-03-22 20:49:02 INFO  [Config] 配置保存成功
2026-03-22 20:49:04 DEBUG [Config] 保存配置, 路径: D:/browndust 2/install/config/mxu-MaaBrownDust.json
2026-03-22 20:49:04 INFO  [Config] 配置保存成功
2026-03-22 20:49:54 DEBUG [Config] 保存配置, 路径: D:/browndust 2/install/config/mxu-MaaBrownDust.json
2026-03-22 20:49:54 INFO  [Config] 配置保存成功
2026-03-22 20:50:36 INFO  [Task] 当前已是管理员权限
2026-03-22 20:50:36 DEBUG [MAA] 获取 MaaFramework 版本...
2026-03-22 20:50:36 INFO  [MAA] MaaFramework 版本: v5.7.0-alpha.2
2026-03-22 20:50:36 INFO  [MAA] 创建实例: illekb0
2026-03-22 20:50:36 INFO  [MAA] 创建实例成功: illekb0
2026-03-22 20:50:36 INFO  [Task] 实例 配置 1: 自动连接已保存的设备...
2026-03-22 20:50:36 INFO  [MAA] 搜索 Win32 窗口, classRegex: UnityWndClass , windowRegex: BrownDust II
2026-03-22 20:50:36 INFO  [MAA] 找到 Win32 窗口: 1 个
2026-03-22 20:50:36 INFO  [MAA] 连接控制器, 实例: illekb0 类型: Win32
2026-03-22 20:50:36 DEBUG [MAA] 控制器配置: {"type":"Win32","handle":460918,"screencap_method":2,"mouse_method":32,"keyboard_method":32}
2026-03-22 20:50:36 DEBUG [MAA]   窗口[0]: handle=460918, class=UnityWndClass, name=BrownDust II
2026-03-22 20:50:36 INFO  [MAA] 控制器连接请求已发送, ctrlId: 100000001
2026-03-22 20:50:36 INFO  [Task] 实例 配置 1: 加载资源...
2026-03-22 20:50:36 INFO  [MAA] 加载资源, 实例: illekb0 , 路径数: 1
2026-03-22 20:50:36 DEBUG [MAA]   路径[0]: D:\browndust 2\install/resource
2026-03-22 20:50:36 INFO  [MAA] 资源加载请求已发送, resIds: [100000001]
2026-03-22 20:50:37 INFO  [Task] 实例 配置 1: 开始执行任务, 数量: 11
2026-03-22 20:50:37 DEBUG [MAA]   任务[1]: entry=DrawFirst, pipelineOverride=[]
2026-03-22 20:50:37 DEBUG [MAA]   任务[0]: entry=StartGame, pipelineOverride=[]
2026-03-22 20:50:37 INFO  [MAA] 启动任务, 实例: illekb0 , 任务数: 11 , cwd: D:\browndust 2\install
2026-03-22 20:50:37 DEBUG [MAA]   任务[3]: entry=EnterOperating, pipelineOverride=[]
2026-03-22 20:50:37 DEBUG [MAA]   任务[2]: entry=InSociaty, pipelineOverride=[]
2026-03-22 20:50:37 DEBUG [MAA]   任务[4]: entry=EnterPVP, pipelineOverride=[]
2026-03-22 20:50:37 DEBUG [MAA]   任务[5]: entry=SquareStart, pipelineOverride=[]
2026-03-22 20:50:37 DEBUG [MAA]   任务[6]: entry=EnterHunt, pipelineOverride=[{"GetRock":{"next":["DarkRock","GetRock"]}}]
2026-03-22 20:50:37 DEBUG [MAA]   任务[9]: entry=EnterPassport, pipelineOverride=[]
2026-03-22 20:50:37 DEBUG [MAA]   任务[8]: entry=EnterMission, pipelineOverride=[]
2026-03-22 20:50:37 DEBUG [MAA]   任务[7]: entry=EnterBag, pipelineOverride=[]
2026-03-22 20:50:37 DEBUG [MAA]   任务[10]: entry=EnterMail, pipelineOverride=[]
2026-03-22 20:50:37 INFO  [MAA] Agent 配置: {"child_exec":"agent/go-service","child_args":[],"timeout":15000} , tcpCompatMode: false
2026-03-22 20:50:37 DEBUG [Config] 保存配置, 路径: D:/browndust 2/install/config/mxu-MaaBrownDust.json
2026-03-22 20:50:37 INFO  [Config] 配置保存成功
2026-03-22 20:50:37 INFO  [MAA] 任务已提交, taskIds: [200000001,200000002,200000003,200000004,200000005,200000006,200000007,200000008,200000009,200000010,200000011]
2026-03-22 20:50:37 INFO  [Task] 实例 配置 1: 任务已提交, task_ids: [200000001,200000002,200000003,200000004,200000005,200000006,200000007,200000008,200000009,200000010,200000011]
2026-03-22 20:51:11 INFO  [Task] 任务 1/11 完成
2026-03-22 20:52:17 INFO  [Task] 任务 2/11 完成
2026-03-22 20:52:33 INFO  [Task] 任务 3/11 完成
2026-03-22 20:53:07 INFO  [Task] 任务 4/11 完成
2026-03-22 20:53:41 ERROR [Task] 任务执行失败, task_id: 200000005
2026-03-22 20:53:49 INFO  [Task] 停止任务... illekb0
2026-03-22 20:53:50 INFO  [MAA] 停止任务, 实例: illekb0
2026-03-22 20:53:50 INFO  [MAA] 停止任务请求已发送
2026-03-22 20:53:50 INFO  [Task] 任务 6/11 完成
2026-03-22 20:53:50 INFO  [MAA] 停止 Agent, 实例: illekb0
2026-03-22 20:53:50 INFO  [MAA] 停止 Agent 成功
2026-03-22 20:53:51 DEBUG [Config] 保存配置, 路径: D:/browndust 2/install/config/mxu-MaaBrownDust.json
2026-03-22 20:53:51 INFO  [Config] 配置保存成功
2026-03-22 20:54:00 DEBUG [Config] 保存配置, 路径: D:/browndust 2/install/config/mxu-MaaBrownDust.json
2026-03-22 20:54:00 INFO  [Config] 配置保存成功
2026-03-22 20:54:32 DEBUG [Config] 保存配置, 路径: D:/browndust 2/install/config/mxu-MaaBrownDust.json
2026-03-22 20:54:32 INFO  [Config] 配置保存成功
2026-03-22 20:59:19 INFO  [App] 加载 interface.json...
2026-03-22 20:59:19 INFO  [App] Tauri 环境，加载 interface.json
2026-03-22 20:59:19 INFO  [App] basePath (绝对路径): D:\browndust 2\install
2026-03-22 20:59:19 INFO  [App] 托盘事件监听已注册
2026-03-22 20:59:19 INFO  [App] dataPath (数据目录): D:\browndust 2\install
2026-03-22 20:59:19 INFO  [App] 处理 12 个导入文件...
2026-03-22 20:59:19 INFO  [App] 加载导入文件: tasks/StartGame.json
2026-03-22 20:59:19 INFO  [App] 加载导入文件: tasks/Draw.json
2026-03-22 20:59:19 INFO  [App] 合并了 1 个导入的 task
2026-03-22 20:59:19 INFO  [App] 合并了 1 个导入的 task
2026-03-22 20:59:19 INFO  [App] 加载导入文件: tasks/Sociaty.json
2026-03-22 20:59:19 INFO  [App] 合并了 1 个导入的 task
2026-03-22 20:59:19 INFO  [App] 加载导入文件: tasks/Operate.json
2026-03-22 20:59:19 INFO  [App] 合并了 1 个导入的 task
2026-03-22 20:59:19 INFO  [App] 加载导入文件: tasks/PVP.json
2026-03-22 20:59:19 INFO  [App] 合并了 1 个导入的 task
2026-03-22 20:59:19 INFO  [App] 加载导入文件: tasks/Square.json
2026-03-22 20:59:19 INFO  [App] 合并了 1 个导入的 task
2026-03-22 20:59:19 INFO  [App] 加载导入文件: tasks/HuntingArea.json
2026-03-22 20:59:19 INFO  [App] 合并了 1 个导入的 task
2026-03-22 20:59:19 INFO  [App] 合并了 1 个导入的 option
2026-03-22 20:59:19 INFO  [App] 加载导入文件: tasks/Bag.json
2026-03-22 20:59:19 INFO  [App] 合并了 1 个导入的 task
2026-03-22 20:59:19 INFO  [App] 加载导入文件: tasks/Misson.json
2026-03-22 20:59:19 INFO  [App] 合并了 1 个导入的 task
2026-03-22 20:59:19 INFO  [App] 加载导入文件: tasks/Passport.json
2026-03-22 20:59:19 INFO  [App] 合并了 1 个导入的 task
2026-03-22 20:59:19 INFO  [App] 加载导入文件: tasks/Mail.json
2026-03-22 20:59:19 INFO  [App] 合并了 1 个导入的 task
2026-03-22 20:59:19 INFO  [App] 加载导入文件: tasks/test.json
2026-03-22 20:59:19 INFO  [App] 合并了 1 个导入的 task
2026-03-22 20:59:19 INFO  [App] 平台过滤: 移除了 1 个不支持的控制器 (不支持的类型: PlayCover)
2026-03-22 20:59:19 DEBUG [Config] 加载配置, 路径: D:/browndust 2/install/config/mxu-MaaBrownDust.json
2026-03-22 20:59:19 INFO  [Config] 配置加载成功
2026-03-22 20:59:19 WARN  [Config] 实例 "配置 1" 中有 1 个无效任务被移除: ["狩猎场"]
2026-03-22 20:59:19 INFO  [App] 窗口图标已设置: D:\browndust 2\install/misc/MaaEnd-Tiny.png
2026-03-22 20:59:19 INFO  [App] 全局快捷键已注册: F10 F11
2026-03-22 20:59:19 INFO  [MAA] 初始化 MaaFramework, libDir: (默认)
2026-03-22 20:59:19 INFO  [App] 已恢复后端状态: 0 个实例
2026-03-22 20:59:19 INFO  [MAA] MaaFramework 版本: v5.7.0-alpha.2
2026-03-22 20:59:19 DEBUG [MAA] 检查 MaaFramework 版本...
2026-03-22 20:59:19 INFO  [MAA] 版本检查结果: {"current":"v5.7.0-alpha.2","minimum":"v5.5.0-beta.1","is_compatible":true}
2026-03-22 20:59:19 INFO  [App] 加载完成, 项目: MaaBrownDust
2026-03-22 20:59:19 DEBUG [MAA] 获取 MaaFramework 版本...
2026-03-22 20:59:19 INFO  [App] 检查更新: MaaEnd并不是，但是#掉我怕有bug, 当前版本: v114514.0.0, 频道: stable
2026-03-22 20:59:19 INFO  [MAA] MaaFramework 版本: v5.7.0-alpha.2
2026-03-22 20:59:19 INFO  [MAA] 搜索 Win32 窗口, classRegex: UnityWndClass , windowRegex: BrownDust II
2026-03-22 20:59:19 DEBUG [MAA]   窗口[0]: handle=460918, class=UnityWndClass, name=BrownDust II
2026-03-22 20:59:19 INFO  [MAA] 找到 Win32 窗口: 1 个
2026-03-22 20:59:19 DEBUG [MAA] 获取 MaaFramework 版本...
2026-03-22 20:59:19 INFO  [MAA] 创建实例: illekb0
2026-03-22 20:59:19 INFO  [MAA] MaaFramework 版本: v5.7.0-alpha.2
2026-03-22 20:59:19 INFO  [MAA] 创建实例成功: illekb0
2026-03-22 20:59:19 INFO  [MAA] 连接控制器, 实例: illekb0 类型: Win32
2026-03-22 20:59:19 DEBUG [MAA] 控制器配置: {"type":"Win32","handle":460918,"screencap_method":2,"mouse_method":32,"keyboard_method":32}
2026-03-22 20:59:19 INFO  [MAA] 控制器连接请求已发送, ctrlId: 100000001
2026-03-22 20:59:19 WARN  [App] https://mirrorchyan.com/api/resources 请求失败: {"message":"Failed to execute 'close' on 'ReadableStreamDefaultController': Unexpected token 'C', \"Cannot GET\"... is not valid JSON"}
2026-03-22 20:59:19 DEBUG [Config] 保存配置, 路径: D:/browndust 2/install/config/mxu-MaaBrownDust.json
2026-03-22 20:59:20 INFO  [Config] 配置保存成功
2026-03-22 20:59:20 WARN  [App] https://mirrorchyan.net/api/resources 请求失败: {"message":"Failed to execute 'close' on 'ReadableStreamDefaultController': Unexpected token 'C', \"Cannot GET\"... is not valid JSON"}
2026-03-22 20:59:20 ERROR [App] 检查更新失败: {"message":"Failed to execute 'close' on 'ReadableStreamDefaultController': Unexpected token 'C', \"Cannot GET\"... is not valid JSON"}
2026-03-22 20:59:32 DEBUG [Config] 保存配置, 路径: D:/browndust 2/install/config/mxu-MaaBrownDust.json
2026-03-22 20:59:32 INFO  [Config] 配置保存成功
2026-03-22 20:59:38 DEBUG [Config] 保存配置, 路径: D:/browndust 2/install/config/mxu-MaaBrownDust.json
2026-03-22 20:59:38 INFO  [Config] 配置保存成功
2026-03-22 21:00:00 INFO  [Task] 定时检查: 周0 21:00
2026-03-22 21:01:12 DEBUG [Config] 保存配置, 路径: D:/browndust 2/install/config/mxu-MaaBrownDust.json
2026-03-22 21:01:12 INFO  [Config] 配置保存成功
2026-03-22 21:01:13 DEBUG [Config] 保存配置, 路径: D:/browndust 2/install/config/mxu-MaaBrownDust.json
2026-03-22 21:01:13 INFO  [Config] 配置保存成功
2026-03-22 21:01:13 INFO  [Task] 当前已是管理员权限
2026-03-22 21:01:13 DEBUG [MAA]   路径[0]: D:\browndust 2\install/resource
2026-03-22 21:01:13 INFO  [Task] 实例 配置 1: 加载资源...
2026-03-22 21:01:13 INFO  [MAA] 加载资源, 实例: illekb0 , 路径数: 1
2026-03-22 21:01:13 INFO  [MAA] 资源加载请求已发送, resIds: [100000001]
2026-03-22 21:01:14 INFO  [MAA] 启动任务, 实例: illekb0 , 任务数: 7 , cwd: D:\browndust 2\install
2026-03-22 21:01:14 DEBUG [MAA]   任务[1]: entry=SquareStart, pipelineOverride=[]
2026-03-22 21:01:14 INFO  [Task] 实例 配置 1: 开始执行任务, 数量: 7
2026-03-22 21:01:14 DEBUG [MAA]   任务[0]: entry=EnterPVP, pipelineOverride=[]
2026-03-22 21:01:14 DEBUG [MAA]   任务[2]: entry=EnterHunt, pipelineOverride=[{"GetRock":{"next":["FireRock","GetRock"]}}]
2026-03-22 21:01:14 DEBUG [MAA]   任务[5]: entry=EnterPassport, pipelineOverride=[]
2026-03-22 21:01:14 DEBUG [MAA]   任务[3]: entry=EnterBag, pipelineOverride=[]
2026-03-22 21:01:14 DEBUG [MAA]   任务[4]: entry=EnterMission, pipelineOverride=[]
2026-03-22 21:01:14 INFO  [MAA] Agent 配置: {"child_exec":"agent/go-service","child_args":[],"timeout":15000} , tcpCompatMode: false
2026-03-22 21:01:14 DEBUG [MAA]   任务[6]: entry=EnterMail, pipelineOverride=[]
2026-03-22 21:01:14 INFO  [MAA] 任务已提交, taskIds: [200000001,200000002,200000003,200000004,200000005,200000006,200000007]
2026-03-22 21:01:14 INFO  [Task] 实例 配置 1: 任务已提交, task_ids: [200000001,200000002,200000003,200000004,200000005,200000006,200000007]
2026-03-22 21:01:14 DEBUG [Config] 保存配置, 路径: D:/browndust 2/install/config/mxu-MaaBrownDust.json
2026-03-22 21:01:14 INFO  [Config] 配置保存成功
2026-03-22 21:01:24 INFO  [Task] 停止任务... illekb0
2026-03-22 21:01:24 INFO  [MAA] 停止任务请求已发送
2026-03-22 21:01:24 INFO  [MAA] 停止任务, 实例: illekb0
2026-03-22 21:01:25 INFO  [Task] 任务 1/7 完成
2026-03-22 21:01:25 INFO  [MAA] 停止 Agent, 实例: illekb0
2026-03-22 21:01:25 INFO  [MAA] 停止 Agent 成功
2026-03-22 21:01:25 DEBUG [Config] 保存配置, 路径: D:/browndust 2/install/config/mxu-MaaBrownDust.json
2026-03-22 21:01:25 INFO  [Config] 配置保存成功
2026-03-22 21:01:26 DEBUG [Config] 保存配置, 路径: D:/browndust 2/install/config/mxu-MaaBrownDust.json
2026-03-22 21:01:26 INFO  [Config] 配置保存成功
2026-03-22 21:05:43 DEBUG [MAA]   任务[0]: entry=EnterPVP, pipelineOverride=[]
2026-03-22 21:05:43 INFO  [MAA] 启动任务, 实例: illekb0 , 任务数: 7 , cwd: D:\browndust 2\install
2026-03-22 21:05:43 INFO  [Task] 当前已是管理员权限
2026-03-22 21:05:43 INFO  [Task] 实例 配置 1: 开始执行任务, 数量: 7
2026-03-22 21:05:43 DEBUG [MAA]   任务[1]: entry=SquareStart, pipelineOverride=[]
2026-03-22 21:05:43 DEBUG [MAA]   任务[2]: entry=EnterHunt, pipelineOverride=[{"GetRock":{"next":["FireRock","GetRock"]}}]
2026-03-22 21:05:43 DEBUG [MAA]   任务[3]: entry=EnterBag, pipelineOverride=[]
2026-03-22 21:05:43 DEBUG [MAA]   任务[5]: entry=EnterPassport, pipelineOverride=[]
2026-03-22 21:05:43 DEBUG [MAA]   任务[4]: entry=EnterMission, pipelineOverride=[]
2026-03-22 21:05:43 DEBUG [MAA]   任务[6]: entry=EnterMail, pipelineOverride=[]
2026-03-22 21:05:43 INFO  [MAA] Agent 配置: {"child_exec":"agent/go-service","child_args":[],"timeout":15000} , tcpCompatMode: false
2026-03-22 21:05:43 INFO  [Task] 实例 配置 1: 任务已提交, task_ids: [200000009,200000010,200000011,200000012,200000013,200000014,200000015]
2026-03-22 21:05:43 INFO  [MAA] 任务已提交, taskIds: [200000009,200000010,200000011,200000012,200000013,200000014,200000015]
2026-03-22 21:05:44 DEBUG [Config] 保存配置, 路径: D:/browndust 2/install/config/mxu-MaaBrownDust.json
2026-03-22 21:05:44 INFO  [Config] 配置保存成功
2026-03-22 21:05:52 INFO  [Task] 停止任务... illekb0
2026-03-22 21:05:52 INFO  [MAA] 停止任务, 实例: illekb0
2026-03-22 21:05:52 INFO  [MAA] 停止任务请求已发送
2026-03-22 21:05:52 INFO  [Task] 任务 1/7 完成
2026-03-22 21:05:52 INFO  [MAA] 停止 Agent, 实例: illekb0
2026-03-22 21:05:52 INFO  [MAA] 停止 Agent 成功
2026-03-22 21:05:53 DEBUG [Config] 保存配置, 路径: D:/browndust 2/install/config/mxu-MaaBrownDust.json
2026-03-22 21:05:53 INFO  [Config] 配置保存成功
2026-03-22 21:06:09 DEBUG [Config] 保存配置, 路径: D:/browndust 2/install/config/mxu-MaaBrownDust.json
2026-03-22 21:06:09 INFO  [Config] 配置保存成功
2026-03-22 21:06:10 INFO  [Task] 当前已是管理员权限
2026-03-22 21:06:10 INFO  [Task] 实例 配置 1: 开始执行任务, 数量: 7
2026-03-22 21:06:10 DEBUG [MAA]   任务[3]: entry=EnterBag, pipelineOverride=[]
2026-03-22 21:06:10 DEBUG [MAA]   任务[0]: entry=EnterPVP, pipelineOverride=[]
2026-03-22 21:06:10 DEBUG [MAA]   任务[4]: entry=EnterMission, pipelineOverride=[]
2026-03-22 21:06:10 DEBUG [MAA]   任务[1]: entry=SquareStart, pipelineOverride=[]
2026-03-22 21:06:10 DEBUG [MAA]   任务[5]: entry=EnterPassport, pipelineOverride=[]
2026-03-22 21:06:10 DEBUG [MAA]   任务[6]: entry=EnterMail, pipelineOverride=[]
2026-03-22 21:06:10 DEBUG [MAA]   任务[2]: entry=EnterHunt, pipelineOverride=[{"GetRock":{"next":["FireRock","GetRock"]}}]
2026-03-22 21:06:10 INFO  [MAA] 启动任务, 实例: illekb0 , 任务数: 7 , cwd: D:\browndust 2\install
2026-03-22 21:06:10 INFO  [MAA] Agent 配置: {"child_exec":"agent/go-service","child_args":[],"timeout":15000} , tcpCompatMode: false
2026-03-22 21:06:10 INFO  [MAA] 任务已提交, taskIds: [200000017,200000018,200000019,200000020,200000021,200000022,200000023]
2026-03-22 21:06:10 INFO  [Task] 实例 配置 1: 任务已提交, task_ids: [200000017,200000018,200000019,200000020,200000021,200000022,200000023]
2026-03-22 21:06:10 DEBUG [Config] 保存配置, 路径: D:/browndust 2/install/config/mxu-MaaBrownDust.json
2026-03-22 21:06:10 INFO  [Config] 配置保存成功
2026-03-22 21:06:14 INFO  [MAA] 停止任务, 实例: illekb0
2026-03-22 21:06:14 INFO  [Task] 停止任务... illekb0
2026-03-22 21:06:14 INFO  [MAA] 停止任务请求已发送
2026-03-22 21:06:15 INFO  [Task] 任务 1/7 完成
2026-03-22 21:06:15 INFO  [MAA] 停止 Agent, 实例: illekb0
2026-03-22 21:06:15 INFO  [MAA] 停止 Agent 成功
2026-03-22 21:06:15 DEBUG [Config] 保存配置, 路径: D:/browndust 2/install/config/mxu-MaaBrownDust.json
2026-03-22 21:06:15 INFO  [Config] 配置保存成功
2026-03-22 21:06:24 INFO  [App] 加载 interface.json...
2026-03-22 21:06:24 INFO  [App] Tauri 环境，加载 interface.json
2026-03-22 21:06:24 INFO  [App] basePath (绝对路径): D:\browndust 2\install
2026-03-22 21:06:24 INFO  [App] 托盘事件监听已注册
2026-03-22 21:06:24 INFO  [App] dataPath (数据目录): D:\browndust 2\install
2026-03-22 21:06:25 INFO  [App] 处理 12 个导入文件...
2026-03-22 21:06:25 INFO  [App] 加载导入文件: tasks/StartGame.json
2026-03-22 21:06:25 INFO  [App] 合并了 1 个导入的 task
2026-03-22 21:06:25 INFO  [App] 加载导入文件: tasks/Draw.json
2026-03-22 21:06:25 INFO  [App] 合并了 1 个导入的 task
2026-03-22 21:06:25 INFO  [App] 加载导入文件: tasks/Sociaty.json
2026-03-22 21:06:25 INFO  [App] 合并了 1 个导入的 task
2026-03-22 21:06:25 INFO  [App] 加载导入文件: tasks/Operate.json
2026-03-22 21:06:25 INFO  [App] 合并了 1 个导入的 task
2026-03-22 21:06:25 INFO  [App] 加载导入文件: tasks/PVP.json
2026-03-22 21:06:25 INFO  [App] 合并了 1 个导入的 task
2026-03-22 21:06:25 INFO  [App] 加载导入文件: tasks/Square.json
2026-03-22 21:06:25 INFO  [App] 加载导入文件: tasks/HuntingArea.json
2026-03-22 21:06:25 INFO  [App] 合并了 1 个导入的 task
2026-03-22 21:06:25 INFO  [App] 合并了 1 个导入的 task
2026-03-22 21:06:25 INFO  [App] 合并了 1 个导入的 option
2026-03-22 21:06:25 INFO  [App] 加载导入文件: tasks/Bag.json
2026-03-22 21:06:25 INFO  [App] 加载导入文件: tasks/Misson.json
2026-03-22 21:06:25 INFO  [App] 合并了 1 个导入的 task
2026-03-22 21:06:25 INFO  [App] 合并了 1 个导入的 task
2026-03-22 21:06:25 INFO  [App] 加载导入文件: tasks/Passport.json
2026-03-22 21:06:25 INFO  [App] 合并了 1 个导入的 task
2026-03-22 21:06:25 INFO  [App] 加载导入文件: tasks/Mail.json
2026-03-22 21:06:25 INFO  [App] 加载导入文件: tasks/test.json
2026-03-22 21:06:25 INFO  [App] 合并了 1 个导入的 task
2026-03-22 21:06:25 INFO  [App] 合并了 1 个导入的 task
2026-03-22 21:06:25 INFO  [App] 平台过滤: 移除了 1 个不支持的控制器 (不支持的类型: PlayCover)
2026-03-22 21:06:25 DEBUG [Config] 加载配置, 路径: D:/browndust 2/install/config/mxu-MaaBrownDust.json
2026-03-22 21:06:25 INFO  [App] 窗口图标已设置: D:\browndust 2\install/misc/MaaEnd-Tiny.png
2026-03-22 21:06:25 INFO  [Config] 配置加载成功
2026-03-22 21:06:25 INFO  [App] 全局快捷键已注册: F10 F11
2026-03-22 21:06:25 INFO  [MAA] 初始化 MaaFramework, libDir: (默认)
2026-03-22 21:06:25 INFO  [App] 已恢复后端状态: 0 个实例
2026-03-22 21:06:25 DEBUG [MAA] 检查 MaaFramework 版本...
2026-03-22 21:06:25 INFO  [MAA] MaaFramework 版本: v5.7.0-alpha.2
2026-03-22 21:06:25 INFO  [MAA] 版本检查结果: {"current":"v5.7.0-alpha.2","minimum":"v5.5.0-beta.1","is_compatible":true}
2026-03-22 21:06:25 INFO  [App] 加载完成, 项目: MaaBrownDust
2026-03-22 21:06:25 DEBUG [MAA] 获取 MaaFramework 版本...
2026-03-22 21:06:25 INFO  [App] 检查更新: MaaEnd并不是，但是#掉我怕有bug, 当前版本: v114514.0.0, 频道: stable
2026-03-22 21:06:25 INFO  [MAA] 搜索 Win32 窗口, classRegex: UnityWndClass , windowRegex: BrownDust II
2026-03-22 21:06:25 INFO  [MAA] MaaFramework 版本: v5.7.0-alpha.2
2026-03-22 21:06:25 INFO  [MAA] 找到 Win32 窗口: 1 个
2026-03-22 21:06:25 DEBUG [MAA]   窗口[0]: handle=460918, class=UnityWndClass, name=BrownDust II
2026-03-22 21:06:25 DEBUG [MAA] 获取 MaaFramework 版本...
2026-03-22 21:06:25 INFO  [MAA] MaaFramework 版本: v5.7.0-alpha.2
2026-03-22 21:06:25 INFO  [MAA] 创建实例: illekb0
2026-03-22 21:06:25 INFO  [MAA] 创建实例成功: illekb0
2026-03-22 21:06:25 INFO  [MAA] 连接控制器, 实例: illekb0 类型: Win32
2026-03-22 21:06:25 DEBUG [MAA] 控制器配置: {"type":"Win32","handle":460918,"screencap_method":2,"mouse_method":32,"keyboard_method":32}
2026-03-22 21:06:25 INFO  [MAA] 控制器连接请求已发送, ctrlId: 100000001
2026-03-22 21:06:25 WARN  [App] https://mirrorchyan.com/api/resources 请求失败: {"message":"Failed to execute 'close' on 'ReadableStreamDefaultController': Unexpected token 'C', \"Cannot GET\"... is not valid JSON"}
2026-03-22 21:06:25 DEBUG [Config] 保存配置, 路径: D:/browndust 2/install/config/mxu-MaaBrownDust.json
2026-03-22 21:06:25 INFO  [Config] 配置保存成功
2026-03-22 21:06:25 WARN  [App] https://mirrorchyan.net/api/resources 请求失败: {"message":"Failed to execute 'close' on 'ReadableStreamDefaultController': Unexpected token 'C', \"Cannot GET\"... is not valid JSON"}
2026-03-22 21:06:25 ERROR [App] 检查更新失败: {"message":"Failed to execute 'close' on 'ReadableStreamDefaultController': Unexpected token 'C', \"Cannot GET\"... is not valid JSON"}
2026-03-22 21:06:27 INFO  [Task] 当前已是管理员权限
2026-03-22 21:06:27 INFO  [Task] 实例 配置 1: 加载资源...
2026-03-22 21:06:27 INFO  [MAA] 加载资源, 实例: illekb0 , 路径数: 1
2026-03-22 21:06:27 DEBUG [MAA]   路径[0]: D:\browndust 2\install/resource
2026-03-22 21:06:27 INFO  [MAA] 资源加载请求已发送, resIds: [100000001]
2026-03-22 21:06:27 INFO  [MAA] 启动任务, 实例: illekb0 , 任务数: 7 , cwd: D:\browndust 2\install
2026-03-22 21:06:27 INFO  [Task] 实例 配置 1: 开始执行任务, 数量: 7
2026-03-22 21:06:27 DEBUG [MAA]   任务[1]: entry=SquareStart, pipelineOverride=[]
2026-03-22 21:06:27 DEBUG [MAA]   任务[0]: entry=ToPVP, pipelineOverride=[]
2026-03-22 21:06:27 DEBUG [MAA]   任务[2]: entry=EnterHunt, pipelineOverride=[{"GetRock":{"next":["FireRock","GetRock"]}}]
2026-03-22 21:06:27 DEBUG [MAA]   任务[3]: entry=EnterBag, pipelineOverride=[]
2026-03-22 21:06:27 DEBUG [MAA]   任务[4]: entry=EnterMission, pipelineOverride=[]
2026-03-22 21:06:27 DEBUG [MAA]   任务[5]: entry=EnterPassport, pipelineOverride=[]
2026-03-22 21:06:27 INFO  [MAA] Agent 配置: {"child_exec":"agent/go-service","child_args":[],"timeout":15000} , tcpCompatMode: false
2026-03-22 21:06:27 DEBUG [MAA]   任务[6]: entry=EnterMail, pipelineOverride=[]
2026-03-22 21:06:27 INFO  [MAA] 任务已提交, taskIds: [200000001,200000002,200000003,200000004,200000005,200000006,200000007]
2026-03-22 21:06:27 INFO  [Task] 实例 配置 1: 任务已提交, task_ids: [200000001,200000002,200000003,200000004,200000005,200000006,200000007]
2026-03-22 21:06:27 DEBUG [Config] 保存配置, 路径: D:/browndust 2/install/config/mxu-MaaBrownDust.json
2026-03-22 21:06:27 INFO  [Config] 配置保存成功
2026-03-22 21:08:14 ERROR [Task] 任务执行失败, task_id: 200000001
2026-03-22 21:08:15 DEBUG [Config] 保存配置, 路径: D:/browndust 2/install/config/mxu-MaaBrownDust.json
2026-03-22 21:08:15 INFO  [Config] 配置保存成功
2026-03-22 21:08:15 INFO  [MAA] 停止任务, 实例: illekb0
2026-03-22 21:08:15 INFO  [Task] 停止任务... illekb0
2026-03-22 21:08:15 INFO  [MAA] 停止任务请求已发送
2026-03-22 21:08:16 INFO  [Task] 任务 2/7 完成
2026-03-22 21:08:16 INFO  [MAA] 停止 Agent, 实例: illekb0
2026-03-22 21:08:16 INFO  [MAA] 停止 Agent 成功
2026-03-22 21:08:16 DEBUG [Config] 保存配置, 路径: D:/browndust 2/install/config/mxu-MaaBrownDust.json
2026-03-22 21:08:16 INFO  [Config] 配置保存成功
2026-03-22 21:09:16 INFO  [App] 加载 interface.json...
2026-03-22 21:09:16 INFO  [App] Tauri 环境，加载 interface.json
2026-03-22 21:09:16 INFO  [App] basePath (绝对路径): D:\browndust 2\install
2026-03-22 21:09:16 INFO  [App] 托盘事件监听已注册
2026-03-22 21:09:16 INFO  [App] dataPath (数据目录): D:\browndust 2\install
2026-03-22 21:09:16 INFO  [App] 处理 12 个导入文件...
2026-03-22 21:09:16 INFO  [App] 加载导入文件: tasks/StartGame.json
2026-03-22 21:09:16 INFO  [App] 合并了 1 个导入的 task
2026-03-22 21:09:16 INFO  [App] 加载导入文件: tasks/Draw.json
2026-03-22 21:09:16 INFO  [App] 合并了 1 个导入的 task
2026-03-22 21:09:16 INFO  [App] 加载导入文件: tasks/Sociaty.json
2026-03-22 21:09:16 INFO  [App] 合并了 1 个导入的 task
2026-03-22 21:09:16 INFO  [App] 加载导入文件: tasks/Operate.json
2026-03-22 21:09:16 INFO  [App] 合并了 1 个导入的 task
2026-03-22 21:09:16 INFO  [App] 加载导入文件: tasks/PVP.json
2026-03-22 21:09:16 INFO  [App] 合并了 1 个导入的 task
2026-03-22 21:09:16 INFO  [App] 加载导入文件: tasks/Square.json
2026-03-22 21:09:16 INFO  [App] 加载导入文件: tasks/HuntingArea.json
2026-03-22 21:09:16 INFO  [App] 合并了 1 个导入的 task
2026-03-22 21:09:16 INFO  [App] 合并了 1 个导入的 task
2026-03-22 21:09:16 INFO  [App] 合并了 1 个导入的 option
2026-03-22 21:09:16 INFO  [App] 加载导入文件: tasks/Bag.json
2026-03-22 21:09:16 INFO  [App] 合并了 1 个导入的 task
2026-03-22 21:09:16 INFO  [App] 加载导入文件: tasks/Misson.json
2026-03-22 21:09:16 INFO  [App] 合并了 1 个导入的 task
2026-03-22 21:09:16 INFO  [App] 加载导入文件: tasks/Passport.json
2026-03-22 21:09:16 INFO  [App] 加载导入文件: tasks/Mail.json
2026-03-22 21:09:16 INFO  [App] 合并了 1 个导入的 task
2026-03-22 21:09:16 INFO  [App] 合并了 1 个导入的 task
2026-03-22 21:09:16 INFO  [App] 加载导入文件: tasks/test.json
2026-03-22 21:09:16 INFO  [App] 合并了 1 个导入的 task
2026-03-22 21:09:16 INFO  [App] 平台过滤: 移除了 1 个不支持的控制器 (不支持的类型: PlayCover)
2026-03-22 21:09:16 DEBUG [Config] 加载配置, 路径: D:/browndust 2/install/config/mxu-MaaBrownDust.json
2026-03-22 21:09:16 INFO  [App] 窗口图标已设置: D:\browndust 2\install/misc/MaaEnd-Tiny.png
2026-03-22 21:09:16 INFO  [Config] 配置加载成功
2026-03-22 21:09:16 INFO  [App] 全局快捷键已注册: F10 F11
2026-03-22 21:09:16 INFO  [App] 已恢复后端状态: 0 个实例
2026-03-22 21:09:16 INFO  [MAA] 初始化 MaaFramework, libDir: (默认)
2026-03-22 21:09:16 INFO  [MAA] MaaFramework 版本: v5.7.0-alpha.2
2026-03-22 21:09:16 DEBUG [MAA] 检查 MaaFramework 版本...
2026-03-22 21:09:16 INFO  [MAA] 版本检查结果: {"current":"v5.7.0-alpha.2","minimum":"v5.5.0-beta.1","is_compatible":true}
2026-03-22 21:09:16 INFO  [App] 加载完成, 项目: MaaBrownDust
2026-03-22 21:09:17 DEBUG [MAA] 获取 MaaFramework 版本...
2026-03-22 21:09:17 INFO  [App] 检查更新: MaaEnd并不是，但是#掉我怕有bug, 当前版本: v114514.0.0, 频道: stable
2026-03-22 21:09:17 INFO  [MAA] MaaFramework 版本: v5.7.0-alpha.2
2026-03-22 21:09:17 INFO  [MAA] 搜索 Win32 窗口, classRegex: UnityWndClass , windowRegex: BrownDust II
2026-03-22 21:09:17 DEBUG [MAA]   窗口[0]: handle=460918, class=UnityWndClass, name=BrownDust II
2026-03-22 21:09:17 INFO  [MAA] 找到 Win32 窗口: 1 个
2026-03-22 21:09:17 DEBUG [MAA] 获取 MaaFramework 版本...
2026-03-22 21:09:17 INFO  [MAA] 创建实例: illekb0
2026-03-22 21:09:17 INFO  [MAA] MaaFramework 版本: v5.7.0-alpha.2
2026-03-22 21:09:17 INFO  [MAA] 连接控制器, 实例: illekb0 类型: Win32
2026-03-22 21:09:17 INFO  [MAA] 创建实例成功: illekb0
2026-03-22 21:09:17 DEBUG [MAA] 控制器配置: {"type":"Win32","handle":460918,"screencap_method":2,"mouse_method":32,"keyboard_method":32}
2026-03-22 21:09:17 INFO  [MAA] 控制器连接请求已发送, ctrlId: 100000001
2026-03-22 21:09:17 WARN  [App] https://mirrorchyan.com/api/resources 请求失败: {"message":"Failed to execute 'close' on 'ReadableStreamDefaultController': Unexpected token 'C', \"Cannot GET\"... is not valid JSON"}
2026-03-22 21:09:17 DEBUG [Config] 保存配置, 路径: D:/browndust 2/install/config/mxu-MaaBrownDust.json
2026-03-22 21:09:17 INFO  [Config] 配置保存成功
2026-03-22 21:09:17 WARN  [App] https://mirrorchyan.net/api/resources 请求失败: {"message":"Failed to execute 'close' on 'ReadableStreamDefaultController': Unexpected token 'C', \"Cannot GET\"... is not valid JSON"}
2026-03-22 21:09:17 ERROR [App] 检查更新失败: {"message":"Failed to execute 'close' on 'ReadableStreamDefaultController': Unexpected token 'C', \"Cannot GET\"... is not valid JSON"}
2026-03-22 21:09:18 DEBUG [MAA] 获取 MaaFramework 版本...
2026-03-22 21:09:18 INFO  [MAA] MaaFramework 版本: v5.7.0-alpha.2
2026-03-22 21:09:18 INFO  [MAA] 搜索 Win32 窗口, classRegex: UnityWndClass , windowRegex: BrownDust II
2026-03-22 21:09:18 INFO  [MAA] 找到 Win32 窗口: 1 个
2026-03-22 21:09:18 DEBUG [MAA]   窗口[0]: handle=460918, class=UnityWndClass, name=BrownDust II
2026-03-22 21:09:18 DEBUG [MAA] 获取 MaaFramework 版本...
2026-03-22 21:09:18 INFO  [MAA] MaaFramework 版本: v5.7.0-alpha.2
2026-03-22 21:09:18 INFO  [MAA] 创建实例: ehkudb0
2026-03-22 21:09:18 INFO  [MAA] 创建实例成功: ehkudb0
2026-03-22 21:09:18 INFO  [MAA] 连接控制器, 实例: ehkudb0 类型: Win32
2026-03-22 21:09:18 DEBUG [MAA] 控制器配置: {"type":"Win32","handle":460918,"screencap_method":2,"mouse_method":32,"keyboard_method":32}
2026-03-22 21:09:18 INFO  [MAA] 控制器连接请求已发送, ctrlId: 100000002
2026-03-22 21:09:18 DEBUG [Config] 保存配置, 路径: D:/browndust 2/install/config/mxu-MaaBrownDust.json
2026-03-22 21:09:18 INFO  [Config] 配置保存成功
2026-03-22 21:09:21 INFO  [Task] 当前已是管理员权限
2026-03-22 21:09:21 DEBUG [MAA]   路径[0]: D:\browndust 2\install/resource
2026-03-22 21:09:21 INFO  [Task] 实例 配置 2: 加载资源...
2026-03-22 21:09:21 INFO  [MAA] 加载资源, 实例: ehkudb0 , 路径数: 1
2026-03-22 21:09:21 INFO  [MAA] 资源加载请求已发送, resIds: [100000001]
2026-03-22 21:09:21 INFO  [Task] 实例 配置 2: 开始执行任务, 数量: 1
2026-03-22 21:09:21 INFO  [MAA] Agent 配置: {"child_exec":"agent/go-service","child_args":[],"timeout":15000} , tcpCompatMode: false
2026-03-22 21:09:21 INFO  [MAA] 启动任务, 实例: ehkudb0 , 任务数: 1 , cwd: D:\browndust 2\install
2026-03-22 21:09:21 DEBUG [MAA]   任务[0]: entry=GoOut, pipelineOverride=[]
2026-03-22 21:09:21 INFO  [MAA] 任务已提交, taskIds: [200000001]
2026-03-22 21:09:21 INFO  [Task] 实例 配置 2: 任务已提交, task_ids: [200000001]
2026-03-22 21:09:22 DEBUG [Config] 保存配置, 路径: D:/browndust 2/install/config/mxu-MaaBrownDust.json
2026-03-22 21:09:22 INFO  [Config] 配置保存成功
2026-03-22 21:09:29 INFO  [MAA] 停止任务, 实例: ehkudb0
2026-03-22 21:09:29 INFO  [Task] 停止任务... ehkudb0
2026-03-22 21:09:29 INFO  [MAA] 停止任务请求已发送
2026-03-22 21:09:29 INFO  [Task] 所有任务执行完成
2026-03-22 21:09:29 INFO  [MAA] 停止 Agent, 实例: ehkudb0
2026-03-22 21:09:29 INFO  [Task] 任务 1/1 完成
2026-03-22 21:09:29 INFO  [MAA] 停止 Agent 成功
2026-03-22 21:09:29 INFO  [MAA] 停止 Agent, 实例: ehkudb0
2026-03-22 21:09:29 INFO  [MAA] 停止 Agent 成功
2026-03-22 21:09:30 DEBUG [Config] 保存配置, 路径: D:/browndust 2/install/config/mxu-MaaBrownDust.json
2026-03-22 21:09:30 INFO  [Config] 配置保存成功
2026-03-22 21:09:35 DEBUG [Config] 保存配置, 路径: D:/browndust 2/install/config/mxu-MaaBrownDust.json
2026-03-22 21:09:35 INFO  [Config] 配置保存成功
2026-03-22 21:11:08 INFO  [Task] 当前已是管理员权限
2026-03-22 21:11:08 INFO  [Task] 实例 配置 2: 开始执行任务, 数量: 1
2026-03-22 21:11:08 INFO  [MAA] Agent 配置: {"child_exec":"agent/go-service","child_args":[],"timeout":15000} , tcpCompatMode: false
2026-03-22 21:11:08 INFO  [MAA] 启动任务, 实例: ehkudb0 , 任务数: 1 , cwd: D:\browndust 2\install
2026-03-22 21:11:08 DEBUG [MAA]   任务[0]: entry=GoOut, pipelineOverride=[]
2026-03-22 21:11:08 INFO  [MAA] 任务已提交, taskIds: [200000003]
2026-03-22 21:11:08 INFO  [Task] 实例 配置 2: 任务已提交, task_ids: [200000003]
2026-03-22 21:11:08 DEBUG [Config] 保存配置, 路径: D:/browndust 2/install/config/mxu-MaaBrownDust.json
2026-03-22 21:11:08 INFO  [Config] 配置保存成功
2026-03-22 21:11:12 INFO  [Task] 停止任务... ehkudb0
2026-03-22 21:11:12 INFO  [MAA] 停止任务, 实例: ehkudb0
2026-03-22 21:11:12 INFO  [MAA] 停止任务请求已发送
2026-03-22 21:11:12 INFO  [Task] 所有任务执行完成
2026-03-22 21:11:12 INFO  [MAA] 停止 Agent, 实例: ehkudb0
2026-03-22 21:11:12 INFO  [Task] 任务 1/1 完成
2026-03-22 21:11:12 INFO  [MAA] 停止 Agent 成功
2026-03-22 21:11:12 INFO  [MAA] 停止 Agent, 实例: ehkudb0
2026-03-22 21:11:12 INFO  [MAA] 停止 Agent 成功
2026-03-22 21:11:12 DEBUG [Config] 保存配置, 路径: D:/browndust 2/install/config/mxu-MaaBrownDust.json
2026-03-22 21:11:12 INFO  [Config] 配置保存成功
2026-03-22 21:11:17 INFO  [App] 加载 interface.json...
2026-03-22 21:11:17 INFO  [App] Tauri 环境，加载 interface.json
2026-03-22 21:11:17 INFO  [App] basePath (绝对路径): D:\browndust 2\install
2026-03-22 21:11:17 INFO  [App] 托盘事件监听已注册
2026-03-22 21:11:17 INFO  [App] dataPath (数据目录): D:\browndust 2\install
2026-03-22 21:11:17 INFO  [App] 加载导入文件: tasks/StartGame.json
2026-03-22 21:11:17 INFO  [App] 处理 12 个导入文件...
2026-03-22 21:11:17 INFO  [App] 合并了 1 个导入的 task
2026-03-22 21:11:17 INFO  [App] 加载导入文件: tasks/Draw.json
2026-03-22 21:11:17 INFO  [App] 合并了 1 个导入的 task
2026-03-22 21:11:17 INFO  [App] 加载导入文件: tasks/Sociaty.json
2026-03-22 21:11:17 INFO  [App] 合并了 1 个导入的 task
2026-03-22 21:11:17 INFO  [App] 加载导入文件: tasks/Operate.json
2026-03-22 21:11:17 INFO  [App] 合并了 1 个导入的 task
2026-03-22 21:11:17 INFO  [App] 加载导入文件: tasks/PVP.json
2026-03-22 21:11:17 INFO  [App] 合并了 1 个导入的 task
2026-03-22 21:11:17 INFO  [App] 加载导入文件: tasks/Square.json
2026-03-22 21:11:17 INFO  [App] 合并了 1 个导入的 task
2026-03-22 21:11:17 INFO  [App] 加载导入文件: tasks/HuntingArea.json
2026-03-22 21:11:17 INFO  [App] 合并了 1 个导入的 task
2026-03-22 21:11:17 INFO  [App] 加载导入文件: tasks/Bag.json
2026-03-22 21:11:17 INFO  [App] 合并了 1 个导入的 option
2026-03-22 21:11:17 INFO  [App] 合并了 1 个导入的 task
2026-03-22 21:11:17 INFO  [App] 加载导入文件: tasks/Misson.json
2026-03-22 21:11:17 INFO  [App] 加载导入文件: tasks/Passport.json
2026-03-22 21:11:17 INFO  [App] 合并了 1 个导入的 task
2026-03-22 21:11:17 INFO  [App] 合并了 1 个导入的 task
2026-03-22 21:11:17 INFO  [App] 加载导入文件: tasks/Mail.json
2026-03-22 21:11:17 INFO  [App] 合并了 1 个导入的 task
2026-03-22 21:11:17 INFO  [App] 加载导入文件: tasks/test.json
2026-03-22 21:11:17 INFO  [App] 合并了 1 个导入的 task
2026-03-22 21:11:17 INFO  [App] 平台过滤: 移除了 1 个不支持的控制器 (不支持的类型: PlayCover)
2026-03-22 21:11:17 DEBUG [Config] 加载配置, 路径: D:/browndust 2/install/config/mxu-MaaBrownDust.json
2026-03-22 21:11:17 INFO  [Config] 配置加载成功
2026-03-22 21:11:17 INFO  [App] 窗口图标已设置: D:\browndust 2\install/misc/MaaEnd-Tiny.png
2026-03-22 21:11:17 INFO  [App] 全局快捷键已注册: F10 F11
2026-03-22 21:11:17 INFO  [MAA] 初始化 MaaFramework, libDir: (默认)
2026-03-22 21:11:17 INFO  [App] 已恢复后端状态: 0 个实例
2026-03-22 21:11:17 INFO  [MAA] MaaFramework 版本: v5.7.0-alpha.2
2026-03-22 21:11:17 DEBUG [MAA] 检查 MaaFramework 版本...
2026-03-22 21:11:17 INFO  [App] 加载完成, 项目: MaaBrownDust
2026-03-22 21:11:17 INFO  [MAA] 版本检查结果: {"current":"v5.7.0-alpha.2","minimum":"v5.5.0-beta.1","is_compatible":true}
2026-03-22 21:11:18 DEBUG [MAA] 获取 MaaFramework 版本...
2026-03-22 21:11:18 INFO  [App] 检查更新: MaaEnd并不是，但是#掉我怕有bug, 当前版本: v114514.0.0, 频道: stable
2026-03-22 21:11:18 INFO  [MAA] MaaFramework 版本: v5.7.0-alpha.2
2026-03-22 21:11:18 INFO  [MAA] 搜索 Win32 窗口, classRegex: UnityWndClass , windowRegex: BrownDust II
2026-03-22 21:11:18 INFO  [MAA] 找到 Win32 窗口: 1 个
2026-03-22 21:11:18 DEBUG [MAA]   窗口[0]: handle=460918, class=UnityWndClass, name=BrownDust II
2026-03-22 21:11:18 DEBUG [MAA] 获取 MaaFramework 版本...
2026-03-22 21:11:18 INFO  [MAA] MaaFramework 版本: v5.7.0-alpha.2
2026-03-22 21:11:18 INFO  [MAA] 创建实例: ehkudb0
2026-03-22 21:11:18 DEBUG [MAA] 控制器配置: {"type":"Win32","handle":460918,"screencap_method":2,"mouse_method":32,"keyboard_method":32}
2026-03-22 21:11:18 INFO  [MAA] 连接控制器, 实例: ehkudb0 类型: Win32
2026-03-22 21:11:18 INFO  [MAA] 创建实例成功: ehkudb0
2026-03-22 21:11:18 INFO  [MAA] 控制器连接请求已发送, ctrlId: 100000001
2026-03-22 21:11:18 WARN  [App] https://mirrorchyan.com/api/resources 请求失败: {"message":"Failed to execute 'close' on 'ReadableStreamDefaultController': Unexpected token 'C', \"Cannot GET\"... is not valid JSON"}
2026-03-22 21:11:18 DEBUG [Config] 保存配置, 路径: D:/browndust 2/install/config/mxu-MaaBrownDust.json
2026-03-22 21:11:18 INFO  [Config] 配置保存成功
2026-03-22 21:11:18 ERROR [App] 检查更新失败: {"message":"Failed to execute 'close' on 'ReadableStreamDefaultController': Unexpected token 'C', \"Cannot GET\"... is not valid JSON"}
2026-03-22 21:11:18 WARN  [App] https://mirrorchyan.net/api/resources 请求失败: {"message":"Failed to execute 'close' on 'ReadableStreamDefaultController': Unexpected token 'C', \"Cannot GET\"... is not valid JSON"}
2026-03-22 21:11:19 INFO  [Task] 当前已是管理员权限
2026-03-22 21:11:19 DEBUG [MAA]   路径[0]: D:\browndust 2\install/resource
2026-03-22 21:11:19 INFO  [MAA] 加载资源, 实例: ehkudb0 , 路径数: 1
2026-03-22 21:11:19 INFO  [Task] 实例 配置 2: 加载资源...
2026-03-22 21:11:19 INFO  [MAA] 资源加载请求已发送, resIds: [100000001]
2026-03-22 21:11:19 INFO  [Task] 实例 配置 2: 开始执行任务, 数量: 1
2026-03-22 21:11:19 INFO  [MAA] 启动任务, 实例: ehkudb0 , 任务数: 1 , cwd: D:\browndust 2\install
2026-03-22 21:11:19 INFO  [MAA] Agent 配置: {"child_exec":"agent/go-service","child_args":[],"timeout":15000} , tcpCompatMode: false
2026-03-22 21:11:19 DEBUG [MAA]   任务[0]: entry=GoOut, pipelineOverride=[]
2026-03-22 21:11:19 INFO  [MAA] 任务已提交, taskIds: [200000001]
2026-03-22 21:11:19 INFO  [Task] 实例 配置 2: 任务已提交, task_ids: [200000001]
2026-03-22 21:11:19 DEBUG [Config] 保存配置, 路径: D:/browndust 2/install/config/mxu-MaaBrownDust.json
2026-03-22 21:11:19 INFO  [Config] 配置保存成功
2026-03-22 21:11:24 INFO  [Task] 停止任务... ehkudb0
2026-03-22 21:11:24 INFO  [MAA] 停止任务, 实例: ehkudb0
2026-03-22 21:11:24 INFO  [MAA] 停止任务请求已发送
2026-03-22 21:11:25 INFO  [Task] 任务 1/1 完成
2026-03-22 21:11:25 INFO  [Task] 所有任务执行完成
2026-03-22 21:11:25 INFO  [MAA] 停止 Agent, 实例: ehkudb0
2026-03-22 21:11:25 INFO  [MAA] 停止 Agent 成功
2026-03-22 21:11:25 INFO  [MAA] 停止 Agent, 实例: ehkudb0
2026-03-22 21:11:25 INFO  [MAA] 停止 Agent 成功
2026-03-22 21:11:25 DEBUG [MAA] 获取 MaaFramework 版本...
2026-03-22 21:11:25 INFO  [MAA] MaaFramework 版本: v5.7.0-alpha.2
2026-03-22 21:11:25 INFO  [MAA] 搜索 Win32 窗口, classRegex: UnityWndClass , windowRegex: BrownDust II
2026-03-22 21:11:25 INFO  [MAA] 找到 Win32 窗口: 1 个
2026-03-22 21:11:25 DEBUG [MAA]   窗口[0]: handle=460918, class=UnityWndClass, name=BrownDust II
2026-03-22 21:11:25 DEBUG [MAA] 获取 MaaFramework 版本...
2026-03-22 21:11:25 INFO  [MAA] MaaFramework 版本: v5.7.0-alpha.2
2026-03-22 21:11:25 INFO  [MAA] 创建实例: illekb0
2026-03-22 21:11:25 INFO  [MAA] 连接控制器, 实例: illekb0 类型: Win32
2026-03-22 21:11:25 INFO  [MAA] 创建实例成功: illekb0
2026-03-22 21:11:25 DEBUG [MAA] 控制器配置: {"type":"Win32","handle":460918,"screencap_method":2,"mouse_method":32,"keyboard_method":32}
2026-03-22 21:11:25 INFO  [MAA] 控制器连接请求已发送, ctrlId: 100000008
2026-03-22 21:11:25 DEBUG [Config] 保存配置, 路径: D:/browndust 2/install/config/mxu-MaaBrownDust.json
2026-03-22 21:11:25 INFO  [Config] 配置保存成功
2026-03-22 21:11:26 DEBUG [Config] 保存配置, 路径: D:/browndust 2/install/config/mxu-MaaBrownDust.json
2026-03-22 21:11:26 INFO  [Config] 配置保存成功
2026-03-22 21:11:28 INFO  [Task] 当前已是管理员权限
2026-03-22 21:11:28 INFO  [Task] 实例 配置 1: 加载资源...
2026-03-22 21:11:28 INFO  [MAA] 加载资源, 实例: illekb0 , 路径数: 1
2026-03-22 21:11:28 DEBUG [MAA]   路径[0]: D:\browndust 2\install/resource
2026-03-22 21:11:28 INFO  [MAA] 资源加载请求已发送, resIds: [100000002]
2026-03-22 21:11:28 INFO  [Task] 实例 配置 1: 开始执行任务, 数量: 6
2026-03-22 21:11:28 DEBUG [MAA]   任务[0]: entry=SquareStart, pipelineOverride=[]
2026-03-22 21:11:28 INFO  [MAA] 启动任务, 实例: illekb0 , 任务数: 6 , cwd: D:\browndust 2\install
2026-03-22 21:11:28 DEBUG [MAA]   任务[5]: entry=EnterMail, pipelineOverride=[]
2026-03-22 21:11:28 DEBUG [MAA]   任务[1]: entry=EnterHunt, pipelineOverride=[{"GetRock":{"next":["FireRock","GetRock"]}}]
2026-03-22 21:11:28 INFO  [MAA] Agent 配置: {"child_exec":"agent/go-service","child_args":[],"timeout":15000} , tcpCompatMode: false
2026-03-22 21:11:28 DEBUG [MAA]   任务[4]: entry=EnterPassport, pipelineOverride=[]
2026-03-22 21:11:28 DEBUG [MAA]   任务[2]: entry=EnterBag, pipelineOverride=[]
2026-03-22 21:11:28 DEBUG [MAA]   任务[3]: entry=EnterMission, pipelineOverride=[]
2026-03-22 21:11:28 INFO  [MAA] 任务已提交, taskIds: [200000003,200000004,200000005,200000006,200000007,200000008]
2026-03-22 21:11:28 INFO  [Task] 实例 配置 1: 任务已提交, task_ids: [200000003,200000004,200000005,200000006,200000007,200000008]
2026-03-22 21:11:28 DEBUG [Config] 保存配置, 路径: D:/browndust 2/install/config/mxu-MaaBrownDust.json
2026-03-22 21:11:28 INFO  [Config] 配置保存成功
2026-03-22 21:11:30 INFO  [Task] 停止任务... illekb0
2026-03-22 21:11:30 INFO  [MAA] 停止任务, 实例: illekb0
2026-03-22 21:11:30 INFO  [MAA] 停止任务请求已发送
2026-03-22 21:11:31 INFO  [Task] 任务 1/6 完成
2026-03-22 21:11:31 INFO  [MAA] 停止 Agent, 实例: illekb0
2026-03-22 21:11:31 INFO  [MAA] 停止 Agent 成功
2026-03-22 21:11:31 DEBUG [Config] 保存配置, 路径: D:/browndust 2/install/config/mxu-MaaBrownDust.json
2026-03-22 21:11:31 INFO  [Config] 配置保存成功
2026-03-22 21:11:33 DEBUG [Config] 保存配置, 路径: D:/browndust 2/install/config/mxu-MaaBrownDust.json
2026-03-22 21:11:33 INFO  [Config] 配置保存成功
2026-03-22 21:11:37 DEBUG [Config] 保存配置, 路径: D:/browndust 2/install/config/mxu-MaaBrownDust.json
2026-03-22 21:11:37 INFO  [Config] 配置保存成功
2026-03-22 21:11:37 INFO  [Task] 当前已是管理员权限
2026-03-22 21:11:37 INFO  [Task] 实例 配置 1: 开始执行任务, 数量: 6
2026-03-22 21:11:37 INFO  [MAA] 启动任务, 实例: illekb0 , 任务数: 6 , cwd: D:\browndust 2\install
2026-03-22 21:11:37 DEBUG [MAA]   任务[1]: entry=EnterHunt, pipelineOverride=[{"GetRock":{"next":["DarkRock","GetRock"]}}]
2026-03-22 21:11:37 DEBUG [MAA]   任务[4]: entry=EnterPassport, pipelineOverride=[]
2026-03-22 21:11:37 DEBUG [MAA]   任务[0]: entry=SquareStart, pipelineOverride=[]
2026-03-22 21:11:37 INFO  [MAA] Agent 配置: {"child_exec":"agent/go-service","child_args":[],"timeout":15000} , tcpCompatMode: false
2026-03-22 21:11:37 DEBUG [MAA]   任务[3]: entry=EnterMission, pipelineOverride=[]
2026-03-22 21:11:37 DEBUG [MAA]   任务[5]: entry=EnterMail, pipelineOverride=[]
2026-03-22 21:11:37 DEBUG [MAA]   任务[2]: entry=EnterBag, pipelineOverride=[]
2026-03-22 21:11:38 INFO  [Task] 实例 配置 1: 任务已提交, task_ids: [200000010,200000011,200000012,200000013,200000014,200000015]
2026-03-22 21:11:38 INFO  [MAA] 任务已提交, taskIds: [200000010,200000011,200000012,200000013,200000014,200000015]
2026-03-22 21:11:38 DEBUG [Config] 保存配置, 路径: D:/browndust 2/install/config/mxu-MaaBrownDust.json
2026-03-22 21:11:38 INFO  [Config] 配置保存成功
2026-03-22 21:12:05 INFO  [Task] 任务 1/6 完成
2026-03-22 21:12:21 INFO  [Task] 任务 2/6 完成
2026-03-22 21:12:48 INFO  [Task] 任务 3/6 完成
2026-03-22 21:13:03 INFO  [Task] 任务 4/6 完成
2026-03-22 21:13:19 INFO  [Task] 任务 5/6 完成
2026-03-22 21:13:25 INFO  [Task] 所有任务执行完成
2026-03-22 21:13:25 INFO  [Task] 任务 6/6 完成
2026-03-22 21:13:25 INFO  [MAA] 停止 Agent, 实例: illekb0
2026-03-22 21:13:25 INFO  [MAA] 停止 Agent 成功
2026-03-22 21:13:25 DEBUG [Config] 保存配置, 路径: D:/browndust 2/install/config/mxu-MaaBrownDust.json
2026-03-22 21:13:26 INFO  [Config] 配置保存成功
2026-03-22 21:14:12 DEBUG [Config] 保存配置, 路径: D:/browndust 2/install/config/mxu-MaaBrownDust.json
2026-03-22 21:14:12 INFO  [Config] 配置保存成功
2026-03-22 23:35:53 INFO  [App] Tauri 环境，加载 interface.json
2026-03-22 23:35:53 INFO  [App] 加载 interface.json...
2026-03-22 23:35:53 INFO  [App] basePath (绝对路径): D:\browndust 2\install
2026-03-22 23:35:53 INFO  [App] 托盘事件监听已注册
2026-03-22 23:35:53 INFO  [App] dataPath (数据目录): D:\browndust 2\install
2026-03-22 23:35:53 INFO  [App] 处理 12 个导入文件...
2026-03-22 23:35:53 INFO  [App] 加载导入文件: tasks/StartGame.json
2026-03-22 23:35:53 INFO  [App] 加载导入文件: tasks/Draw.json
2026-03-22 23:35:53 INFO  [App] 合并了 1 个导入的 task
2026-03-22 23:35:53 INFO  [App] 加载导入文件: tasks/Sociaty.json
2026-03-22 23:35:53 INFO  [App] 合并了 1 个导入的 task
2026-03-22 23:35:53 INFO  [App] 合并了 1 个导入的 task
2026-03-22 23:35:53 INFO  [App] 加载导入文件: tasks/Operate.json
2026-03-22 23:35:53 INFO  [App] 合并了 1 个导入的 task
2026-03-22 23:35:53 INFO  [App] 加载导入文件: tasks/PVP.json
2026-03-22 23:35:53 INFO  [App] 合并了 1 个导入的 task
2026-03-22 23:35:53 INFO  [App] 加载导入文件: tasks/Square.json
2026-03-22 23:35:53 INFO  [App] 合并了 1 个导入的 task
2026-03-22 23:35:53 INFO  [App] 加载导入文件: tasks/HuntingArea.json
2026-03-22 23:35:53 INFO  [App] 合并了 1 个导入的 option
2026-03-22 23:35:53 INFO  [App] 加载导入文件: tasks/Bag.json
2026-03-22 23:35:53 INFO  [App] 合并了 1 个导入的 task
2026-03-22 23:35:53 INFO  [App] 合并了 1 个导入的 task
2026-03-22 23:35:53 INFO  [App] 加载导入文件: tasks/Misson.json
2026-03-22 23:35:53 INFO  [App] 合并了 1 个导入的 task
2026-03-22 23:35:53 INFO  [App] 加载导入文件: tasks/Passport.json
2026-03-22 23:35:53 INFO  [App] 加载导入文件: tasks/Mail.json
2026-03-22 23:35:53 INFO  [App] 合并了 1 个导入的 task
2026-03-22 23:35:53 INFO  [App] 合并了 1 个导入的 task
2026-03-22 23:35:53 INFO  [App] 加载导入文件: tasks/test.json
2026-03-22 23:35:53 INFO  [App] 合并了 1 个导入的 task
2026-03-22 23:35:53 INFO  [App] 平台过滤: 移除了 1 个不支持的控制器 (不支持的类型: PlayCover)
2026-03-22 23:35:53 DEBUG [Config] 加载配置, 路径: D:/browndust 2/install/config/mxu-MaaBrownDust.json
2026-03-22 23:35:53 INFO  [App] 窗口图标已设置: D:\browndust 2\install/misc/MaaEnd-Tiny.png
2026-03-22 23:35:53 INFO  [Config] 配置加载成功
2026-03-22 23:35:53 INFO  [App] 全局快捷键已注册: F10 F11
2026-03-22 23:35:53 INFO  [App] 已恢复后端状态: 0 个实例
2026-03-22 23:35:53 INFO  [MAA] 初始化 MaaFramework, libDir: (默认)
2026-03-22 23:35:53 INFO  [MAA] MaaFramework 版本: v5.7.0-alpha.2
2026-03-22 23:35:53 DEBUG [MAA] 检查 MaaFramework 版本...
2026-03-22 23:35:53 INFO  [MAA] 版本检查结果: {"current":"v5.7.0-alpha.2","minimum":"v5.5.0-beta.1","is_compatible":true}
2026-03-22 23:35:53 INFO  [App] 加载完成, 项目: MaaBrownDust
2026-03-22 23:35:53 DEBUG [MAA] 获取 MaaFramework 版本...
2026-03-22 23:35:53 INFO  [App] 检查更新: MaaEnd并不是，但是#掉我怕有bug, 当前版本: v114514.0.0, 频道: stable
2026-03-22 23:35:53 INFO  [MAA] MaaFramework 版本: v5.7.0-alpha.2
2026-03-22 23:35:53 INFO  [MAA] 搜索 Win32 窗口, classRegex: UnityWndClass , windowRegex: BrownDust II
2026-03-22 23:35:53 INFO  [MAA] 找到 Win32 窗口: 1 个
2026-03-22 23:35:53 DEBUG [MAA]   窗口[0]: handle=6031370, class=UnityWndClass, name=BrownDust II
2026-03-22 23:35:53 DEBUG [MAA] 获取 MaaFramework 版本...
2026-03-22 23:35:53 INFO  [MAA] MaaFramework 版本: v5.7.0-alpha.2
2026-03-22 23:35:53 INFO  [MAA] 创建实例: illekb0
2026-03-22 23:35:53 INFO  [MAA] 创建实例成功: illekb0
2026-03-22 23:35:53 INFO  [MAA] 连接控制器, 实例: illekb0 类型: Win32
2026-03-22 23:35:53 DEBUG [MAA] 控制器配置: {"type":"Win32","handle":6031370,"screencap_method":2,"mouse_method":32,"keyboard_method":32}
2026-03-22 23:35:53 INFO  [MAA] 控制器连接请求已发送, ctrlId: 100000001
2026-03-22 23:35:53 WARN  [App] https://mirrorchyan.com/api/resources 请求失败: {"message":"Failed to execute 'close' on 'ReadableStreamDefaultController': Unexpected token 'C', \"Cannot GET\"... is not valid JSON"}
2026-03-22 23:35:53 DEBUG [Config] 保存配置, 路径: D:/browndust 2/install/config/mxu-MaaBrownDust.json
2026-03-22 23:35:53 INFO  [Config] 配置保存成功
2026-03-22 23:35:54 WARN  [App] https://mirrorchyan.net/api/resources 请求失败: {"message":"Failed to execute 'close' on 'ReadableStreamDefaultController': Unexpected token 'C', \"Cannot GET\"... is not valid JSON"}
2026-03-22 23:35:54 ERROR [App] 检查更新失败: {"message":"Failed to execute 'close' on 'ReadableStreamDefaultController': Unexpected token 'C', \"Cannot GET\"... is not valid JSON"}
2026-03-22 23:35:56 DEBUG [Config] 保存配置, 路径: D:/browndust 2/install/config/mxu-MaaBrownDust.json
2026-03-22 23:35:56 INFO  [Config] 配置保存成功
2026-03-22 23:49:31 DEBUG [Config] 保存配置, 路径: D:/browndust 2/install/config/mxu-MaaBrownDust.json
2026-03-22 23:49:31 INFO  [Config] 配置保存成功
