2026-03-17 22:57:56 INFO  [App] 加载 interface.json...
2026-03-17 22:57:56 INFO  [App] Tauri 环境，加载 interface.json
2026-03-17 22:57:56 INFO  [App] basePath (绝对路径): D:\browndust 2\install
2026-03-17 22:57:56 INFO  [App] 托盘事件监听已注册
2026-03-17 22:57:56 INFO  [App] dataPath (数据目录): D:\browndust 2\install
2026-03-17 22:57:56 INFO  [App] 处理 12 个导入文件...
2026-03-17 22:57:56 INFO  [App] 加载导入文件: tasks/StartGame.json
2026-03-17 22:57:56 INFO  [App] 合并了 1 个导入的 task
2026-03-17 22:57:56 INFO  [App] 加载导入文件: tasks/Draw.json
2026-03-17 22:57:56 INFO  [App] 加载导入文件: tasks/Sociaty.json
2026-03-17 22:57:56 INFO  [App] 合并了 1 个导入的 task
2026-03-17 22:57:56 INFO  [App] 加载导入文件: tasks/Operate.json
2026-03-17 22:57:56 INFO  [App] 合并了 1 个导入的 task
2026-03-17 22:57:56 INFO  [App] 合并了 1 个导入的 task
2026-03-17 22:57:56 INFO  [App] 加载导入文件: tasks/PVP.json
2026-03-17 22:57:56 INFO  [App] 合并了 1 个导入的 task
2026-03-17 22:57:56 INFO  [App] 加载导入文件: tasks/Square.json
2026-03-17 22:57:56 INFO  [App] 合并了 1 个导入的 task
2026-03-17 22:57:56 INFO  [App] 加载导入文件: tasks/HuntingArea.json
2026-03-17 22:57:56 INFO  [App] 合并了 1 个导入的 task
2026-03-17 22:57:56 INFO  [App] 加载导入文件: tasks/Bag.json
2026-03-17 22:57:56 INFO  [App] 加载导入文件: tasks/Misson.json
2026-03-17 22:57:56 INFO  [App] 合并了 1 个导入的 task
2026-03-17 22:57:56 INFO  [App] 加载导入文件: tasks/Passport.json
2026-03-17 22:57:56 INFO  [App] 合并了 1 个导入的 task
2026-03-17 22:57:56 INFO  [App] 合并了 1 个导入的 task
2026-03-17 22:57:56 INFO  [App] 加载导入文件: tasks/Mail.json
2026-03-17 22:57:56 INFO  [App] 合并了 1 个导入的 task
2026-03-17 22:57:56 INFO  [App] 加载导入文件: tasks/test.json
2026-03-17 22:57:56 INFO  [App] 平台过滤: 移除了 1 个不支持的控制器 (不支持的类型: PlayCover)
2026-03-17 22:57:56 INFO  [App] 合并了 1 个导入的 task
2026-03-17 22:57:56 DEBUG [Config] 加载配置, 路径: D:/browndust 2/install/config/mxu-MaaBrownDust.json
2026-03-17 22:57:56 INFO  [App] 窗口图标已设置: D:\browndust 2\install/misc/MaaEnd-Tiny.png
2026-03-17 22:57:56 INFO  [Config] 配置加载成功
2026-03-17 22:57:56 INFO  [App] 全局快捷键已注册: F10 F11
2026-03-17 22:57:56 INFO  [MAA] 初始化 MaaFramework, libDir: (默认)
2026-03-17 22:57:56 INFO  [App] 已恢复后端状态: 0 个实例
2026-03-17 22:57:56 INFO  [MAA] MaaFramework 版本: v5.7.0-alpha.2
2026-03-17 22:57:56 DEBUG [MAA] 检查 MaaFramework 版本...
2026-03-17 22:57:56 INFO  [MAA] 版本检查结果: {"current":"v5.7.0-alpha.2","minimum":"v5.5.0-beta.1","is_compatible":true}
2026-03-17 22:57:56 INFO  [App] 加载完成, 项目: MaaBrownDust
2026-03-17 22:57:56 DEBUG [MAA] 获取 MaaFramework 版本...
2026-03-17 22:57:56 INFO  [App] 检查更新: MaaEnd并不是，但是#掉我怕有bug, 当前版本: v114514.0.0, 频道: stable
2026-03-17 22:57:56 INFO  [MAA] MaaFramework 版本: v5.7.0-alpha.2
2026-03-17 22:57:56 INFO  [MAA] 搜索 Win32 窗口, classRegex: UnityWndClass , windowRegex: BrownDust II
2026-03-17 22:57:56 INFO  [MAA] 找到 Win32 窗口: 0 个
2026-03-17 22:57:57 WARN  [App] https://mirrorchyan.com/api/resources 请求失败: {"message":"Failed to execute 'close' on 'ReadableStreamDefaultController': Unexpected token 'C', \"Cannot GET\"... is not valid JSON"}
2026-03-17 22:57:57 ERROR [App] 检查更新失败: {"message":"Failed to execute 'close' on 'ReadableStreamDefaultController': Unexpected token 'C', \"Cannot GET\"... is not valid JSON"}
2026-03-17 22:57:57 WARN  [App] https://mirrorchyan.net/api/resources 请求失败: {"message":"Failed to execute 'close' on 'ReadableStreamDefaultController': Unexpected token 'C', \"Cannot GET\"... is not valid JSON"}
2026-03-17 22:57:57 DEBUG [Config] 保存配置, 路径: D:/browndust 2/install/config/mxu-MaaBrownDust.json
2026-03-17 22:57:57 INFO  [Config] 配置保存成功
2026-03-17 22:58:58 DEBUG [Config] 保存配置, 路径: D:/browndust 2/install/config/mxu-MaaBrownDust.json
2026-03-17 22:58:58 INFO  [Config] 配置保存成功
2026-03-17 22:58:58 INFO  [Task] 当前已是管理员权限
2026-03-17 22:58:58 DEBUG [MAA] 获取 MaaFramework 版本...
2026-03-17 22:58:58 INFO  [MAA] MaaFramework 版本: v5.7.0-alpha.2
2026-03-17 22:58:58 INFO  [MAA] 创建实例: illekb0
2026-03-17 22:58:58 INFO  [Task] 实例 配置 1: 自动连接已保存的设备...
2026-03-17 22:58:58 INFO  [MAA] 创建实例成功: illekb0
2026-03-17 22:58:58 INFO  [MAA] 搜索 Win32 窗口, classRegex: UnityWndClass , windowRegex: BrownDust II
2026-03-17 22:58:58 INFO  [MAA] 找到 Win32 窗口: 1 个
2026-03-17 22:58:58 INFO  [MAA] 连接控制器, 实例: illekb0 类型: Win32
2026-03-17 22:58:58 DEBUG [MAA]   窗口[0]: handle=198756, class=UnityWndClass, name=BrownDust II
2026-03-17 22:58:58 DEBUG [MAA] 控制器配置: {"type":"Win32","handle":198756,"screencap_method":2,"mouse_method":32,"keyboard_method":32}
2026-03-17 22:58:58 INFO  [MAA] 控制器连接请求已发送, ctrlId: 100000001
2026-03-17 22:58:58 INFO  [MAA] 加载资源, 实例: illekb0 , 路径数: 1
2026-03-17 22:58:58 INFO  [Task] 实例 配置 1: 加载资源...
2026-03-17 22:58:58 DEBUG [MAA]   路径[0]: D:\browndust 2\install/resource
2026-03-17 22:58:58 INFO  [MAA] 资源加载请求已发送, resIds: [100000001]
2026-03-17 22:58:58 INFO  [MAA] 启动任务, 实例: illekb0 , 任务数: 11 , cwd: D:\browndust 2\install
2026-03-17 22:58:58 INFO  [Task] 实例 配置 1: 开始执行任务, 数量: 11
2026-03-17 22:58:58 DEBUG [MAA]   任务[0]: entry=StartGame, pipelineOverride=[]
2026-03-17 22:58:58 DEBUG [MAA]   任务[1]: entry=DrawFirst, pipelineOverride=[]
2026-03-17 22:58:58 DEBUG [MAA]   任务[5]: entry=SquareStart, pipelineOverride=[]
2026-03-17 22:58:58 DEBUG [MAA]   任务[4]: entry=EnterPVP, pipelineOverride=[]
2026-03-17 22:58:58 DEBUG [MAA]   任务[3]: entry=EnterOperating, pipelineOverride=[]
2026-03-17 22:58:58 DEBUG [MAA]   任务[2]: entry=InSociaty, pipelineOverride=[]
2026-03-17 22:58:58 DEBUG [MAA]   任务[6]: entry=EnterHunt, pipelineOverride=[]
2026-03-17 22:58:58 DEBUG [MAA]   任务[8]: entry=EnterMission, pipelineOverride=[]
2026-03-17 22:58:58 DEBUG [MAA]   任务[9]: entry=EnterPassport, pipelineOverride=[]
2026-03-17 22:58:58 DEBUG [MAA]   任务[10]: entry=EnterMail, pipelineOverride=[]
2026-03-17 22:58:58 DEBUG [MAA]   任务[7]: entry=EnterBag, pipelineOverride=[]
2026-03-17 22:58:58 INFO  [MAA] Agent 配置: {"child_exec":"agent/go-service","child_args":[]} , tcpCompatMode: false
2026-03-17 22:58:59 DEBUG [Config] 保存配置, 路径: D:/browndust 2/install/config/mxu-MaaBrownDust.json
2026-03-17 22:58:59 INFO  [MAA] 任务已提交, taskIds: [200000001,200000002,200000003,200000004,200000005,200000006,200000007,200000008,200000009,200000010,200000011]
2026-03-17 22:58:59 INFO  [Task] 实例 配置 1: 任务已提交, task_ids: [200000001,200000002,200000003,200000004,200000005,200000006,200000007,200000008,200000009,200000010,200000011]
2026-03-17 22:58:59 INFO  [Config] 配置保存成功
2026-03-17 22:59:19 INFO  [Task] 任务 1/11 完成
2026-03-17 23:00:00 INFO  [Task] 定时检查: 周2 23:00
2026-03-17 23:01:06 INFO  [Task] 任务 2/11 完成
2026-03-17 23:01:19 INFO  [Task] 任务 3/11 完成
2026-03-17 23:01:48 INFO  [Task] 任务 4/11 完成
2026-03-17 23:03:51 ERROR [Task] 任务执行失败, task_id: 200000005
2026-03-17 23:03:57 INFO  [MAA] 停止任务, 实例: illekb0
2026-03-17 23:03:57 INFO  [Task] 停止任务... illekb0
2026-03-17 23:03:57 INFO  [MAA] 停止任务请求已发送
2026-03-17 23:03:58 INFO  [Task] 任务 6/11 完成
2026-03-17 23:03:58 INFO  [MAA] 停止 Agent, 实例: illekb0
2026-03-17 23:03:58 INFO  [MAA] 停止 Agent 成功
2026-03-17 23:03:58 DEBUG [Config] 保存配置, 路径: D:/browndust 2/install/config/mxu-MaaBrownDust.json
2026-03-17 23:03:58 INFO  [Config] 配置保存成功
2026-03-17 23:09:03 INFO  [App] Tauri 环境，加载 interface.json
2026-03-17 23:09:03 INFO  [App] 加载 interface.json...
2026-03-17 23:09:03 INFO  [App] basePath (绝对路径): D:\browndust 2\install
2026-03-17 23:09:03 INFO  [App] 托盘事件监听已注册
2026-03-17 23:09:03 INFO  [App] dataPath (数据目录): D:\browndust 2\install
2026-03-17 23:09:03 INFO  [App] 处理 12 个导入文件...
2026-03-17 23:09:03 INFO  [App] 加载导入文件: tasks/StartGame.json
2026-03-17 23:09:03 INFO  [App] 合并了 1 个导入的 task
2026-03-17 23:09:03 INFO  [App] 加载导入文件: tasks/Draw.json
2026-03-17 23:09:03 INFO  [App] 合并了 1 个导入的 task
2026-03-17 23:09:03 INFO  [App] 加载导入文件: tasks/Sociaty.json
2026-03-17 23:09:03 INFO  [App] 合并了 1 个导入的 task
2026-03-17 23:09:03 INFO  [App] 加载导入文件: tasks/Operate.json
2026-03-17 23:09:03 INFO  [App] 合并了 1 个导入的 task
2026-03-17 23:09:03 INFO  [App] 加载导入文件: tasks/PVP.json
2026-03-17 23:09:03 INFO  [App] 合并了 1 个导入的 task
2026-03-17 23:09:03 INFO  [App] 加载导入文件: tasks/Square.json
2026-03-17 23:09:03 INFO  [App] 合并了 1 个导入的 task
2026-03-17 23:09:03 INFO  [App] 加载导入文件: tasks/HuntingArea.json
2026-03-17 23:09:03 INFO  [App] 合并了 1 个导入的 task
2026-03-17 23:09:03 INFO  [App] 加载导入文件: tasks/Bag.json
2026-03-17 23:09:03 INFO  [App] 加载导入文件: tasks/Misson.json
2026-03-17 23:09:03 INFO  [App] 合并了 1 个导入的 task
2026-03-17 23:09:03 INFO  [App] 合并了 1 个导入的 task
2026-03-17 23:09:03 INFO  [App] 加载导入文件: tasks/Passport.json
2026-03-17 23:09:03 INFO  [App] 合并了 1 个导入的 task
2026-03-17 23:09:03 INFO  [App] 加载导入文件: tasks/Mail.json
2026-03-17 23:09:03 INFO  [App] 合并了 1 个导入的 task
2026-03-17 23:09:03 INFO  [App] 加载导入文件: tasks/test.json
2026-03-17 23:09:03 INFO  [App] 平台过滤: 移除了 1 个不支持的控制器 (不支持的类型: PlayCover)
2026-03-17 23:09:03 INFO  [App] 合并了 1 个导入的 task
2026-03-17 23:09:03 DEBUG [Config] 加载配置, 路径: D:/browndust 2/install/config/mxu-MaaBrownDust.json
2026-03-17 23:09:03 INFO  [Config] 配置加载成功
2026-03-17 23:09:03 INFO  [App] 窗口图标已设置: D:\browndust 2\install/misc/MaaEnd-Tiny.png
2026-03-17 23:09:03 INFO  [App] 全局快捷键已注册: F10 F11
2026-03-17 23:09:03 DEBUG [MAA] 检查 MaaFramework 版本...
2026-03-17 23:09:03 INFO  [MAA] 初始化 MaaFramework, libDir: (默认)
2026-03-17 23:09:03 INFO  [MAA] MaaFramework 版本: v5.7.0-alpha.2
2026-03-17 23:09:03 INFO  [App] 已恢复后端状态: 0 个实例
2026-03-17 23:09:03 INFO  [MAA] 版本检查结果: {"current":"v5.7.0-alpha.2","minimum":"v5.5.0-beta.1","is_compatible":true}
2026-03-17 23:09:03 INFO  [App] 加载完成, 项目: MaaBrownDust
2026-03-17 23:09:03 DEBUG [MAA] 获取 MaaFramework 版本...
2026-03-17 23:09:03 INFO  [App] 检查更新: MaaEnd并不是，但是#掉我怕有bug, 当前版本: v114514.0.0, 频道: stable
2026-03-17 23:09:03 INFO  [MAA] MaaFramework 版本: v5.7.0-alpha.2
2026-03-17 23:09:03 INFO  [MAA] 搜索 Win32 窗口, classRegex: UnityWndClass , windowRegex: BrownDust II
2026-03-17 23:09:03 INFO  [MAA] 找到 Win32 窗口: 1 个
2026-03-17 23:09:03 DEBUG [MAA]   窗口[0]: handle=198756, class=UnityWndClass, name=BrownDust II
2026-03-17 23:09:03 DEBUG [MAA] 获取 MaaFramework 版本...
2026-03-17 23:09:03 INFO  [MAA] MaaFramework 版本: v5.7.0-alpha.2
2026-03-17 23:09:03 INFO  [MAA] 创建实例: illekb0
2026-03-17 23:09:03 INFO  [MAA] 创建实例成功: illekb0
2026-03-17 23:09:03 DEBUG [MAA] 控制器配置: {"type":"Win32","handle":198756,"screencap_method":2,"mouse_method":32,"keyboard_method":32}
2026-03-17 23:09:03 INFO  [MAA] 连接控制器, 实例: illekb0 类型: Win32
2026-03-17 23:09:03 INFO  [MAA] 控制器连接请求已发送, ctrlId: 100000001
2026-03-17 23:09:03 WARN  [App] https://mirrorchyan.com/api/resources 请求失败: {"message":"Failed to execute 'close' on 'ReadableStreamDefaultController': Unexpected token 'C', \"Cannot GET\"... is not valid JSON"}
2026-03-17 23:09:03 DEBUG [Config] 保存配置, 路径: D:/browndust 2/install/config/mxu-MaaBrownDust.json
2026-03-17 23:09:03 INFO  [Config] 配置保存成功
2026-03-17 23:09:04 WARN  [App] https://mirrorchyan.net/api/resources 请求失败: {"message":"Failed to execute 'close' on 'ReadableStreamDefaultController': Unexpected token 'C', \"Cannot GET\"... is not valid JSON"}
2026-03-17 23:09:04 ERROR [App] 检查更新失败: {"message":"Failed to execute 'close' on 'ReadableStreamDefaultController': Unexpected token 'C', \"Cannot GET\"... is not valid JSON"}
2026-03-17 23:09:04 DEBUG [MAA] 获取 MaaFramework 版本...
2026-03-17 23:09:04 INFO  [MAA] MaaFramework 版本: v5.7.0-alpha.2
2026-03-17 23:09:04 INFO  [MAA] 搜索 Win32 窗口, classRegex: UnityWndClass , windowRegex: BrownDust II
2026-03-17 23:09:04 INFO  [MAA] 找到 Win32 窗口: 1 个
2026-03-17 23:09:04 DEBUG [MAA]   窗口[0]: handle=198756, class=UnityWndClass, name=BrownDust II
2026-03-17 23:09:04 DEBUG [MAA] 获取 MaaFramework 版本...
2026-03-17 23:09:04 INFO  [MAA] MaaFramework 版本: v5.7.0-alpha.2
2026-03-17 23:09:04 INFO  [MAA] 创建实例: ehkudb0
2026-03-17 23:09:04 INFO  [MAA] 创建实例成功: ehkudb0
2026-03-17 23:09:04 INFO  [MAA] 连接控制器, 实例: ehkudb0 类型: Win32
2026-03-17 23:09:04 DEBUG [MAA] 控制器配置: {"type":"Win32","handle":198756,"screencap_method":2,"mouse_method":32,"keyboard_method":32}
2026-03-17 23:09:04 INFO  [MAA] 控制器连接请求已发送, ctrlId: 100000002
2026-03-17 23:09:05 DEBUG [Config] 保存配置, 路径: D:/browndust 2/install/config/mxu-MaaBrownDust.json
2026-03-17 23:09:05 INFO  [Config] 配置保存成功
2026-03-17 23:09:11 INFO  [Task] 当前已是管理员权限
2026-03-17 23:09:11 INFO  [MAA] 加载资源, 实例: ehkudb0 , 路径数: 1
2026-03-17 23:09:11 DEBUG [MAA]   路径[0]: D:\browndust 2\install/resource
2026-03-17 23:09:11 INFO  [Task] 实例 配置 2: 加载资源...
2026-03-17 23:09:11 INFO  [MAA] 资源加载请求已发送, resIds: [100000001]
2026-03-17 23:09:11 INFO  [Task] 实例 配置 2: 开始执行任务, 数量: 1
2026-03-17 23:09:11 INFO  [MAA] 启动任务, 实例: ehkudb0 , 任务数: 1 , cwd: D:\browndust 2\install
2026-03-17 23:09:11 DEBUG [MAA]   任务[0]: entry=GoOUt, pipelineOverride=[]
2026-03-17 23:09:11 INFO  [MAA] Agent 配置: {"child_exec":"agent/go-service","child_args":[]} , tcpCompatMode: false
2026-03-17 23:09:11 INFO  [MAA] 任务已提交, taskIds: [200000001]
2026-03-17 23:09:11 INFO  [Task] 实例 配置 2: 任务已提交, task_ids: [200000001]
2026-03-17 23:09:12 DEBUG [Config] 保存配置, 路径: D:/browndust 2/install/config/mxu-MaaBrownDust.json
2026-03-17 23:09:12 INFO  [Config] 配置保存成功
2026-03-17 23:09:13 INFO  [MAA] 停止任务, 实例: ehkudb0
2026-03-17 23:09:13 INFO  [Task] 停止任务... ehkudb0
2026-03-17 23:09:13 INFO  [MAA] 停止任务请求已发送
2026-03-17 23:09:13 INFO  [MAA] 停止 Agent, 实例: ehkudb0
2026-03-17 23:09:13 INFO  [MAA] 停止 Agent 成功
2026-03-17 23:09:14 DEBUG [Config] 保存配置, 路径: D:/browndust 2/install/config/mxu-MaaBrownDust.json
2026-03-17 23:09:14 INFO  [Config] 配置保存成功
2026-03-17 23:11:37 INFO  [App] 加载 interface.json...
2026-03-17 23:11:37 INFO  [App] Tauri 环境，加载 interface.json
2026-03-17 23:11:37 INFO  [App] basePath (绝对路径): D:\browndust 2\install
2026-03-17 23:11:37 INFO  [App] 托盘事件监听已注册
2026-03-17 23:11:37 INFO  [App] dataPath (数据目录): D:\browndust 2\install
2026-03-17 23:11:37 INFO  [App] 处理 12 个导入文件...
2026-03-17 23:11:37 INFO  [App] 加载导入文件: tasks/StartGame.json
2026-03-17 23:11:37 INFO  [App] 加载导入文件: tasks/Draw.json
2026-03-17 23:11:37 INFO  [App] 合并了 1 个导入的 task
2026-03-17 23:11:37 INFO  [App] 合并了 1 个导入的 task
2026-03-17 23:11:37 INFO  [App] 加载导入文件: tasks/Sociaty.json
2026-03-17 23:11:37 INFO  [App] 合并了 1 个导入的 task
2026-03-17 23:11:37 INFO  [App] 加载导入文件: tasks/Operate.json
2026-03-17 23:11:37 INFO  [App] 合并了 1 个导入的 task
2026-03-17 23:11:37 INFO  [App] 加载导入文件: tasks/PVP.json
2026-03-17 23:11:37 INFO  [App] 合并了 1 个导入的 task
2026-03-17 23:11:37 INFO  [App] 加载导入文件: tasks/Square.json
2026-03-17 23:11:37 INFO  [App] 合并了 1 个导入的 task
2026-03-17 23:11:37 INFO  [App] 加载导入文件: tasks/HuntingArea.json
2026-03-17 23:11:37 INFO  [App] 合并了 1 个导入的 task
2026-03-17 23:11:37 INFO  [App] 加载导入文件: tasks/Bag.json
2026-03-17 23:11:37 INFO  [App] 加载导入文件: tasks/Misson.json
2026-03-17 23:11:37 INFO  [App] 合并了 1 个导入的 task
2026-03-17 23:11:37 INFO  [App] 合并了 1 个导入的 task
2026-03-17 23:11:37 INFO  [App] 加载导入文件: tasks/Passport.json
2026-03-17 23:11:37 INFO  [App] 合并了 1 个导入的 task
2026-03-17 23:11:37 INFO  [App] 加载导入文件: tasks/Mail.json
2026-03-17 23:11:37 INFO  [App] 合并了 1 个导入的 task
2026-03-17 23:11:37 INFO  [App] 加载导入文件: tasks/test.json
2026-03-17 23:11:37 INFO  [App] 合并了 1 个导入的 task
2026-03-17 23:11:37 INFO  [App] 平台过滤: 移除了 1 个不支持的控制器 (不支持的类型: PlayCover)
2026-03-17 23:11:37 DEBUG [Config] 加载配置, 路径: D:/browndust 2/install/config/mxu-MaaBrownDust.json
2026-03-17 23:11:37 INFO  [Config] 配置加载成功
2026-03-17 23:11:37 INFO  [App] 窗口图标已设置: D:\browndust 2\install/misc/MaaEnd-Tiny.png
2026-03-17 23:11:37 INFO  [App] 全局快捷键已注册: F10 F11
2026-03-17 23:11:37 INFO  [App] 已恢复后端状态: 0 个实例
2026-03-17 23:11:37 INFO  [MAA] 初始化 MaaFramework, libDir: (默认)
2026-03-17 23:11:37 INFO  [MAA] MaaFramework 版本: v5.7.0-alpha.2
2026-03-17 23:11:37 DEBUG [MAA] 检查 MaaFramework 版本...
2026-03-17 23:11:37 INFO  [MAA] 版本检查结果: {"current":"v5.7.0-alpha.2","minimum":"v5.5.0-beta.1","is_compatible":true}
2026-03-17 23:11:37 INFO  [App] 加载完成, 项目: MaaBrownDust
2026-03-17 23:11:37 DEBUG [MAA] 获取 MaaFramework 版本...
2026-03-17 23:11:37 INFO  [App] 检查更新: MaaEnd并不是，但是#掉我怕有bug, 当前版本: v114514.0.0, 频道: stable
2026-03-17 23:11:37 INFO  [MAA] MaaFramework 版本: v5.7.0-alpha.2
2026-03-17 23:11:37 INFO  [MAA] 搜索 Win32 窗口, classRegex: UnityWndClass , windowRegex: BrownDust II
2026-03-17 23:11:37 INFO  [MAA] 找到 Win32 窗口: 1 个
2026-03-17 23:11:37 DEBUG [MAA]   窗口[0]: handle=198756, class=UnityWndClass, name=BrownDust II
2026-03-17 23:11:37 DEBUG [MAA] 获取 MaaFramework 版本...
2026-03-17 23:11:37 INFO  [MAA] MaaFramework 版本: v5.7.0-alpha.2
2026-03-17 23:11:37 INFO  [MAA] 创建实例: ehkudb0
2026-03-17 23:11:37 INFO  [MAA] 创建实例成功: ehkudb0
2026-03-17 23:11:37 INFO  [MAA] 连接控制器, 实例: ehkudb0 类型: Win32
2026-03-17 23:11:37 DEBUG [MAA] 控制器配置: {"type":"Win32","handle":198756,"screencap_method":2,"mouse_method":32,"keyboard_method":32}
2026-03-17 23:11:37 INFO  [MAA] 控制器连接请求已发送, ctrlId: 100000001
2026-03-17 23:11:37 WARN  [App] https://mirrorchyan.com/api/resources 请求失败: {"message":"Failed to execute 'close' on 'ReadableStreamDefaultController': Unexpected token 'C', \"Cannot GET\"... is not valid JSON"}
2026-03-17 23:11:37 DEBUG [Config] 保存配置, 路径: D:/browndust 2/install/config/mxu-MaaBrownDust.json
2026-03-17 23:11:38 INFO  [Config] 配置保存成功
2026-03-17 23:11:38 WARN  [App] https://mirrorchyan.net/api/resources 请求失败: {"message":"Failed to execute 'close' on 'ReadableStreamDefaultController': Unexpected token 'C', \"Cannot GET\"... is not valid JSON"}
2026-03-17 23:11:38 ERROR [App] 检查更新失败: {"message":"Failed to execute 'close' on 'ReadableStreamDefaultController': Unexpected token 'C', \"Cannot GET\"... is not valid JSON"}
2026-03-17 23:11:39 INFO  [Task] 当前已是管理员权限
2026-03-17 23:11:39 INFO  [Task] 实例 配置 2: 加载资源...
2026-03-17 23:11:39 INFO  [MAA] 加载资源, 实例: ehkudb0 , 路径数: 1
2026-03-17 23:11:39 DEBUG [MAA]   路径[0]: D:\browndust 2\install/resource
2026-03-17 23:11:39 INFO  [MAA] 资源加载请求已发送, resIds: [100000001]
2026-03-17 23:11:39 INFO  [MAA] 启动任务, 实例: ehkudb0 , 任务数: 1 , cwd: D:\browndust 2\install
2026-03-17 23:11:39 INFO  [Task] 实例 配置 2: 开始执行任务, 数量: 1
2026-03-17 23:11:39 DEBUG [MAA]   任务[0]: entry=GoOut, pipelineOverride=[]
2026-03-17 23:11:39 INFO  [MAA] Agent 配置: {"child_exec":"agent/go-service","child_args":[]} , tcpCompatMode: false
2026-03-17 23:11:39 INFO  [MAA] 任务已提交, taskIds: [200000001]
2026-03-17 23:11:39 INFO  [Task] 实例 配置 2: 任务已提交, task_ids: [200000001]
2026-03-17 23:11:40 DEBUG [Config] 保存配置, 路径: D:/browndust 2/install/config/mxu-MaaBrownDust.json
2026-03-17 23:11:40 INFO  [Config] 配置保存成功
2026-03-17 23:11:44 INFO  [Task] 停止任务... ehkudb0
2026-03-17 23:11:44 INFO  [MAA] 停止任务, 实例: ehkudb0
2026-03-17 23:11:44 INFO  [MAA] 停止任务请求已发送
2026-03-17 23:11:44 INFO  [Task] 任务 1/1 完成
2026-03-17 23:11:44 INFO  [Task] 所有任务执行完成
2026-03-17 23:11:44 INFO  [MAA] 停止 Agent, 实例: ehkudb0
2026-03-17 23:11:44 INFO  [MAA] 停止 Agent 成功
2026-03-17 23:11:44 INFO  [MAA] 停止 Agent, 实例: ehkudb0
2026-03-17 23:11:44 INFO  [MAA] 停止 Agent 成功
2026-03-17 23:11:45 DEBUG [Config] 保存配置, 路径: D:/browndust 2/install/config/mxu-MaaBrownDust.json
2026-03-17 23:11:45 INFO  [Config] 配置保存成功
2026-03-17 23:12:48 INFO  [App] 加载 interface.json...
2026-03-17 23:12:48 INFO  [App] Tauri 环境，加载 interface.json
2026-03-17 23:12:48 INFO  [App] basePath (绝对路径): D:\browndust 2\install
2026-03-17 23:12:48 INFO  [App] 托盘事件监听已注册
2026-03-17 23:12:48 INFO  [App] dataPath (数据目录): D:\browndust 2\install
2026-03-17 23:12:48 INFO  [App] 处理 12 个导入文件...
2026-03-17 23:12:48 INFO  [App] 加载导入文件: tasks/StartGame.json
2026-03-17 23:12:48 INFO  [App] 合并了 1 个导入的 task
2026-03-17 23:12:48 INFO  [App] 加载导入文件: tasks/Draw.json
2026-03-17 23:12:48 INFO  [App] 合并了 1 个导入的 task
2026-03-17 23:12:48 INFO  [App] 加载导入文件: tasks/Sociaty.json
2026-03-17 23:12:48 INFO  [App] 加载导入文件: tasks/Operate.json
2026-03-17 23:12:48 INFO  [App] 合并了 1 个导入的 task
2026-03-17 23:12:48 INFO  [App] 合并了 1 个导入的 task
2026-03-17 23:12:48 INFO  [App] 加载导入文件: tasks/PVP.json
2026-03-17 23:12:48 INFO  [App] 合并了 1 个导入的 task
2026-03-17 23:12:48 INFO  [App] 加载导入文件: tasks/Square.json
2026-03-17 23:12:48 INFO  [App] 加载导入文件: tasks/HuntingArea.json
2026-03-17 23:12:48 INFO  [App] 合并了 1 个导入的 task
2026-03-17 23:12:48 INFO  [App] 合并了 1 个导入的 task
2026-03-17 23:12:48 INFO  [App] 加载导入文件: tasks/Bag.json
2026-03-17 23:12:48 INFO  [App] 加载导入文件: tasks/Misson.json
2026-03-17 23:12:48 INFO  [App] 合并了 1 个导入的 task
2026-03-17 23:12:48 INFO  [App] 合并了 1 个导入的 task
2026-03-17 23:12:48 INFO  [App] 加载导入文件: tasks/Passport.json
2026-03-17 23:12:48 INFO  [App] 合并了 1 个导入的 task
2026-03-17 23:12:48 INFO  [App] 加载导入文件: tasks/Mail.json
2026-03-17 23:12:48 INFO  [App] 合并了 1 个导入的 task
2026-03-17 23:12:48 INFO  [App] 加载导入文件: tasks/test.json
2026-03-17 23:12:48 INFO  [App] 合并了 1 个导入的 task
2026-03-17 23:12:48 INFO  [App] 平台过滤: 移除了 1 个不支持的控制器 (不支持的类型: PlayCover)
2026-03-17 23:12:48 DEBUG [Config] 加载配置, 路径: D:/browndust 2/install/config/mxu-MaaBrownDust.json
2026-03-17 23:12:49 INFO  [App] 窗口图标已设置: D:\browndust 2\install/misc/MaaEnd-Tiny.png
2026-03-17 23:12:49 INFO  [Config] 配置加载成功
2026-03-17 23:12:49 INFO  [App] 全局快捷键已注册: F10 F11
2026-03-17 23:12:49 INFO  [MAA] 初始化 MaaFramework, libDir: (默认)
2026-03-17 23:12:49 INFO  [App] 已恢复后端状态: 0 个实例
2026-03-17 23:12:49 DEBUG [MAA] 检查 MaaFramework 版本...
2026-03-17 23:12:49 INFO  [MAA] MaaFramework 版本: v5.7.0-alpha.2
2026-03-17 23:12:49 INFO  [MAA] 版本检查结果: {"current":"v5.7.0-alpha.2","minimum":"v5.5.0-beta.1","is_compatible":true}
2026-03-17 23:12:49 INFO  [App] 加载完成, 项目: MaaBrownDust
2026-03-17 23:12:49 DEBUG [MAA] 获取 MaaFramework 版本...
2026-03-17 23:12:49 INFO  [App] 检查更新: MaaEnd并不是，但是#掉我怕有bug, 当前版本: v114514.0.0, 频道: stable
2026-03-17 23:12:49 INFO  [MAA] 搜索 Win32 窗口, classRegex: UnityWndClass , windowRegex: BrownDust II
2026-03-17 23:12:49 INFO  [MAA] MaaFramework 版本: v5.7.0-alpha.2
2026-03-17 23:12:49 INFO  [MAA] 找到 Win32 窗口: 1 个
2026-03-17 23:12:49 DEBUG [MAA]   窗口[0]: handle=198756, class=UnityWndClass, name=BrownDust II
2026-03-17 23:12:49 DEBUG [MAA] 获取 MaaFramework 版本...
2026-03-17 23:12:49 INFO  [MAA] MaaFramework 版本: v5.7.0-alpha.2
2026-03-17 23:12:49 INFO  [MAA] 创建实例: ehkudb0
2026-03-17 23:12:49 INFO  [MAA] 创建实例成功: ehkudb0
2026-03-17 23:12:49 INFO  [MAA] 连接控制器, 实例: ehkudb0 类型: Win32
2026-03-17 23:12:49 DEBUG [MAA] 控制器配置: {"type":"Win32","handle":198756,"screencap_method":2,"mouse_method":32,"keyboard_method":32}
2026-03-17 23:12:49 INFO  [MAA] 控制器连接请求已发送, ctrlId: 100000001
2026-03-17 23:12:49 WARN  [App] https://mirrorchyan.com/api/resources 请求失败: {"message":"Failed to execute 'close' on 'ReadableStreamDefaultController': Unexpected token 'C', \"Cannot GET\"... is not valid JSON"}
2026-03-17 23:12:49 DEBUG [Config] 保存配置, 路径: D:/browndust 2/install/config/mxu-MaaBrownDust.json
2026-03-17 23:12:49 INFO  [Config] 配置保存成功
2026-03-17 23:12:49 WARN  [App] https://mirrorchyan.net/api/resources 请求失败: {"message":"Failed to execute 'close' on 'ReadableStreamDefaultController': Unexpected token 'C', \"Cannot GET\"... is not valid JSON"}
2026-03-17 23:12:49 ERROR [App] 检查更新失败: {"message":"Failed to execute 'close' on 'ReadableStreamDefaultController': Unexpected token 'C', \"Cannot GET\"... is not valid JSON"}
2026-03-17 23:12:51 DEBUG [Config] 保存配置, 路径: D:/browndust 2/install/config/mxu-MaaBrownDust.json
2026-03-17 23:12:51 INFO  [Config] 配置保存成功
2026-03-17 23:15:02 INFO  [App] 加载 interface.json...
2026-03-17 23:15:02 INFO  [App] Tauri 环境，加载 interface.json
2026-03-17 23:15:02 INFO  [App] basePath (绝对路径): D:\browndust 2\install
2026-03-17 23:15:02 INFO  [App] 托盘事件监听已注册
2026-03-17 23:15:02 INFO  [App] dataPath (数据目录): D:\browndust 2\install
2026-03-17 23:15:02 INFO  [App] 处理 12 个导入文件...
2026-03-17 23:15:02 INFO  [App] 加载导入文件: tasks/StartGame.json
2026-03-17 23:15:02 INFO  [App] 加载导入文件: tasks/Draw.json
2026-03-17 23:15:02 INFO  [App] 合并了 1 个导入的 task
2026-03-17 23:15:02 INFO  [App] 合并了 1 个导入的 task
2026-03-17 23:15:02 INFO  [App] 加载导入文件: tasks/Sociaty.json
2026-03-17 23:15:02 INFO  [App] 合并了 1 个导入的 task
2026-03-17 23:15:02 INFO  [App] 加载导入文件: tasks/Operate.json
2026-03-17 23:15:02 INFO  [App] 合并了 1 个导入的 task
2026-03-17 23:15:02 INFO  [App] 加载导入文件: tasks/PVP.json
2026-03-17 23:15:02 INFO  [App] 合并了 1 个导入的 task
2026-03-17 23:15:02 INFO  [App] 加载导入文件: tasks/Square.json
2026-03-17 23:15:02 INFO  [App] 合并了 1 个导入的 task
2026-03-17 23:15:02 INFO  [App] 加载导入文件: tasks/HuntingArea.json
2026-03-17 23:15:02 INFO  [App] 加载导入文件: tasks/Bag.json
2026-03-17 23:15:02 INFO  [App] 合并了 1 个导入的 task
2026-03-17 23:15:02 INFO  [App] 合并了 1 个导入的 task
2026-03-17 23:15:02 INFO  [App] 加载导入文件: tasks/Misson.json
2026-03-17 23:15:02 INFO  [App] 合并了 1 个导入的 task
2026-03-17 23:15:02 INFO  [App] 加载导入文件: tasks/Passport.json
2026-03-17 23:15:02 INFO  [App] 加载导入文件: tasks/Mail.json
2026-03-17 23:15:02 INFO  [App] 合并了 1 个导入的 task
2026-03-17 23:15:02 INFO  [App] 加载导入文件: tasks/test.json
2026-03-17 23:15:02 INFO  [App] 合并了 1 个导入的 task
2026-03-17 23:15:02 INFO  [App] 合并了 1 个导入的 task
2026-03-17 23:15:02 INFO  [App] 平台过滤: 移除了 1 个不支持的控制器 (不支持的类型: PlayCover)
2026-03-17 23:15:02 DEBUG [Config] 加载配置, 路径: D:/browndust 2/install/config/mxu-MaaBrownDust.json
2026-03-17 23:15:02 INFO  [App] 窗口图标已设置: D:\browndust 2\install/misc/MaaEnd-Tiny.png
2026-03-17 23:15:02 INFO  [Config] 配置加载成功
2026-03-17 23:15:02 INFO  [App] 全局快捷键已注册: F10 F11
2026-03-17 23:15:02 INFO  [App] 已恢复后端状态: 0 个实例
2026-03-17 23:15:02 INFO  [MAA] 初始化 MaaFramework, libDir: (默认)
2026-03-17 23:15:02 INFO  [MAA] MaaFramework 版本: v5.7.0-alpha.2
2026-03-17 23:15:02 DEBUG [MAA] 检查 MaaFramework 版本...
2026-03-17 23:15:02 INFO  [MAA] 版本检查结果: {"current":"v5.7.0-alpha.2","minimum":"v5.5.0-beta.1","is_compatible":true}
2026-03-17 23:15:02 INFO  [App] 加载完成, 项目: MaaBrownDust
2026-03-17 23:15:02 DEBUG [MAA] 获取 MaaFramework 版本...
2026-03-17 23:15:02 INFO  [App] 检查更新: MaaEnd并不是，但是#掉我怕有bug, 当前版本: v114514.0.0, 频道: stable
2026-03-17 23:15:02 INFO  [MAA] MaaFramework 版本: v5.7.0-alpha.2
2026-03-17 23:15:02 INFO  [MAA] 搜索 Win32 窗口, classRegex: UnityWndClass , windowRegex: BrownDust II
2026-03-17 23:15:02 INFO  [MAA] 找到 Win32 窗口: 1 个
2026-03-17 23:15:02 DEBUG [MAA]   窗口[0]: handle=198756, class=UnityWndClass, name=BrownDust II
2026-03-17 23:15:02 DEBUG [MAA] 获取 MaaFramework 版本...
2026-03-17 23:15:02 INFO  [MAA] MaaFramework 版本: v5.7.0-alpha.2
2026-03-17 23:15:02 INFO  [MAA] 创建实例: ehkudb0
2026-03-17 23:15:02 INFO  [MAA] 创建实例成功: ehkudb0
2026-03-17 23:15:02 DEBUG [MAA] 控制器配置: {"type":"Win32","handle":198756,"screencap_method":2,"mouse_method":32,"keyboard_method":32}
2026-03-17 23:15:02 INFO  [MAA] 连接控制器, 实例: ehkudb0 类型: Win32
2026-03-17 23:15:02 INFO  [MAA] 控制器连接请求已发送, ctrlId: 100000001
2026-03-17 23:15:02 WARN  [App] https://mirrorchyan.com/api/resources 请求失败: {"message":"Failed to execute 'close' on 'ReadableStreamDefaultController': Unexpected token 'C', \"Cannot GET\"... is not valid JSON"}
2026-03-17 23:15:02 DEBUG [Config] 保存配置, 路径: D:/browndust 2/install/config/mxu-MaaBrownDust.json
2026-03-17 23:15:02 INFO  [Config] 配置保存成功
2026-03-17 23:15:02 WARN  [App] https://mirrorchyan.net/api/resources 请求失败: {"message":"Failed to execute 'close' on 'ReadableStreamDefaultController': Unexpected token 'C', \"Cannot GET\"... is not valid JSON"}
2026-03-17 23:15:02 ERROR [App] 检查更新失败: {"message":"Failed to execute 'close' on 'ReadableStreamDefaultController': Unexpected token 'C', \"Cannot GET\"... is not valid JSON"}
2026-03-17 23:15:03 INFO  [Task] 当前已是管理员权限
2026-03-17 23:15:03 INFO  [Task] 实例 配置 2: 加载资源...
2026-03-17 23:15:03 INFO  [MAA] 加载资源, 实例: ehkudb0 , 路径数: 1
2026-03-17 23:15:03 DEBUG [MAA]   路径[0]: D:\browndust 2\install/resource
2026-03-17 23:15:03 INFO  [MAA] 资源加载请求已发送, resIds: [100000001]
2026-03-17 23:15:04 INFO  [MAA] 启动任务, 实例: ehkudb0 , 任务数: 1 , cwd: D:\browndust 2\install
2026-03-17 23:15:04 INFO  [Task] 实例 配置 2: 开始执行任务, 数量: 1
2026-03-17 23:15:04 INFO  [MAA] Agent 配置: {"child_exec":"agent/go-service","child_args":[]} , tcpCompatMode: false
2026-03-17 23:15:04 DEBUG [MAA]   任务[0]: entry=GoOut, pipelineOverride=[]
2026-03-17 23:15:04 INFO  [MAA] 任务已提交, taskIds: [200000001]
2026-03-17 23:15:04 INFO  [Task] 实例 配置 2: 任务已提交, task_ids: [200000001]
2026-03-17 23:15:04 DEBUG [Config] 保存配置, 路径: D:/browndust 2/install/config/mxu-MaaBrownDust.json
2026-03-17 23:15:04 INFO  [Config] 配置保存成功
2026-03-17 23:15:08 INFO  [MAA] 停止任务, 实例: ehkudb0
2026-03-17 23:15:08 INFO  [Task] 停止任务... ehkudb0
2026-03-17 23:15:08 INFO  [MAA] 停止任务请求已发送
2026-03-17 23:15:09 INFO  [Task] 任务 1/1 完成
2026-03-17 23:15:09 INFO  [Task] 所有任务执行完成
2026-03-17 23:15:09 INFO  [MAA] 停止 Agent, 实例: ehkudb0
2026-03-17 23:15:09 INFO  [MAA] 停止 Agent 成功
2026-03-17 23:15:09 INFO  [MAA] 停止 Agent, 实例: ehkudb0
2026-03-17 23:15:09 INFO  [MAA] 停止 Agent 成功
2026-03-17 23:15:09 DEBUG [Config] 保存配置, 路径: D:/browndust 2/install/config/mxu-MaaBrownDust.json
2026-03-17 23:15:43 INFO  [App] 加载 interface.json...
2026-03-17 23:15:43 INFO  [App] Tauri 环境，加载 interface.json
2026-03-17 23:15:43 INFO  [App] basePath (绝对路径): D:\browndust 2\install
2026-03-17 23:15:43 INFO  [App] 托盘事件监听已注册
2026-03-17 23:15:43 INFO  [App] dataPath (数据目录): D:\browndust 2\install
2026-03-17 23:15:43 INFO  [App] 加载导入文件: tasks/StartGame.json
2026-03-17 23:15:43 INFO  [App] 处理 12 个导入文件...
2026-03-17 23:15:43 INFO  [App] 合并了 1 个导入的 task
2026-03-17 23:15:43 INFO  [App] 加载导入文件: tasks/Draw.json
2026-03-17 23:15:43 INFO  [App] 合并了 1 个导入的 task
2026-03-17 23:15:43 INFO  [App] 加载导入文件: tasks/Sociaty.json
2026-03-17 23:15:43 INFO  [App] 合并了 1 个导入的 task
2026-03-17 23:15:43 INFO  [App] 加载导入文件: tasks/Operate.json
2026-03-17 23:15:43 INFO  [App] 合并了 1 个导入的 task
2026-03-17 23:15:43 INFO  [App] 加载导入文件: tasks/PVP.json
2026-03-17 23:15:43 INFO  [App] 加载导入文件: tasks/Square.json
2026-03-17 23:15:43 INFO  [App] 合并了 1 个导入的 task
2026-03-17 23:15:43 INFO  [App] 加载导入文件: tasks/HuntingArea.json
2026-03-17 23:15:43 INFO  [App] 合并了 1 个导入的 task
2026-03-17 23:15:43 INFO  [App] 合并了 1 个导入的 task
2026-03-17 23:15:43 INFO  [App] 加载导入文件: tasks/Bag.json
2026-03-17 23:15:43 INFO  [App] 合并了 1 个导入的 task
2026-03-17 23:15:43 INFO  [App] 加载导入文件: tasks/Misson.json
2026-03-17 23:15:43 INFO  [App] 合并了 1 个导入的 task
2026-03-17 23:15:43 INFO  [App] 加载导入文件: tasks/Passport.json
2026-03-17 23:15:44 INFO  [App] 合并了 1 个导入的 task
2026-03-17 23:15:44 INFO  [App] 加载导入文件: tasks/Mail.json
2026-03-17 23:15:44 INFO  [App] 合并了 1 个导入的 task
2026-03-17 23:15:44 INFO  [App] 加载导入文件: tasks/test.json
2026-03-17 23:15:44 INFO  [App] 合并了 1 个导入的 task
2026-03-17 23:15:44 INFO  [App] 平台过滤: 移除了 1 个不支持的控制器 (不支持的类型: PlayCover)
2026-03-17 23:15:44 DEBUG [Config] 加载配置, 路径: D:/browndust 2/install/config/mxu-MaaBrownDust.json
2026-03-17 23:15:44 INFO  [Config] 配置加载成功
2026-03-17 23:15:44 INFO  [App] 窗口图标已设置: D:\browndust 2\install/misc/MaaEnd-Tiny.png
2026-03-17 23:15:44 INFO  [App] 全局快捷键已注册: F10 F11
2026-03-17 23:15:44 INFO  [MAA] 初始化 MaaFramework, libDir: (默认)
2026-03-17 23:15:44 INFO  [App] 已恢复后端状态: 0 个实例
2026-03-17 23:15:44 INFO  [MAA] MaaFramework 版本: v5.7.0-alpha.2
2026-03-17 23:15:44 DEBUG [MAA] 检查 MaaFramework 版本...
2026-03-17 23:15:44 INFO  [MAA] 版本检查结果: {"current":"v5.7.0-alpha.2","minimum":"v5.5.0-beta.1","is_compatible":true}
2026-03-17 23:15:44 INFO  [App] 加载完成, 项目: MaaBrownDust
2026-03-17 23:15:44 DEBUG [MAA] 获取 MaaFramework 版本...
2026-03-17 23:15:44 INFO  [App] 检查更新: MaaEnd并不是，但是#掉我怕有bug, 当前版本: v114514.0.0, 频道: stable
2026-03-17 23:15:44 INFO  [MAA] MaaFramework 版本: v5.7.0-alpha.2
2026-03-17 23:15:44 INFO  [MAA] 搜索 Win32 窗口, classRegex: UnityWndClass , windowRegex: BrownDust II
2026-03-17 23:15:44 DEBUG [MAA] 获取 MaaFramework 版本...
2026-03-17 23:15:44 INFO  [MAA] 找到 Win32 窗口: 1 个
2026-03-17 23:15:44 DEBUG [MAA]   窗口[0]: handle=198756, class=UnityWndClass, name=BrownDust II
2026-03-17 23:15:44 INFO  [MAA] MaaFramework 版本: v5.7.0-alpha.2
2026-03-17 23:15:44 INFO  [MAA] 创建实例: ehkudb0
2026-03-17 23:15:44 INFO  [MAA] 连接控制器, 实例: ehkudb0 类型: Win32
2026-03-17 23:15:44 INFO  [MAA] 创建实例成功: ehkudb0
2026-03-17 23:15:44 DEBUG [MAA] 控制器配置: {"type":"Win32","handle":198756,"screencap_method":2,"mouse_method":32,"keyboard_method":32}
2026-03-17 23:15:44 INFO  [MAA] 控制器连接请求已发送, ctrlId: 100000001
2026-03-17 23:15:44 WARN  [App] https://mirrorchyan.com/api/resources 请求失败: {"message":"Failed to execute 'close' on 'ReadableStreamDefaultController': Unexpected token 'C', \"Cannot GET\"... is not valid JSON"}
2026-03-17 23:15:44 WARN  [App] https://mirrorchyan.net/api/resources 请求失败: {"message":"Failed to execute 'close' on 'ReadableStreamDefaultController': Unexpected token 'C', \"Cannot GET\"... is not valid JSON"}
2026-03-17 23:15:44 ERROR [App] 检查更新失败: {"message":"Failed to execute 'close' on 'ReadableStreamDefaultController': Unexpected token 'C', \"Cannot GET\"... is not valid JSON"}
2026-03-17 23:15:44 DEBUG [Config] 保存配置, 路径: D:/browndust 2/install/config/mxu-MaaBrownDust.json
2026-03-17 23:15:44 INFO  [Config] 配置保存成功
2026-03-17 23:15:47 DEBUG [Config] 保存配置, 路径: D:/browndust 2/install/config/mxu-MaaBrownDust.json
2026-03-17 23:15:48 INFO  [Config] 配置保存成功
2026-03-17 23:16:16 INFO  [Task] 当前已是管理员权限
2026-03-17 23:16:16 DEBUG [MAA]   路径[0]: D:\browndust 2\install/resource
2026-03-17 23:16:16 INFO  [Task] 实例 配置 2: 加载资源...
2026-03-17 23:16:16 INFO  [MAA] 加载资源, 实例: ehkudb0 , 路径数: 1
2026-03-17 23:16:17 INFO  [MAA] 资源加载请求已发送, resIds: [100000001]
2026-03-17 23:16:17 INFO  [Task] 实例 配置 2: 开始执行任务, 数量: 1
2026-03-17 23:16:17 INFO  [MAA] 启动任务, 实例: ehkudb0 , 任务数: 1 , cwd: D:\browndust 2\install
2026-03-17 23:16:17 DEBUG [MAA]   任务[0]: entry=GoOut, pipelineOverride=[]
2026-03-17 23:16:17 INFO  [MAA] Agent 配置: {"child_exec":"agent/go-service","child_args":[]} , tcpCompatMode: false
2026-03-17 23:16:17 INFO  [MAA] 任务已提交, taskIds: [200000001]
2026-03-17 23:16:17 INFO  [Task] 实例 配置 2: 任务已提交, task_ids: [200000001]
2026-03-17 23:16:17 DEBUG [Config] 保存配置, 路径: D:/browndust 2/install/config/mxu-MaaBrownDust.json
2026-03-17 23:16:17 INFO  [Config] 配置保存成功
2026-03-17 23:16:26 INFO  [Task] 任务 1/1 完成
2026-03-17 23:16:26 INFO  [MAA] 停止 Agent, 实例: ehkudb0
2026-03-17 23:16:26 INFO  [Task] 所有任务执行完成
2026-03-17 23:16:26 INFO  [MAA] 停止 Agent 成功
2026-03-17 23:16:26 DEBUG [Config] 保存配置, 路径: D:/browndust 2/install/config/mxu-MaaBrownDust.json
2026-03-17 23:16:26 INFO  [Config] 配置保存成功
2026-03-17 23:16:39 DEBUG [MAA] 获取 MaaFramework 版本...
2026-03-17 23:16:39 INFO  [MAA] MaaFramework 版本: v5.7.0-alpha.2
2026-03-17 23:16:39 INFO  [MAA] 搜索 Win32 窗口, classRegex: UnityWndClass , windowRegex: BrownDust II
2026-03-17 23:16:39 INFO  [MAA] 找到 Win32 窗口: 1 个
2026-03-17 23:16:39 DEBUG [MAA]   窗口[0]: handle=198756, class=UnityWndClass, name=BrownDust II
2026-03-17 23:16:39 DEBUG [MAA] 获取 MaaFramework 版本...
2026-03-17 23:16:39 INFO  [MAA] 创建实例: illekb0
2026-03-17 23:16:39 INFO  [MAA] MaaFramework 版本: v5.7.0-alpha.2
2026-03-17 23:16:39 INFO  [MAA] 创建实例成功: illekb0
2026-03-17 23:16:39 INFO  [MAA] 连接控制器, 实例: illekb0 类型: Win32
2026-03-17 23:16:39 DEBUG [MAA] 控制器配置: {"type":"Win32","handle":198756,"screencap_method":2,"mouse_method":32,"keyboard_method":32}
2026-03-17 23:16:39 INFO  [MAA] 控制器连接请求已发送, ctrlId: 100000067
2026-03-17 23:16:40 DEBUG [Config] 保存配置, 路径: D:/browndust 2/install/config/mxu-MaaBrownDust.json
2026-03-17 23:16:40 INFO  [Config] 配置保存成功
2026-03-17 23:16:43 DEBUG [Config] 保存配置, 路径: D:/browndust 2/install/config/mxu-MaaBrownDust.json
2026-03-17 23:16:43 INFO  [Config] 配置保存成功
2026-03-17 23:16:44 DEBUG [Config] 保存配置, 路径: D:/browndust 2/install/config/mxu-MaaBrownDust.json
2026-03-17 23:16:44 INFO  [Config] 配置保存成功
2026-03-17 23:16:45 DEBUG [Config] 保存配置, 路径: D:/browndust 2/install/config/mxu-MaaBrownDust.json
2026-03-17 23:16:45 INFO  [Config] 配置保存成功
2026-03-17 23:17:04 INFO  [App] 加载 interface.json...
2026-03-17 23:17:04 INFO  [App] Tauri 环境，加载 interface.json
2026-03-17 23:17:04 INFO  [App] basePath (绝对路径): D:\browndust 2\install
2026-03-17 23:17:04 INFO  [App] 托盘事件监听已注册
2026-03-17 23:17:04 INFO  [App] dataPath (数据目录): D:\browndust 2\install
2026-03-17 23:17:04 INFO  [App] 处理 12 个导入文件...
2026-03-17 23:17:04 INFO  [App] 加载导入文件: tasks/StartGame.json
2026-03-17 23:17:04 INFO  [App] 合并了 1 个导入的 task
2026-03-17 23:17:04 INFO  [App] 加载导入文件: tasks/Draw.json
2026-03-17 23:17:04 INFO  [App] 加载导入文件: tasks/Sociaty.json
2026-03-17 23:17:04 INFO  [App] 合并了 1 个导入的 task
2026-03-17 23:17:04 INFO  [App] 加载导入文件: tasks/Operate.json
2026-03-17 23:17:04 INFO  [App] 合并了 1 个导入的 task
2026-03-17 23:17:04 INFO  [App] 合并了 1 个导入的 task
2026-03-17 23:17:04 INFO  [App] 加载导入文件: tasks/PVP.json
2026-03-17 23:17:04 INFO  [App] 合并了 1 个导入的 task
2026-03-17 23:17:04 INFO  [App] 加载导入文件: tasks/Square.json
2026-03-17 23:17:04 INFO  [App] 合并了 1 个导入的 task
2026-03-17 23:17:04 INFO  [App] 加载导入文件: tasks/HuntingArea.json
2026-03-17 23:17:04 INFO  [App] 合并了 1 个导入的 task
2026-03-17 23:17:04 INFO  [App] 加载导入文件: tasks/Bag.json
2026-03-17 23:17:04 INFO  [App] 合并了 1 个导入的 task
2026-03-17 23:17:04 INFO  [App] 加载导入文件: tasks/Misson.json
2026-03-17 23:17:04 INFO  [App] 加载导入文件: tasks/Passport.json
2026-03-17 23:17:04 INFO  [App] 合并了 1 个导入的 task
2026-03-17 23:17:04 INFO  [App] 加载导入文件: tasks/Mail.json
2026-03-17 23:17:04 INFO  [App] 合并了 1 个导入的 task
2026-03-17 23:17:04 INFO  [App] 合并了 1 个导入的 task
2026-03-17 23:17:04 INFO  [App] 加载导入文件: tasks/test.json
2026-03-17 23:17:04 INFO  [App] 合并了 1 个导入的 task
2026-03-17 23:17:04 INFO  [App] 平台过滤: 移除了 1 个不支持的控制器 (不支持的类型: PlayCover)
2026-03-17 23:17:04 DEBUG [Config] 加载配置, 路径: D:/browndust 2/install/config/mxu-MaaBrownDust.json
2026-03-17 23:17:04 INFO  [Config] 配置加载成功
2026-03-17 23:17:04 INFO  [App] 窗口图标已设置: D:\browndust 2\install/misc/MaaEnd-Tiny.png
2026-03-17 23:17:05 INFO  [App] 全局快捷键已注册: F10 F11
2026-03-17 23:17:05 INFO  [App] 已恢复后端状态: 0 个实例
2026-03-17 23:17:05 INFO  [MAA] 初始化 MaaFramework, libDir: (默认)
2026-03-17 23:17:05 DEBUG [MAA] 检查 MaaFramework 版本...
2026-03-17 23:17:05 INFO  [MAA] MaaFramework 版本: v5.7.0-alpha.2
2026-03-17 23:17:05 INFO  [MAA] 版本检查结果: {"current":"v5.7.0-alpha.2","minimum":"v5.5.0-beta.1","is_compatible":true}
2026-03-17 23:17:05 INFO  [App] 加载完成, 项目: MaaBrownDust
2026-03-17 23:17:05 DEBUG [MAA] 获取 MaaFramework 版本...
2026-03-17 23:17:05 INFO  [App] 检查更新: MaaEnd并不是，但是#掉我怕有bug, 当前版本: v114514.0.0, 频道: stable
2026-03-17 23:17:05 INFO  [MAA] MaaFramework 版本: v5.7.0-alpha.2
2026-03-17 23:17:05 INFO  [MAA] 搜索 Win32 窗口, classRegex: UnityWndClass , windowRegex: BrownDust II
2026-03-17 23:17:05 INFO  [MAA] 找到 Win32 窗口: 1 个
2026-03-17 23:17:05 DEBUG [MAA]   窗口[0]: handle=198756, class=UnityWndClass, name=BrownDust II
2026-03-17 23:17:05 DEBUG [MAA] 获取 MaaFramework 版本...
2026-03-17 23:17:05 INFO  [MAA] MaaFramework 版本: v5.7.0-alpha.2
2026-03-17 23:17:05 INFO  [MAA] 创建实例: illekb0
2026-03-17 23:17:05 INFO  [MAA] 创建实例成功: illekb0
2026-03-17 23:17:05 DEBUG [MAA] 控制器配置: {"type":"Win32","handle":198756,"screencap_method":2,"mouse_method":32,"keyboard_method":32}
2026-03-17 23:17:05 INFO  [MAA] 连接控制器, 实例: illekb0 类型: Win32
2026-03-17 23:17:05 INFO  [MAA] 控制器连接请求已发送, ctrlId: 100000001
2026-03-17 23:17:05 WARN  [App] https://mirrorchyan.com/api/resources 请求失败: {"message":"Failed to execute 'close' on 'ReadableStreamDefaultController': Unexpected token 'C', \"Cannot GET\"... is not valid JSON"}
2026-03-17 23:17:05 DEBUG [Config] 保存配置, 路径: D:/browndust 2/install/config/mxu-MaaBrownDust.json
2026-03-17 23:17:05 INFO  [Config] 配置保存成功
2026-03-17 23:17:05 ERROR [App] 检查更新失败: {"message":"Failed to execute 'close' on 'ReadableStreamDefaultController': Unexpected token 'C', \"Cannot GET\"... is not valid JSON"}
2026-03-17 23:17:05 WARN  [App] https://mirrorchyan.net/api/resources 请求失败: {"message":"Failed to execute 'close' on 'ReadableStreamDefaultController': Unexpected token 'C', \"Cannot GET\"... is not valid JSON"}
2026-03-17 23:17:07 INFO  [Task] 当前已是管理员权限
2026-03-17 23:17:07 INFO  [MAA] 加载资源, 实例: illekb0 , 路径数: 1
2026-03-17 23:17:07 INFO  [Task] 实例 配置 1: 加载资源...
2026-03-17 23:17:07 DEBUG [MAA]   路径[0]: D:\browndust 2\install/resource
2026-03-17 23:17:07 INFO  [MAA] 资源加载请求已发送, resIds: [100000001]
2026-03-17 23:17:07 INFO  [Task] 实例 配置 1: 开始执行任务, 数量: 6
2026-03-17 23:17:07 INFO  [MAA] 启动任务, 实例: illekb0 , 任务数: 6 , cwd: D:\browndust 2\install
2026-03-17 23:17:07 DEBUG [MAA]   任务[0]: entry=SquareStart, pipelineOverride=[]
2026-03-17 23:17:07 DEBUG [MAA]   任务[2]: entry=EnterBag, pipelineOverride=[]
2026-03-17 23:17:07 DEBUG [MAA]   任务[5]: entry=EnterMail, pipelineOverride=[]
2026-03-17 23:17:07 DEBUG [MAA]   任务[3]: entry=EnterMission, pipelineOverride=[]
2026-03-17 23:17:07 DEBUG [MAA]   任务[1]: entry=EnterHunt, pipelineOverride=[]
2026-03-17 23:17:07 INFO  [MAA] Agent 配置: {"child_exec":"agent/go-service","child_args":[]} , tcpCompatMode: false
2026-03-17 23:17:07 DEBUG [MAA]   任务[4]: entry=EnterPassport, pipelineOverride=[]
2026-03-17 23:17:07 INFO  [MAA] 任务已提交, taskIds: [200000001,200000002,200000003,200000004,200000005,200000006]
2026-03-17 23:17:07 INFO  [Task] 实例 配置 1: 任务已提交, task_ids: [200000001,200000002,200000003,200000004,200000005,200000006]
2026-03-17 23:17:08 DEBUG [Config] 保存配置, 路径: D:/browndust 2/install/config/mxu-MaaBrownDust.json
2026-03-17 23:17:08 INFO  [Config] 配置保存成功
2026-03-17 23:17:16 INFO  [Task] 停止任务... illekb0
2026-03-17 23:17:16 INFO  [MAA] 停止任务, 实例: illekb0
2026-03-17 23:17:16 INFO  [MAA] 停止任务请求已发送
2026-03-17 23:17:16 INFO  [Task] 任务 1/6 完成
2026-03-17 23:17:16 INFO  [MAA] 停止 Agent, 实例: illekb0
2026-03-17 23:17:16 INFO  [MAA] 停止 Agent 成功
2026-03-17 23:17:17 DEBUG [Config] 保存配置, 路径: D:/browndust 2/install/config/mxu-MaaBrownDust.json
2026-03-17 23:17:17 INFO  [Config] 配置保存成功
2026-03-17 23:17:17 INFO  [Task] 当前已是管理员权限
2026-03-17 23:17:17 INFO  [Task] 实例 配置 1: 开始执行任务, 数量: 6
2026-03-17 23:17:17 INFO  [MAA] 启动任务, 实例: illekb0 , 任务数: 6 , cwd: D:\browndust 2\install
2026-03-17 23:17:17 DEBUG [MAA]   任务[0]: entry=SquareStart, pipelineOverride=[]
2026-03-17 23:17:17 DEBUG [MAA]   任务[1]: entry=EnterHunt, pipelineOverride=[]
2026-03-17 23:17:17 DEBUG [MAA]   任务[2]: entry=EnterBag, pipelineOverride=[]
2026-03-17 23:17:17 INFO  [MAA] Agent 配置: {"child_exec":"agent/go-service","child_args":[]} , tcpCompatMode: false
2026-03-17 23:17:17 DEBUG [MAA]   任务[4]: entry=EnterPassport, pipelineOverride=[]
2026-03-17 23:17:17 DEBUG [MAA]   任务[3]: entry=EnterMission, pipelineOverride=[]
2026-03-17 23:17:17 DEBUG [MAA]   任务[5]: entry=EnterMail, pipelineOverride=[]
2026-03-17 23:17:17 INFO  [Task] 实例 配置 1: 任务已提交, task_ids: [200000008,200000009,200000010,200000011,200000012,200000013]
2026-03-17 23:17:17 INFO  [MAA] 任务已提交, taskIds: [200000008,200000009,200000010,200000011,200000012,200000013]
2026-03-17 23:17:18 DEBUG [Config] 保存配置, 路径: D:/browndust 2/install/config/mxu-MaaBrownDust.json
2026-03-17 23:17:18 INFO  [Config] 配置保存成功
2026-03-17 23:17:19 INFO  [Task] 停止任务... illekb0
2026-03-17 23:17:19 INFO  [MAA] 停止任务, 实例: illekb0
2026-03-17 23:17:19 INFO  [MAA] 停止任务请求已发送
2026-03-17 23:17:20 INFO  [Task] 任务 1/6 完成
2026-03-17 23:17:20 INFO  [MAA] 停止 Agent, 实例: illekb0
2026-03-17 23:17:20 INFO  [MAA] 停止 Agent 成功
2026-03-17 23:17:20 DEBUG [Config] 保存配置, 路径: D:/browndust 2/install/config/mxu-MaaBrownDust.json
2026-03-17 23:17:20 INFO  [Config] 配置保存成功
2026-03-17 23:18:05 INFO  [App] 加载 interface.json...
2026-03-17 23:18:05 INFO  [App] Tauri 环境，加载 interface.json
2026-03-17 23:18:05 INFO  [App] basePath (绝对路径): D:\browndust 2\install
2026-03-17 23:18:05 INFO  [App] 托盘事件监听已注册
2026-03-17 23:18:05 INFO  [App] dataPath (数据目录): D:\browndust 2\install
2026-03-17 23:18:05 INFO  [App] 处理 12 个导入文件...
2026-03-17 23:18:05 INFO  [App] 加载导入文件: tasks/StartGame.json
2026-03-17 23:18:05 INFO  [App] 加载导入文件: tasks/Draw.json
2026-03-17 23:18:05 INFO  [App] 合并了 1 个导入的 task
2026-03-17 23:18:05 INFO  [App] 合并了 1 个导入的 task
2026-03-17 23:18:05 INFO  [App] 加载导入文件: tasks/Sociaty.json
2026-03-17 23:18:05 INFO  [App] 加载导入文件: tasks/Operate.json
2026-03-17 23:18:05 INFO  [App] 合并了 1 个导入的 task
2026-03-17 23:18:05 INFO  [App] 合并了 1 个导入的 task
2026-03-17 23:18:05 INFO  [App] 加载导入文件: tasks/PVP.json
2026-03-17 23:18:05 INFO  [App] 合并了 1 个导入的 task
2026-03-17 23:18:05 INFO  [App] 加载导入文件: tasks/Square.json
2026-03-17 23:18:05 INFO  [App] 合并了 1 个导入的 task
2026-03-17 23:18:05 INFO  [App] 加载导入文件: tasks/HuntingArea.json
2026-03-17 23:18:05 INFO  [App] 加载导入文件: tasks/Bag.json
2026-03-17 23:18:05 INFO  [App] 合并了 1 个导入的 task
2026-03-17 23:18:05 INFO  [App] 合并了 1 个导入的 task
2026-03-17 23:18:05 INFO  [App] 加载导入文件: tasks/Misson.json
2026-03-17 23:18:05 INFO  [App] 合并了 1 个导入的 task
2026-03-17 23:18:05 INFO  [App] 加载导入文件: tasks/Passport.json
2026-03-17 23:18:05 INFO  [App] 合并了 1 个导入的 task
2026-03-17 23:18:05 INFO  [App] 加载导入文件: tasks/Mail.json
2026-03-17 23:18:05 INFO  [App] 合并了 1 个导入的 task
2026-03-17 23:18:05 INFO  [App] 加载导入文件: tasks/test.json
2026-03-17 23:18:05 INFO  [App] 合并了 1 个导入的 task
2026-03-17 23:18:05 INFO  [App] 平台过滤: 移除了 1 个不支持的控制器 (不支持的类型: PlayCover)
2026-03-17 23:18:05 DEBUG [Config] 加载配置, 路径: D:/browndust 2/install/config/mxu-MaaBrownDust.json
2026-03-17 23:18:05 INFO  [Config] 配置加载成功
2026-03-17 23:18:05 INFO  [App] 窗口图标已设置: D:\browndust 2\install/misc/MaaEnd-Tiny.png
2026-03-17 23:18:05 INFO  [App] 全局快捷键已注册: F10 F11
2026-03-17 23:18:05 INFO  [MAA] 初始化 MaaFramework, libDir: (默认)
2026-03-17 23:18:05 INFO  [App] 已恢复后端状态: 0 个实例
2026-03-17 23:18:05 INFO  [MAA] MaaFramework 版本: v5.7.0-alpha.2
2026-03-17 23:18:05 DEBUG [MAA] 检查 MaaFramework 版本...
2026-03-17 23:18:05 INFO  [MAA] 版本检查结果: {"current":"v5.7.0-alpha.2","minimum":"v5.5.0-beta.1","is_compatible":true}
2026-03-17 23:18:05 INFO  [App] 加载完成, 项目: MaaBrownDust
2026-03-17 23:18:05 DEBUG [MAA] 获取 MaaFramework 版本...
2026-03-17 23:18:05 INFO  [MAA] MaaFramework 版本: v5.7.0-alpha.2
2026-03-17 23:18:05 INFO  [App] 检查更新: MaaEnd并不是，但是#掉我怕有bug, 当前版本: v114514.0.0, 频道: stable
2026-03-17 23:18:05 INFO  [MAA] 搜索 Win32 窗口, classRegex: UnityWndClass , windowRegex: BrownDust II
2026-03-17 23:18:05 INFO  [MAA] 找到 Win32 窗口: 1 个
2026-03-17 23:18:05 DEBUG [MAA]   窗口[0]: handle=198756, class=UnityWndClass, name=BrownDust II
2026-03-17 23:18:05 DEBUG [MAA] 获取 MaaFramework 版本...
2026-03-17 23:18:05 INFO  [MAA] MaaFramework 版本: v5.7.0-alpha.2
2026-03-17 23:18:05 INFO  [MAA] 创建实例: illekb0
2026-03-17 23:18:05 INFO  [MAA] 创建实例成功: illekb0
2026-03-17 23:18:05 INFO  [MAA] 连接控制器, 实例: illekb0 类型: Win32
2026-03-17 23:18:05 DEBUG [MAA] 控制器配置: {"type":"Win32","handle":198756,"screencap_method":2,"mouse_method":32,"keyboard_method":32}
2026-03-17 23:18:05 INFO  [MAA] 控制器连接请求已发送, ctrlId: 100000001
2026-03-17 23:18:05 WARN  [App] https://mirrorchyan.com/api/resources 请求失败: {"message":"Failed to execute 'close' on 'ReadableStreamDefaultController': Unexpected token 'C', \"Cannot GET\"... is not valid JSON"}
2026-03-17 23:18:06 ERROR [App] 检查更新失败: {"message":"Failed to execute 'close' on 'ReadableStreamDefaultController': Unexpected token 'C', \"Cannot GET\"... is not valid JSON"}
2026-03-17 23:18:06 WARN  [App] https://mirrorchyan.net/api/resources 请求失败: {"message":"Failed to execute 'close' on 'ReadableStreamDefaultController': Unexpected token 'C', \"Cannot GET\"... is not valid JSON"}
2026-03-17 23:18:06 DEBUG [Config] 保存配置, 路径: D:/browndust 2/install/config/mxu-MaaBrownDust.json
2026-03-17 23:18:06 INFO  [Config] 配置保存成功
2026-03-17 23:18:07 INFO  [Task] 当前已是管理员权限
2026-03-17 23:18:07 INFO  [MAA] 加载资源, 实例: illekb0 , 路径数: 1
2026-03-17 23:18:07 INFO  [Task] 实例 配置 1: 加载资源...
2026-03-17 23:18:07 DEBUG [MAA]   路径[0]: D:\browndust 2\install/resource
2026-03-17 23:18:07 INFO  [MAA] 资源加载请求已发送, resIds: [100000001]
2026-03-17 23:18:07 INFO  [MAA] 启动任务, 实例: illekb0 , 任务数: 6 , cwd: D:\browndust 2\install
2026-03-17 23:18:07 INFO  [Task] 实例 配置 1: 开始执行任务, 数量: 6
2026-03-17 23:18:07 DEBUG [MAA]   任务[0]: entry=SquareStart, pipelineOverride=[]
2026-03-17 23:18:07 DEBUG [MAA]   任务[2]: entry=EnterBag, pipelineOverride=[]
2026-03-17 23:18:07 DEBUG [MAA]   任务[5]: entry=EnterMail, pipelineOverride=[]
2026-03-17 23:18:07 DEBUG [MAA]   任务[4]: entry=EnterPassport, pipelineOverride=[]
2026-03-17 23:18:07 DEBUG [MAA]   任务[3]: entry=EnterMission, pipelineOverride=[]
2026-03-17 23:18:07 DEBUG [MAA]   任务[1]: entry=EnterHunt, pipelineOverride=[]
2026-03-17 23:18:07 INFO  [MAA] Agent 配置: {"child_exec":"agent/go-service","child_args":[]} , tcpCompatMode: false
2026-03-17 23:18:07 INFO  [Task] 实例 配置 1: 任务已提交, task_ids: [200000001,200000002,200000003,200000004,200000005,200000006]
2026-03-17 23:18:07 INFO  [MAA] 任务已提交, taskIds: [200000001,200000002,200000003,200000004,200000005,200000006]
2026-03-17 23:18:08 DEBUG [Config] 保存配置, 路径: D:/browndust 2/install/config/mxu-MaaBrownDust.json
2026-03-17 23:18:08 INFO  [Config] 配置保存成功
2026-03-17 23:18:20 INFO  [Task] 停止任务... illekb0
2026-03-17 23:18:20 INFO  [MAA] 停止任务, 实例: illekb0
2026-03-17 23:18:20 INFO  [MAA] 停止任务请求已发送
2026-03-17 23:18:21 INFO  [Task] 任务 1/6 完成
2026-03-17 23:18:21 INFO  [MAA] 停止 Agent, 实例: illekb0
2026-03-17 23:18:21 INFO  [MAA] 停止 Agent 成功
2026-03-17 23:18:22 DEBUG [Config] 保存配置, 路径: D:/browndust 2/install/config/mxu-MaaBrownDust.json
2026-03-17 23:18:22 INFO  [Config] 配置保存成功
2026-03-17 23:18:25 DEBUG [Config] 保存配置, 路径: D:/browndust 2/install/config/mxu-MaaBrownDust.json
2026-03-17 23:18:25 INFO  [Config] 配置保存成功
2026-03-17 23:19:37 DEBUG [Config] 保存配置, 路径: D:/browndust 2/install/config/mxu-MaaBrownDust.json
2026-03-17 23:19:37 INFO  [Config] 配置保存成功
2026-03-17 23:19:50 INFO  [App] 加载 interface.json...
2026-03-17 23:19:50 INFO  [App] Tauri 环境，加载 interface.json
2026-03-17 23:19:50 INFO  [App] basePath (绝对路径): D:\browndust 2\install
2026-03-17 23:19:50 INFO  [App] 托盘事件监听已注册
2026-03-17 23:19:50 INFO  [App] dataPath (数据目录): D:\browndust 2\install
2026-03-17 23:19:50 INFO  [App] 处理 12 个导入文件...
2026-03-17 23:19:50 INFO  [App] 加载导入文件: tasks/StartGame.json
2026-03-17 23:19:50 INFO  [App] 加载导入文件: tasks/Draw.json
2026-03-17 23:19:50 INFO  [App] 合并了 1 个导入的 task
2026-03-17 23:19:50 INFO  [App] 合并了 1 个导入的 task
2026-03-17 23:19:50 INFO  [App] 加载导入文件: tasks/Sociaty.json
2026-03-17 23:19:50 INFO  [App] 合并了 1 个导入的 task
2026-03-17 23:19:50 INFO  [App] 加载导入文件: tasks/Operate.json
2026-03-17 23:19:50 INFO  [App] 合并了 1 个导入的 task
2026-03-17 23:19:50 INFO  [App] 加载导入文件: tasks/PVP.json
2026-03-17 23:19:50 INFO  [App] 加载导入文件: tasks/Square.json
2026-03-17 23:19:50 INFO  [App] 合并了 1 个导入的 task
2026-03-17 23:19:50 INFO  [App] 合并了 1 个导入的 task
2026-03-17 23:19:50 INFO  [App] 加载导入文件: tasks/HuntingArea.json
2026-03-17 23:19:50 INFO  [App] 合并了 1 个导入的 task
2026-03-17 23:19:50 INFO  [App] 加载导入文件: tasks/Bag.json
2026-03-17 23:19:50 INFO  [App] 合并了 1 个导入的 task
2026-03-17 23:19:50 INFO  [App] 加载导入文件: tasks/Misson.json
2026-03-17 23:19:50 INFO  [App] 合并了 1 个导入的 task
2026-03-17 23:19:50 INFO  [App] 加载导入文件: tasks/Passport.json
2026-03-17 23:19:50 INFO  [App] 加载导入文件: tasks/Mail.json
2026-03-17 23:19:50 INFO  [App] 合并了 1 个导入的 task
2026-03-17 23:19:50 INFO  [App] 合并了 1 个导入的 task
2026-03-17 23:19:50 INFO  [App] 加载导入文件: tasks/test.json
2026-03-17 23:19:50 INFO  [App] 平台过滤: 移除了 1 个不支持的控制器 (不支持的类型: PlayCover)
2026-03-17 23:19:50 INFO  [App] 合并了 1 个导入的 task
2026-03-17 23:19:50 DEBUG [Config] 加载配置, 路径: D:/browndust 2/install/config/mxu-MaaBrownDust.json
2026-03-17 23:19:50 INFO  [Config] 配置加载成功
2026-03-17 23:19:50 INFO  [App] 窗口图标已设置: D:\browndust 2\install/misc/MaaEnd-Tiny.png
2026-03-17 23:19:50 INFO  [App] 全局快捷键已注册: F10 F11
2026-03-17 23:19:50 INFO  [App] 已恢复后端状态: 0 个实例
2026-03-17 23:19:50 INFO  [MAA] 初始化 MaaFramework, libDir: (默认)
2026-03-17 23:19:50 INFO  [MAA] MaaFramework 版本: v5.7.0-alpha.2
2026-03-17 23:19:50 DEBUG [MAA] 检查 MaaFramework 版本...
2026-03-17 23:19:50 INFO  [MAA] 版本检查结果: {"current":"v5.7.0-alpha.2","minimum":"v5.5.0-beta.1","is_compatible":true}
2026-03-17 23:19:50 INFO  [App] 加载完成, 项目: MaaBrownDust
2026-03-17 23:19:50 DEBUG [MAA] 获取 MaaFramework 版本...
2026-03-17 23:19:50 INFO  [App] 检查更新: MaaEnd并不是，但是#掉我怕有bug, 当前版本: v114514.0.0, 频道: stable
2026-03-17 23:19:50 INFO  [MAA] 搜索 Win32 窗口, classRegex: UnityWndClass , windowRegex: BrownDust II
2026-03-17 23:19:50 INFO  [MAA] MaaFramework 版本: v5.7.0-alpha.2
2026-03-17 23:19:50 INFO  [MAA] 找到 Win32 窗口: 1 个
2026-03-17 23:19:50 DEBUG [MAA]   窗口[0]: handle=198756, class=UnityWndClass, name=BrownDust II
2026-03-17 23:19:50 DEBUG [MAA] 获取 MaaFramework 版本...
2026-03-17 23:19:50 INFO  [MAA] MaaFramework 版本: v5.7.0-alpha.2
2026-03-17 23:19:50 INFO  [MAA] 创建实例: illekb0
2026-03-17 23:19:50 INFO  [MAA] 创建实例成功: illekb0
2026-03-17 23:19:50 INFO  [MAA] 连接控制器, 实例: illekb0 类型: Win32
2026-03-17 23:19:50 DEBUG [MAA] 控制器配置: {"type":"Win32","handle":198756,"screencap_method":2,"mouse_method":32,"keyboard_method":32}
2026-03-17 23:19:50 INFO  [MAA] 控制器连接请求已发送, ctrlId: 100000001
2026-03-17 23:19:51 WARN  [App] https://mirrorchyan.com/api/resources 请求失败: {"message":"Failed to execute 'close' on 'ReadableStreamDefaultController': Unexpected token 'C', \"Cannot GET\"... is not valid JSON"}
2026-03-17 23:19:51 DEBUG [Config] 保存配置, 路径: D:/browndust 2/install/config/mxu-MaaBrownDust.json
2026-03-17 23:19:51 WARN  [App] https://mirrorchyan.net/api/resources 请求失败: {"message":"Failed to execute 'close' on 'ReadableStreamDefaultController': Unexpected token 'C', \"Cannot GET\"... is not valid JSON"}
2026-03-17 23:19:51 ERROR [App] 检查更新失败: {"message":"Failed to execute 'close' on 'ReadableStreamDefaultController': Unexpected token 'C', \"Cannot GET\"... is not valid JSON"}
2026-03-17 23:19:51 INFO  [Config] 配置保存成功
2026-03-17 23:19:51 INFO  [Task] 当前已是管理员权限
2026-03-17 23:19:51 INFO  [MAA] 加载资源, 实例: illekb0 , 路径数: 1
2026-03-17 23:19:51 DEBUG [MAA]   路径[0]: D:\browndust 2\install/resource
2026-03-17 23:19:51 INFO  [Task] 实例 配置 1: 加载资源...
2026-03-17 23:19:51 INFO  [MAA] 资源加载请求已发送, resIds: [100000001]
2026-03-17 23:19:52 INFO  [MAA] 启动任务, 实例: illekb0 , 任务数: 6 , cwd: D:\browndust 2\install
2026-03-17 23:19:52 INFO  [Task] 实例 配置 1: 开始执行任务, 数量: 6
2026-03-17 23:19:52 DEBUG [MAA]   任务[0]: entry=SquareStart, pipelineOverride=[]
2026-03-17 23:19:52 DEBUG [MAA]   任务[4]: entry=EnterPassport, pipelineOverride=[]
2026-03-17 23:19:52 DEBUG [MAA]   任务[1]: entry=EnterHunt, pipelineOverride=[]
2026-03-17 23:19:52 DEBUG [MAA]   任务[3]: entry=EnterMission, pipelineOverride=[]
2026-03-17 23:19:52 DEBUG [MAA]   任务[2]: entry=EnterBag, pipelineOverride=[]
2026-03-17 23:19:52 DEBUG [MAA]   任务[5]: entry=EnterMail, pipelineOverride=[]
2026-03-17 23:19:52 INFO  [MAA] Agent 配置: {"child_exec":"agent/go-service","child_args":[]} , tcpCompatMode: false
2026-03-17 23:19:52 INFO  [MAA] 任务已提交, taskIds: [200000001,200000002,200000003,200000004,200000005,200000006]
2026-03-17 23:19:52 INFO  [Task] 实例 配置 1: 任务已提交, task_ids: [200000001,200000002,200000003,200000004,200000005,200000006]
2026-03-17 23:19:52 DEBUG [Config] 保存配置, 路径: D:/browndust 2/install/config/mxu-MaaBrownDust.json
2026-03-17 23:19:52 INFO  [Config] 配置保存成功
2026-03-17 23:20:01 INFO  [Task] 停止任务... illekb0
2026-03-17 23:20:01 INFO  [MAA] 停止任务请求已发送
2026-03-17 23:20:01 INFO  [MAA] 停止任务, 实例: illekb0
2026-03-17 23:20:01 INFO  [Task] 任务 1/6 完成
2026-03-17 23:20:01 INFO  [MAA] 停止 Agent, 实例: illekb0
2026-03-17 23:20:01 INFO  [MAA] 停止 Agent 成功
2026-03-17 23:20:02 DEBUG [Config] 保存配置, 路径: D:/browndust 2/install/config/mxu-MaaBrownDust.json
2026-03-17 23:20:02 INFO  [Config] 配置保存成功
2026-03-17 23:20:04 DEBUG [Config] 保存配置, 路径: D:/browndust 2/install/config/mxu-MaaBrownDust.json
2026-03-17 23:20:04 INFO  [Config] 配置保存成功
2026-03-17 23:20:38 INFO  [App] 加载 interface.json...
2026-03-17 23:20:38 INFO  [App] Tauri 环境，加载 interface.json
2026-03-17 23:20:38 INFO  [App] basePath (绝对路径): D:\browndust 2\install
2026-03-17 23:20:38 INFO  [App] 托盘事件监听已注册
2026-03-17 23:20:38 INFO  [App] dataPath (数据目录): D:\browndust 2\install
2026-03-17 23:20:38 INFO  [App] 处理 12 个导入文件...
2026-03-17 23:20:38 INFO  [App] 加载导入文件: tasks/StartGame.json
2026-03-17 23:20:38 INFO  [App] 合并了 1 个导入的 task
2026-03-17 23:20:38 INFO  [App] 加载导入文件: tasks/Draw.json
2026-03-17 23:20:38 INFO  [App] 加载导入文件: tasks/Sociaty.json
2026-03-17 23:20:38 INFO  [App] 合并了 1 个导入的 task
2026-03-17 23:20:38 INFO  [App] 合并了 1 个导入的 task
2026-03-17 23:20:38 INFO  [App] 加载导入文件: tasks/Operate.json
2026-03-17 23:20:38 INFO  [App] 合并了 1 个导入的 task
2026-03-17 23:20:38 INFO  [App] 加载导入文件: tasks/PVP.json
2026-03-17 23:20:38 INFO  [App] 合并了 1 个导入的 task
2026-03-17 23:20:38 INFO  [App] 加载导入文件: tasks/Square.json
2026-03-17 23:20:38 INFO  [App] 加载导入文件: tasks/HuntingArea.json
2026-03-17 23:20:38 INFO  [App] 合并了 1 个导入的 task
2026-03-17 23:20:38 INFO  [App] 合并了 1 个导入的 task
2026-03-17 23:20:38 INFO  [App] 加载导入文件: tasks/Bag.json
2026-03-17 23:20:38 INFO  [App] 合并了 1 个导入的 task
2026-03-17 23:20:38 INFO  [App] 加载导入文件: tasks/Misson.json
2026-03-17 23:20:38 INFO  [App] 合并了 1 个导入的 task
2026-03-17 23:20:38 INFO  [App] 加载导入文件: tasks/Passport.json
2026-03-17 23:20:38 INFO  [App] 合并了 1 个导入的 task
2026-03-17 23:20:38 INFO  [App] 加载导入文件: tasks/Mail.json
2026-03-17 23:20:38 INFO  [App] 合并了 1 个导入的 task
2026-03-17 23:20:38 INFO  [App] 加载导入文件: tasks/test.json
2026-03-17 23:20:38 INFO  [App] 合并了 1 个导入的 task
2026-03-17 23:20:38 INFO  [App] 平台过滤: 移除了 1 个不支持的控制器 (不支持的类型: PlayCover)
2026-03-17 23:20:38 DEBUG [Config] 加载配置, 路径: D:/browndust 2/install/config/mxu-MaaBrownDust.json
2026-03-17 23:20:38 INFO  [App] 窗口图标已设置: D:\browndust 2\install/misc/MaaEnd-Tiny.png
2026-03-17 23:20:38 INFO  [Config] 配置加载成功
2026-03-17 23:20:38 INFO  [App] 全局快捷键已注册: F10 F11
2026-03-17 23:20:38 INFO  [App] 已恢复后端状态: 0 个实例
2026-03-17 23:20:38 INFO  [MAA] 初始化 MaaFramework, libDir: (默认)
2026-03-17 23:20:38 INFO  [MAA] MaaFramework 版本: v5.7.0-alpha.2
2026-03-17 23:20:38 DEBUG [MAA] 检查 MaaFramework 版本...
2026-03-17 23:20:38 INFO  [MAA] 版本检查结果: {"current":"v5.7.0-alpha.2","minimum":"v5.5.0-beta.1","is_compatible":true}
2026-03-17 23:20:38 INFO  [App] 加载完成, 项目: MaaBrownDust
2026-03-17 23:20:39 DEBUG [MAA] 获取 MaaFramework 版本...
2026-03-17 23:20:39 INFO  [App] 检查更新: MaaEnd并不是，但是#掉我怕有bug, 当前版本: v114514.0.0, 频道: stable
2026-03-17 23:20:39 INFO  [MAA] MaaFramework 版本: v5.7.0-alpha.2
2026-03-17 23:20:39 INFO  [MAA] 搜索 Win32 窗口, classRegex: UnityWndClass , windowRegex: BrownDust II
2026-03-17 23:20:39 DEBUG [MAA]   窗口[0]: handle=198756, class=UnityWndClass, name=BrownDust II
2026-03-17 23:20:39 INFO  [MAA] 找到 Win32 窗口: 1 个
2026-03-17 23:20:39 DEBUG [MAA] 获取 MaaFramework 版本...
2026-03-17 23:20:39 INFO  [MAA] MaaFramework 版本: v5.7.0-alpha.2
2026-03-17 23:20:39 INFO  [MAA] 创建实例: illekb0
2026-03-17 23:20:39 INFO  [MAA] 创建实例成功: illekb0
2026-03-17 23:20:39 DEBUG [MAA] 控制器配置: {"type":"Win32","handle":198756,"screencap_method":2,"mouse_method":32,"keyboard_method":32}
2026-03-17 23:20:39 INFO  [MAA] 连接控制器, 实例: illekb0 类型: Win32
2026-03-17 23:20:39 INFO  [MAA] 控制器连接请求已发送, ctrlId: 100000001
2026-03-17 23:20:39 WARN  [App] https://mirrorchyan.com/api/resources 请求失败: {"message":"Failed to execute 'close' on 'ReadableStreamDefaultController': Unexpected token 'C', \"Cannot GET\"... is not valid JSON"}
2026-03-17 23:20:39 DEBUG [Config] 保存配置, 路径: D:/browndust 2/install/config/mxu-MaaBrownDust.json
2026-03-17 23:20:39 INFO  [Config] 配置保存成功
2026-03-17 23:20:39 ERROR [App] 检查更新失败: {"message":"Failed to execute 'close' on 'ReadableStreamDefaultController': Unexpected token 'C', \"Cannot GET\"... is not valid JSON"}
2026-03-17 23:20:39 WARN  [App] https://mirrorchyan.net/api/resources 请求失败: {"message":"Failed to execute 'close' on 'ReadableStreamDefaultController': Unexpected token 'C', \"Cannot GET\"... is not valid JSON"}
2026-03-17 23:20:39 INFO  [Task] 当前已是管理员权限
2026-03-17 23:20:39 INFO  [Task] 实例 配置 1: 加载资源...
2026-03-17 23:20:39 INFO  [MAA] 加载资源, 实例: illekb0 , 路径数: 1
2026-03-17 23:20:39 DEBUG [MAA]   路径[0]: D:\browndust 2\install/resource
2026-03-17 23:20:40 INFO  [MAA] 资源加载请求已发送, resIds: [100000001]
2026-03-17 23:20:40 INFO  [MAA] 启动任务, 实例: illekb0 , 任务数: 6 , cwd: D:\browndust 2\install
2026-03-17 23:20:40 INFO  [Task] 实例 配置 1: 开始执行任务, 数量: 6
2026-03-17 23:20:40 DEBUG [MAA]   任务[0]: entry=SquareStart, pipelineOverride=[]
2026-03-17 23:20:40 DEBUG [MAA]   任务[5]: entry=EnterMail, pipelineOverride=[]
2026-03-17 23:20:40 DEBUG [MAA]   任务[4]: entry=EnterPassport, pipelineOverride=[]
2026-03-17 23:20:40 DEBUG [MAA]   任务[3]: entry=EnterMission, pipelineOverride=[]
2026-03-17 23:20:40 DEBUG [MAA]   任务[2]: entry=EnterBag, pipelineOverride=[]
2026-03-17 23:20:40 INFO  [MAA] Agent 配置: {"child_exec":"agent/go-service","child_args":[]} , tcpCompatMode: false
2026-03-17 23:20:40 DEBUG [MAA]   任务[1]: entry=EnterHunt, pipelineOverride=[]
2026-03-17 23:20:40 INFO  [MAA] 任务已提交, taskIds: [200000001,200000002,200000003,200000004,200000005,200000006]
2026-03-17 23:20:40 INFO  [Task] 实例 配置 1: 任务已提交, task_ids: [200000001,200000002,200000003,200000004,200000005,200000006]
2026-03-17 23:20:40 DEBUG [Config] 保存配置, 路径: D:/browndust 2/install/config/mxu-MaaBrownDust.json
2026-03-17 23:20:40 INFO  [Config] 配置保存成功
2026-03-17 23:21:04 ERROR [Task] 任务执行失败, task_id: 200000001
2026-03-17 23:21:05 DEBUG [Config] 保存配置, 路径: D:/browndust 2/install/config/mxu-MaaBrownDust.json
2026-03-17 23:21:05 INFO  [Config] 配置保存成功
2026-03-17 23:21:10 INFO  [Task] 停止任务... illekb0
2026-03-17 23:21:10 INFO  [MAA] 停止任务, 实例: illekb0
2026-03-17 23:21:10 INFO  [MAA] 停止任务请求已发送
2026-03-17 23:21:10 INFO  [Task] 任务 2/6 完成
2026-03-17 23:21:10 INFO  [MAA] 停止 Agent, 实例: illekb0
2026-03-17 23:21:10 INFO  [MAA] 停止 Agent 成功
2026-03-17 23:21:11 DEBUG [Config] 保存配置, 路径: D:/browndust 2/install/config/mxu-MaaBrownDust.json
2026-03-17 23:21:11 INFO  [Config] 配置保存成功
2026-03-17 23:21:17 DEBUG [Config] 保存配置, 路径: D:/browndust 2/install/config/mxu-MaaBrownDust.json
2026-03-17 23:21:17 INFO  [Config] 配置保存成功
2026-03-17 23:28:17 INFO  [App] basePath (绝对路径): D:\browndust 2\install
2026-03-17 23:28:17 INFO  [App] 加载 interface.json...
2026-03-17 23:28:17 INFO  [App] Tauri 环境，加载 interface.json
2026-03-17 23:28:17 INFO  [App] 托盘事件监听已注册
2026-03-17 23:28:17 INFO  [App] dataPath (数据目录): D:\browndust 2\install
2026-03-17 23:28:17 INFO  [App] 处理 12 个导入文件...
2026-03-17 23:28:17 INFO  [App] 加载导入文件: tasks/StartGame.json
2026-03-17 23:28:17 INFO  [App] 加载导入文件: tasks/Draw.json
2026-03-17 23:28:17 INFO  [App] 合并了 1 个导入的 task
2026-03-17 23:28:17 INFO  [App] 合并了 1 个导入的 task
2026-03-17 23:28:17 INFO  [App] 加载导入文件: tasks/Sociaty.json
2026-03-17 23:28:17 INFO  [App] 合并了 1 个导入的 task
2026-03-17 23:28:17 INFO  [App] 加载导入文件: tasks/Operate.json
2026-03-17 23:28:17 INFO  [App] 合并了 1 个导入的 task
2026-03-17 23:28:17 INFO  [App] 加载导入文件: tasks/PVP.json
2026-03-17 23:28:17 INFO  [App] 合并了 1 个导入的 task
2026-03-17 23:28:17 INFO  [App] 加载导入文件: tasks/Square.json
2026-03-17 23:28:17 INFO  [App] 合并了 1 个导入的 task
2026-03-17 23:28:17 INFO  [App] 加载导入文件: tasks/HuntingArea.json
2026-03-17 23:28:17 INFO  [App] 合并了 1 个导入的 task
2026-03-17 23:28:17 INFO  [App] 加载导入文件: tasks/Bag.json
2026-03-17 23:28:17 INFO  [App] 合并了 1 个导入的 task
2026-03-17 23:28:17 INFO  [App] 加载导入文件: tasks/Misson.json
2026-03-17 23:28:17 INFO  [App] 加载导入文件: tasks/Passport.json
2026-03-17 23:28:17 INFO  [App] 合并了 1 个导入的 task
2026-03-17 23:28:17 INFO  [App] 加载导入文件: tasks/Mail.json
2026-03-17 23:28:17 INFO  [App] 合并了 1 个导入的 task
2026-03-17 23:28:17 INFO  [App] 合并了 1 个导入的 task
2026-03-17 23:28:17 INFO  [App] 加载导入文件: tasks/test.json
2026-03-17 23:28:17 INFO  [App] 合并了 1 个导入的 task
2026-03-17 23:28:17 INFO  [App] 平台过滤: 移除了 1 个不支持的控制器 (不支持的类型: PlayCover)
2026-03-17 23:28:17 DEBUG [Config] 加载配置, 路径: D:/browndust 2/install/config/mxu-MaaBrownDust.json
2026-03-17 23:28:17 INFO  [App] 窗口图标已设置: D:\browndust 2\install/misc/MaaEnd-Tiny.png
2026-03-17 23:28:17 INFO  [Config] 配置加载成功
2026-03-17 23:28:17 INFO  [App] 全局快捷键已注册: F10 F11
2026-03-17 23:28:17 INFO  [App] 已恢复后端状态: 0 个实例
2026-03-17 23:28:17 INFO  [MAA] 初始化 MaaFramework, libDir: (默认)
2026-03-17 23:28:17 DEBUG [MAA] 检查 MaaFramework 版本...
2026-03-17 23:28:17 INFO  [MAA] MaaFramework 版本: v5.7.0-alpha.2
2026-03-17 23:28:17 INFO  [MAA] 版本检查结果: {"current":"v5.7.0-alpha.2","minimum":"v5.5.0-beta.1","is_compatible":true}
2026-03-17 23:28:17 INFO  [App] 加载完成, 项目: MaaBrownDust
2026-03-17 23:28:17 DEBUG [MAA] 获取 MaaFramework 版本...
2026-03-17 23:28:17 INFO  [App] 检查更新: MaaEnd并不是，但是#掉我怕有bug, 当前版本: v114514.0.0, 频道: stable
2026-03-17 23:28:17 INFO  [MAA] 搜索 Win32 窗口, classRegex: UnityWndClass , windowRegex: BrownDust II
2026-03-17 23:28:17 INFO  [MAA] MaaFramework 版本: v5.7.0-alpha.2
2026-03-17 23:28:17 DEBUG [MAA] 获取 MaaFramework 版本...
2026-03-17 23:28:17 DEBUG [MAA]   窗口[0]: handle=198756, class=UnityWndClass, name=BrownDust II
2026-03-17 23:28:17 INFO  [MAA] 找到 Win32 窗口: 1 个
2026-03-17 23:28:17 INFO  [MAA] MaaFramework 版本: v5.7.0-alpha.2
2026-03-17 23:28:17 INFO  [MAA] 创建实例: illekb0
2026-03-17 23:28:17 INFO  [MAA] 创建实例成功: illekb0
2026-03-17 23:28:17 INFO  [MAA] 连接控制器, 实例: illekb0 类型: Win32
2026-03-17 23:28:17 DEBUG [MAA] 控制器配置: {"type":"Win32","handle":198756,"screencap_method":2,"mouse_method":32,"keyboard_method":32}
2026-03-17 23:28:17 INFO  [MAA] 控制器连接请求已发送, ctrlId: 100000001
2026-03-17 23:28:17 WARN  [App] https://mirrorchyan.com/api/resources 请求失败: {"message":"Failed to execute 'close' on 'ReadableStreamDefaultController': Unexpected token 'C', \"Cannot GET\"... is not valid JSON"}
2026-03-17 23:28:17 ERROR [App] 检查更新失败: {"message":"Failed to execute 'close' on 'ReadableStreamDefaultController': Unexpected token 'C', \"Cannot GET\"... is not valid JSON"}
2026-03-17 23:28:17 WARN  [App] https://mirrorchyan.net/api/resources 请求失败: {"message":"Failed to execute 'close' on 'ReadableStreamDefaultController': Unexpected token 'C', \"Cannot GET\"... is not valid JSON"}
2026-03-17 23:28:17 DEBUG [Config] 保存配置, 路径: D:/browndust 2/install/config/mxu-MaaBrownDust.json
2026-03-17 23:28:17 INFO  [Config] 配置保存成功
2026-03-17 23:28:21 DEBUG [Config] 保存配置, 路径: D:/browndust 2/install/config/mxu-MaaBrownDust.json
2026-03-17 23:28:21 INFO  [Config] 配置保存成功
2026-03-17 23:29:11 INFO  [App] Tauri 环境，加载 interface.json
2026-03-17 23:29:11 INFO  [App] 加载 interface.json...
2026-03-17 23:29:11 INFO  [App] basePath (绝对路径): D:\browndust 2\install
2026-03-17 23:29:11 INFO  [App] 托盘事件监听已注册
2026-03-17 23:29:11 INFO  [App] dataPath (数据目录): D:\browndust 2\install
2026-03-17 23:29:11 INFO  [App] 处理 12 个导入文件...
2026-03-17 23:29:11 INFO  [App] 加载导入文件: tasks/StartGame.json
2026-03-17 23:29:11 INFO  [App] 加载导入文件: tasks/Draw.json
2026-03-17 23:29:11 INFO  [App] 合并了 1 个导入的 task
2026-03-17 23:29:11 INFO  [App] 合并了 1 个导入的 task
2026-03-17 23:29:11 INFO  [App] 加载导入文件: tasks/Sociaty.json
2026-03-17 23:29:11 INFO  [App] 合并了 1 个导入的 task
2026-03-17 23:29:11 INFO  [App] 加载导入文件: tasks/Operate.json
2026-03-17 23:29:11 INFO  [App] 合并了 1 个导入的 task
2026-03-17 23:29:11 INFO  [App] 加载导入文件: tasks/PVP.json
2026-03-17 23:29:11 INFO  [App] 合并了 1 个导入的 task
2026-03-17 23:29:11 INFO  [App] 加载导入文件: tasks/Square.json
2026-03-17 23:29:11 INFO  [App] 合并了 1 个导入的 task
2026-03-17 23:29:11 INFO  [App] 加载导入文件: tasks/HuntingArea.json
2026-03-17 23:29:11 INFO  [App] 加载导入文件: tasks/Bag.json
2026-03-17 23:29:11 INFO  [App] 合并了 1 个导入的 task
2026-03-17 23:29:11 INFO  [App] 加载导入文件: tasks/Misson.json
2026-03-17 23:29:11 INFO  [App] 合并了 1 个导入的 task
2026-03-17 23:29:11 INFO  [App] 合并了 1 个导入的 task
2026-03-17 23:29:11 INFO  [App] 加载导入文件: tasks/Passport.json
2026-03-17 23:29:11 INFO  [App] 加载导入文件: tasks/Mail.json
2026-03-17 23:29:11 INFO  [App] 合并了 1 个导入的 task
2026-03-17 23:29:11 INFO  [App] 合并了 1 个导入的 task
2026-03-17 23:29:11 INFO  [App] 加载导入文件: tasks/test.json
2026-03-17 23:29:11 INFO  [App] 合并了 1 个导入的 task
2026-03-17 23:29:11 INFO  [App] 平台过滤: 移除了 1 个不支持的控制器 (不支持的类型: PlayCover)
2026-03-17 23:29:11 DEBUG [Config] 加载配置, 路径: D:/browndust 2/install/config/mxu-MaaBrownDust.json
2026-03-17 23:29:11 INFO  [App] 窗口图标已设置: D:\browndust 2\install/misc/MaaEnd-Tiny.png
2026-03-17 23:29:11 INFO  [Config] 配置加载成功
2026-03-17 23:29:11 INFO  [App] 全局快捷键已注册: F10 F11
2026-03-17 23:29:11 INFO  [App] 已恢复后端状态: 0 个实例
2026-03-17 23:29:11 INFO  [MAA] 初始化 MaaFramework, libDir: (默认)
2026-03-17 23:29:11 DEBUG [MAA] 检查 MaaFramework 版本...
2026-03-17 23:29:11 INFO  [MAA] MaaFramework 版本: v5.7.0-alpha.2
2026-03-17 23:29:11 INFO  [App] 加载完成, 项目: MaaBrownDust
2026-03-17 23:29:11 INFO  [MAA] 版本检查结果: {"current":"v5.7.0-alpha.2","minimum":"v5.5.0-beta.1","is_compatible":true}
2026-03-17 23:29:12 DEBUG [MAA] 获取 MaaFramework 版本...
2026-03-17 23:29:12 INFO  [App] 检查更新: MaaEnd并不是，但是#掉我怕有bug, 当前版本: v114514.0.0, 频道: stable
2026-03-17 23:29:12 INFO  [MAA] MaaFramework 版本: v5.7.0-alpha.2
2026-03-17 23:29:12 INFO  [MAA] 搜索 Win32 窗口, classRegex: UnityWndClass , windowRegex: BrownDust II
2026-03-17 23:29:12 INFO  [MAA] 找到 Win32 窗口: 1 个
2026-03-17 23:29:12 DEBUG [MAA]   窗口[0]: handle=198756, class=UnityWndClass, name=BrownDust II
2026-03-17 23:29:12 DEBUG [MAA] 获取 MaaFramework 版本...
2026-03-17 23:29:12 INFO  [MAA] MaaFramework 版本: v5.7.0-alpha.2
2026-03-17 23:29:12 INFO  [MAA] 创建实例: illekb0
2026-03-17 23:29:12 INFO  [MAA] 创建实例成功: illekb0
2026-03-17 23:29:12 INFO  [MAA] 连接控制器, 实例: illekb0 类型: Win32
2026-03-17 23:29:12 DEBUG [MAA] 控制器配置: {"type":"Win32","handle":198756,"screencap_method":2,"mouse_method":32,"keyboard_method":32}
2026-03-17 23:29:12 INFO  [MAA] 控制器连接请求已发送, ctrlId: 100000001
2026-03-17 23:29:12 WARN  [App] https://mirrorchyan.com/api/resources 请求失败: {"message":"Failed to execute 'close' on 'ReadableStreamDefaultController': Unexpected token 'C', \"Cannot GET\"... is not valid JSON"}
2026-03-17 23:29:12 DEBUG [Config] 保存配置, 路径: D:/browndust 2/install/config/mxu-MaaBrownDust.json
2026-03-17 23:29:12 INFO  [Config] 配置保存成功
2026-03-17 23:29:12 WARN  [App] https://mirrorchyan.net/api/resources 请求失败: {"message":"Failed to execute 'close' on 'ReadableStreamDefaultController': Unexpected token 'C', \"Cannot GET\"... is not valid JSON"}
2026-03-17 23:29:12 ERROR [App] 检查更新失败: {"message":"Failed to execute 'close' on 'ReadableStreamDefaultController': Unexpected token 'C', \"Cannot GET\"... is not valid JSON"}
2026-03-17 23:29:15 INFO  [Task] 当前已是管理员权限
2026-03-17 23:29:15 INFO  [MAA] 加载资源, 实例: illekb0 , 路径数: 1
2026-03-17 23:29:15 INFO  [Task] 实例 配置 1: 加载资源...
2026-03-17 23:29:15 DEBUG [MAA]   路径[0]: D:\browndust 2\install/resource
2026-03-17 23:29:15 INFO  [MAA] 资源加载请求已发送, resIds: [100000001]
2026-03-17 23:29:16 INFO  [Task] 实例 配置 1: 开始执行任务, 数量: 5
2026-03-17 23:29:16 INFO  [MAA] 启动任务, 实例: illekb0 , 任务数: 5 , cwd: D:\browndust 2\install
2026-03-17 23:29:16 DEBUG [MAA]   任务[0]: entry=EnterHunt, pipelineOverride=[]
2026-03-17 23:29:16 DEBUG [MAA]   任务[1]: entry=EnterBag, pipelineOverride=[]
2026-03-17 23:29:16 DEBUG [MAA]   任务[3]: entry=EnterPassport, pipelineOverride=[]
2026-03-17 23:29:16 DEBUG [MAA]   任务[4]: entry=EnterMail, pipelineOverride=[]
2026-03-17 23:29:16 DEBUG [MAA]   任务[2]: entry=EnterMission, pipelineOverride=[]
2026-03-17 23:29:16 INFO  [MAA] Agent 配置: {"child_exec":"agent/go-service","child_args":[]} , tcpCompatMode: false
2026-03-17 23:29:16 INFO  [Task] 实例 配置 1: 任务已提交, task_ids: [200000001,200000002,200000003,200000004,200000005]
2026-03-17 23:29:16 INFO  [MAA] 任务已提交, taskIds: [200000001,200000002,200000003,200000004,200000005]
2026-03-17 23:29:16 DEBUG [Config] 保存配置, 路径: D:/browndust 2/install/config/mxu-MaaBrownDust.json
2026-03-17 23:29:16 INFO  [Config] 配置保存成功
2026-03-17 23:29:18 DEBUG [Config] 保存配置, 路径: D:/browndust 2/install/config/mxu-MaaBrownDust.json
2026-03-17 23:29:18 INFO  [Config] 配置保存成功
2026-03-17 23:29:45 INFO  [Task] 任务 1/5 完成
2026-03-17 23:30:12 INFO  [Task] 任务 2/5 完成
2026-03-17 23:30:27 INFO  [Task] 任务 3/5 完成
2026-03-17 23:30:43 INFO  [Task] 任务 4/5 完成
2026-03-17 23:30:51 INFO  [Task] 任务 5/5 完成
2026-03-17 23:30:51 INFO  [MAA] 停止 Agent, 实例: illekb0
2026-03-17 23:30:51 INFO  [Task] 所有任务执行完成
2026-03-17 23:30:51 INFO  [MAA] 停止 Agent 成功
2026-03-17 23:30:52 DEBUG [Config] 保存配置, 路径: D:/browndust 2/install/config/mxu-MaaBrownDust.json
2026-03-17 23:30:52 INFO  [Config] 配置保存成功
