2026-03-21 16:35:03 INFO  [App] Tauri 环境，加载 interface.json
2026-03-21 16:35:03 INFO  [App] 加载 interface.json...
2026-03-21 16:35:03 INFO  [App] 托盘事件监听已注册
2026-03-21 16:35:03 INFO  [App] basePath (绝对路径): D:\Projects\BrownDust\install
2026-03-21 16:35:03 INFO  [App] dataPath (数据目录): D:\Projects\BrownDust\install
2026-03-21 16:35:03 INFO  [App] 加载导入文件: tasks/StartGame.json
2026-03-21 16:35:03 INFO  [App] 处理 12 个导入文件...
2026-03-21 16:35:03 INFO  [App] 合并了 1 个导入的 task
2026-03-21 16:35:03 INFO  [App] 加载导入文件: tasks/Draw.json
2026-03-21 16:35:03 INFO  [App] 加载导入文件: tasks/Sociaty.json
2026-03-21 16:35:03 INFO  [App] 合并了 1 个导入的 task
2026-03-21 16:35:03 INFO  [App] 合并了 1 个导入的 task
2026-03-21 16:35:03 INFO  [App] 加载导入文件: tasks/Operate.json
2026-03-21 16:35:03 INFO  [App] 加载导入文件: tasks/PVP.json
2026-03-21 16:35:03 INFO  [App] 合并了 1 个导入的 task
2026-03-21 16:35:03 INFO  [App] 合并了 1 个导入的 task
2026-03-21 16:35:03 INFO  [App] 加载导入文件: tasks/Square.json
2026-03-21 16:35:03 INFO  [App] 加载导入文件: tasks/HuntingArea.json
2026-03-21 16:35:03 INFO  [App] 合并了 1 个导入的 task
2026-03-21 16:35:03 INFO  [App] 合并了 1 个导入的 task
2026-03-21 16:35:03 INFO  [App] 加载导入文件: tasks/Bag.json
2026-03-21 16:35:03 INFO  [App] 加载导入文件: tasks/Misson.json
2026-03-21 16:35:03 INFO  [App] 合并了 1 个导入的 task
2026-03-21 16:35:03 INFO  [App] 加载导入文件: tasks/Passport.json
2026-03-21 16:35:03 INFO  [App] 合并了 1 个导入的 task
2026-03-21 16:35:04 INFO  [App] 加载导入文件: tasks/Mail.json
2026-03-21 16:35:04 INFO  [App] 合并了 1 个导入的 task
2026-03-21 16:35:04 INFO  [App] 加载导入文件: tasks/test.json
2026-03-21 16:35:04 INFO  [App] 合并了 1 个导入的 task
2026-03-21 16:35:04 INFO  [App] 合并了 1 个导入的 task
2026-03-21 16:35:04 INFO  [App] 平台过滤: 移除了 1 个不支持的控制器 (不支持的类型: PlayCover)
2026-03-21 16:35:04 DEBUG [Config] 加载配置, 路径: D:/Projects/BrownDust/install/config/mxu-MaaBrownDust.json
2026-03-21 16:35:04 INFO  [App] 窗口图标已设置: D:\Projects\BrownDust\install/misc/MaaEnd-Tiny.png
2026-03-21 16:35:04 INFO  [Config] 配置加载成功
2026-03-21 16:35:04 INFO  [App] 全局快捷键已注册: F10 F11
2026-03-21 16:35:04 INFO  [MAA] 初始化 MaaFramework, libDir: (默认)
2026-03-21 16:35:04 INFO  [App] 已恢复后端状态: 0 个实例
2026-03-21 16:35:04 INFO  [MAA] MaaFramework 版本: v5.7.0-alpha.2
2026-03-21 16:35:04 DEBUG [MAA] 检查 MaaFramework 版本...
2026-03-21 16:35:04 INFO  [MAA] 版本检查结果: {"current":"v5.7.0-alpha.2","minimum":"v5.5.0-beta.1","is_compatible":true}
2026-03-21 16:35:04 INFO  [App] 加载完成, 项目: MaaBrownDust
2026-03-21 16:35:04 DEBUG [MAA] 获取 MaaFramework 版本...
2026-03-21 16:35:04 INFO  [App] 检查更新: MaaEnd并不是，但是#掉我怕有bug, 当前版本: v114514.0.0, 频道: stable
2026-03-21 16:35:04 INFO  [MAA] MaaFramework 版本: v5.7.0-alpha.2
2026-03-21 16:35:04 INFO  [MAA] 搜索 Win32 窗口, classRegex: UnityWndClass , windowRegex: BrownDust II
2026-03-21 16:35:04 INFO  [MAA] 找到 Win32 窗口: 0 个
2026-03-21 16:35:04 WARN  [App] https://mirrorchyan.com/api/resources 请求失败: {"message":"Failed to execute 'close' on 'ReadableStreamDefaultController': Unexpected token 'C', \"Cannot GET\"... is not valid JSON"}
2026-03-21 16:35:04 ERROR [App] 检查更新失败: {"message":"Failed to execute 'close' on 'ReadableStreamDefaultController': Unexpected token 'C', \"Cannot GET\"... is not valid JSON"}
2026-03-21 16:35:04 WARN  [App] https://mirrorchyan.net/api/resources 请求失败: {"message":"Failed to execute 'close' on 'ReadableStreamDefaultController': Unexpected token 'C', \"Cannot GET\"... is not valid JSON"}
2026-03-21 16:35:04 DEBUG [Config] 保存配置, 路径: D:/Projects/BrownDust/install/config/mxu-MaaBrownDust.json
2026-03-21 16:35:04 INFO  [Config] 配置保存成功
2026-03-21 16:35:06 DEBUG [Config] 保存配置, 路径: D:/Projects/BrownDust/install/config/mxu-MaaBrownDust.json
2026-03-21 16:35:06 INFO  [Config] 配置保存成功
2026-03-21 16:36:48 DEBUG [Config] 保存配置, 路径: D:/Projects/BrownDust/install/config/mxu-MaaBrownDust.json
2026-03-21 16:36:48 INFO  [Config] 配置保存成功
2026-03-21 16:36:48 INFO  [Task] 当前已是管理员权限
2026-03-21 16:36:48 DEBUG [MAA] 获取 MaaFramework 版本...
2026-03-21 16:36:48 INFO  [MAA] MaaFramework 版本: v5.7.0-alpha.2
2026-03-21 16:36:48 INFO  [MAA] 创建实例: illekb0
2026-03-21 16:36:48 INFO  [Task] 实例 配置 1: 自动连接已保存的设备...
2026-03-21 16:36:48 INFO  [MAA] 创建实例成功: illekb0
2026-03-21 16:36:48 INFO  [MAA] 搜索 Win32 窗口, classRegex: UnityWndClass , windowRegex: BrownDust II
2026-03-21 16:36:48 INFO  [MAA] 找到 Win32 窗口: 1 个
2026-03-21 16:36:48 DEBUG [MAA]   窗口[0]: handle=1050176, class=UnityWndClass, name=BrownDust II
2026-03-21 16:36:48 INFO  [MAA] 连接控制器, 实例: illekb0 类型: Win32
2026-03-21 16:36:48 DEBUG [MAA] 控制器配置: {"type":"Win32","handle":1050176,"screencap_method":2,"mouse_method":32,"keyboard_method":32}
2026-03-21 16:36:48 INFO  [MAA] 控制器连接请求已发送, ctrlId: 100000001
2026-03-21 16:36:48 DEBUG [MAA]   路径[0]: D:\Projects\BrownDust\install/resource
2026-03-21 16:36:48 INFO  [MAA] 加载资源, 实例: illekb0 , 路径数: 1
2026-03-21 16:36:48 INFO  [Task] 实例 配置 1: 加载资源...
2026-03-21 16:36:48 INFO  [MAA] 资源加载请求已发送, resIds: [100000001]
2026-03-21 16:36:48 INFO  [MAA] 启动任务, 实例: illekb0 , 任务数: 10 , cwd: D:\Projects\BrownDust\install
2026-03-21 16:36:48 INFO  [Task] 实例 配置 1: 开始执行任务, 数量: 10
2026-03-21 16:36:48 DEBUG [MAA]   任务[0]: entry=StartGame, pipelineOverride=[]
2026-03-21 16:36:48 DEBUG [MAA]   任务[1]: entry=DrawFirst, pipelineOverride=[]
2026-03-21 16:36:48 DEBUG [MAA]   任务[2]: entry=InSociaty, pipelineOverride=[]
2026-03-21 16:36:48 DEBUG [MAA]   任务[5]: entry=SquareStart, pipelineOverride=[]
2026-03-21 16:36:48 DEBUG [MAA]   任务[4]: entry=EnterPVP, pipelineOverride=[]
2026-03-21 16:36:48 DEBUG [MAA]   任务[3]: entry=EnterOperating, pipelineOverride=[]
2026-03-21 16:36:48 DEBUG [MAA]   任务[6]: entry=EnterBag, pipelineOverride=[]
2026-03-21 16:36:48 DEBUG [MAA]   任务[9]: entry=EnterMail, pipelineOverride=[]
2026-03-21 16:36:48 DEBUG [MAA]   任务[7]: entry=EnterMission, pipelineOverride=[]
2026-03-21 16:36:48 DEBUG [MAA]   任务[8]: entry=EnterPassport, pipelineOverride=[]
2026-03-21 16:36:48 INFO  [MAA] Agent 配置: {"child_exec":"agent/go-service","child_args":[]} , tcpCompatMode: false
2026-03-21 16:36:48 INFO  [Task] 实例 配置 1: 任务已提交, task_ids: [200000001,200000002,200000003,200000004,200000005,200000006,200000007,200000008,200000009,200000010]
2026-03-21 16:36:48 INFO  [MAA] 任务已提交, taskIds: [200000001,200000002,200000003,200000004,200000005,200000006,200000007,200000008,200000009,200000010]
2026-03-21 16:36:49 DEBUG [Config] 保存配置, 路径: D:/Projects/BrownDust/install/config/mxu-MaaBrownDust.json
2026-03-21 16:36:49 INFO  [Config] 配置保存成功
2026-03-21 16:37:24 INFO  [Task] 任务 1/10 完成
2026-03-21 16:38:31 INFO  [Task] 任务 2/10 完成
2026-03-21 16:38:44 INFO  [Task] 任务 3/10 完成
2026-03-21 16:39:07 INFO  [Task] 任务 4/10 完成
2026-03-21 16:39:28 ERROR [Task] 任务执行失败, task_id: 200000005
2026-03-21 16:39:30 INFO  [Task] 停止任务... illekb0
2026-03-21 16:39:30 INFO  [MAA] 停止任务, 实例: illekb0
2026-03-21 16:39:30 INFO  [MAA] 停止任务请求已发送
2026-03-21 16:39:30 INFO  [Task] 任务 6/10 完成
2026-03-21 16:39:30 INFO  [MAA] 停止 Agent, 实例: illekb0
2026-03-21 16:39:30 INFO  [MAA] 停止 Agent 成功
2026-03-21 16:39:31 DEBUG [Config] 保存配置, 路径: D:/Projects/BrownDust/install/config/mxu-MaaBrownDust.json
2026-03-21 16:39:31 INFO  [Config] 配置保存成功
2026-03-21 16:39:37 DEBUG [Config] 保存配置, 路径: D:/Projects/BrownDust/install/config/mxu-MaaBrownDust.json
2026-03-21 16:39:37 INFO  [Config] 配置保存成功
2026-03-21 16:39:47 DEBUG [Config] 保存配置, 路径: D:/Projects/BrownDust/install/config/mxu-MaaBrownDust.json
2026-03-21 16:39:47 INFO  [Config] 配置保存成功
2026-03-21 16:40:01 DEBUG [Config] 保存配置, 路径: D:/Projects/BrownDust/install/config/mxu-MaaBrownDust.json
2026-03-21 16:40:01 INFO  [Config] 配置保存成功
2026-03-21 16:40:12 DEBUG [Config] 保存配置, 路径: D:/Projects/BrownDust/install/config/mxu-MaaBrownDust.json
2026-03-21 16:40:12 INFO  [Config] 配置保存成功
2026-03-21 16:58:33 INFO  [App] 加载 interface.json...
2026-03-21 16:58:33 INFO  [App] Tauri 环境，加载 interface.json
2026-03-21 16:58:33 INFO  [App] basePath (绝对路径): D:\Projects\BrownDust\install
2026-03-21 16:58:33 INFO  [App] 托盘事件监听已注册
2026-03-21 16:58:33 INFO  [App] dataPath (数据目录): D:\Projects\BrownDust\install
2026-03-21 16:58:33 INFO  [App] 加载导入文件: tasks/StartGame.json
2026-03-21 16:58:33 INFO  [App] 处理 12 个导入文件...
2026-03-21 16:58:33 INFO  [App] 合并了 1 个导入的 task
2026-03-21 16:58:33 INFO  [App] 加载导入文件: tasks/Draw.json
2026-03-21 16:58:33 INFO  [App] 合并了 1 个导入的 task
2026-03-21 16:58:33 INFO  [App] 加载导入文件: tasks/Sociaty.json
2026-03-21 16:58:33 INFO  [App] 合并了 1 个导入的 task
2026-03-21 16:58:33 INFO  [App] 加载导入文件: tasks/Operate.json
2026-03-21 16:58:33 INFO  [App] 加载导入文件: tasks/PVP.json
2026-03-21 16:58:33 INFO  [App] 合并了 1 个导入的 task
2026-03-21 16:58:33 INFO  [App] 合并了 1 个导入的 task
2026-03-21 16:58:33 INFO  [App] 加载导入文件: tasks/Square.json
2026-03-21 16:58:33 INFO  [App] 加载导入文件: tasks/HuntingArea.json
2026-03-21 16:58:33 INFO  [App] 合并了 1 个导入的 task
2026-03-21 16:58:33 INFO  [App] 加载导入文件: tasks/Bag.json
2026-03-21 16:58:33 INFO  [App] 合并了 1 个导入的 task
2026-03-21 16:58:33 INFO  [App] 加载导入文件: tasks/Misson.json
2026-03-21 16:58:33 INFO  [App] 合并了 1 个导入的 task
2026-03-21 16:58:33 INFO  [App] 加载导入文件: tasks/Passport.json
2026-03-21 16:58:33 INFO  [App] 合并了 1 个导入的 task
2026-03-21 16:58:33 INFO  [App] 合并了 1 个导入的 task
2026-03-21 16:58:33 INFO  [App] 加载导入文件: tasks/Mail.json
2026-03-21 16:58:33 INFO  [App] 合并了 1 个导入的 task
2026-03-21 16:58:33 INFO  [App] 加载导入文件: tasks/test.json
2026-03-21 16:58:33 INFO  [App] 平台过滤: 移除了 1 个不支持的控制器 (不支持的类型: PlayCover)
2026-03-21 16:58:33 INFO  [App] 合并了 1 个导入的 task
2026-03-21 16:58:33 DEBUG [Config] 加载配置, 路径: D:/Projects/BrownDust/install/config/mxu-MaaBrownDust.json
2026-03-21 16:58:33 INFO  [Config] 配置加载成功
2026-03-21 16:58:33 INFO  [App] 窗口图标已设置: D:\Projects\BrownDust\install/misc/MaaEnd-Tiny.png
2026-03-21 16:58:33 INFO  [App] 全局快捷键已注册: F10 F11
2026-03-21 16:58:33 INFO  [MAA] 初始化 MaaFramework, libDir: (默认)
2026-03-21 16:58:33 INFO  [App] 已恢复后端状态: 0 个实例
2026-03-21 16:58:33 INFO  [MAA] MaaFramework 版本: v5.7.0-alpha.2
2026-03-21 16:58:33 DEBUG [MAA] 检查 MaaFramework 版本...
2026-03-21 16:58:33 INFO  [MAA] 版本检查结果: {"current":"v5.7.0-alpha.2","minimum":"v5.5.0-beta.1","is_compatible":true}
2026-03-21 16:58:33 INFO  [App] 加载完成, 项目: MaaBrownDust
2026-03-21 16:58:33 DEBUG [MAA] 获取 MaaFramework 版本...
2026-03-21 16:58:33 INFO  [App] 检查更新: MaaEnd并不是，但是#掉我怕有bug, 当前版本: v114514.0.0, 频道: stable
2026-03-21 16:58:33 INFO  [MAA] MaaFramework 版本: v5.7.0-alpha.2
2026-03-21 16:58:33 INFO  [MAA] 搜索 Win32 窗口, classRegex: UnityWndClass , windowRegex: BrownDust II
2026-03-21 16:58:33 INFO  [MAA] 找到 Win32 窗口: 1 个
2026-03-21 16:58:33 DEBUG [MAA]   窗口[0]: handle=1050176, class=UnityWndClass, name=BrownDust II
2026-03-21 16:58:33 DEBUG [MAA] 获取 MaaFramework 版本...
2026-03-21 16:58:33 INFO  [MAA] MaaFramework 版本: v5.7.0-alpha.2
2026-03-21 16:58:33 INFO  [MAA] 创建实例: illekb0
2026-03-21 16:58:33 INFO  [MAA] 创建实例成功: illekb0
2026-03-21 16:58:33 DEBUG [MAA] 控制器配置: {"type":"Win32","handle":1050176,"screencap_method":2,"mouse_method":32,"keyboard_method":32}
2026-03-21 16:58:33 INFO  [MAA] 连接控制器, 实例: illekb0 类型: Win32
2026-03-21 16:58:33 INFO  [MAA] 控制器连接请求已发送, ctrlId: 100000001
2026-03-21 16:58:34 WARN  [App] https://mirrorchyan.com/api/resources 请求失败: {"message":"Failed to execute 'close' on 'ReadableStreamDefaultController': Unexpected token 'C', \"Cannot GET\"... is not valid JSON"}
2026-03-21 16:58:34 DEBUG [Config] 保存配置, 路径: D:/Projects/BrownDust/install/config/mxu-MaaBrownDust.json
2026-03-21 16:58:34 INFO  [Config] 配置保存成功
2026-03-21 16:58:34 WARN  [App] https://mirrorchyan.net/api/resources 请求失败: {"message":"Failed to execute 'close' on 'ReadableStreamDefaultController': Unexpected token 'C', \"Cannot GET\"... is not valid JSON"}
2026-03-21 16:58:34 ERROR [App] 检查更新失败: {"message":"Failed to execute 'close' on 'ReadableStreamDefaultController': Unexpected token 'C', \"Cannot GET\"... is not valid JSON"}
2026-03-21 16:58:37 DEBUG [Config] 保存配置, 路径: D:/Projects/BrownDust/install/config/mxu-MaaBrownDust.json
2026-03-21 16:58:37 INFO  [Config] 配置保存成功
2026-03-21 16:58:43 DEBUG [MAA] 获取 MaaFramework 版本...
2026-03-21 16:58:43 INFO  [MAA] 搜索 Win32 窗口, classRegex: UnityWndClass , windowRegex: BrownDust II
2026-03-21 16:58:43 INFO  [MAA] MaaFramework 版本: v5.7.0-alpha.2
2026-03-21 16:58:43 INFO  [MAA] 找到 Win32 窗口: 1 个
2026-03-21 16:58:43 DEBUG [MAA]   窗口[0]: handle=1050176, class=UnityWndClass, name=BrownDust II
2026-03-21 16:58:43 DEBUG [MAA] 获取 MaaFramework 版本...
2026-03-21 16:58:43 INFO  [MAA] MaaFramework 版本: v5.7.0-alpha.2
2026-03-21 16:58:43 INFO  [MAA] 创建实例: ehkudb0
2026-03-21 16:58:43 INFO  [MAA] 创建实例成功: ehkudb0
2026-03-21 16:58:43 INFO  [MAA] 连接控制器, 实例: ehkudb0 类型: Win32
2026-03-21 16:58:43 DEBUG [MAA] 控制器配置: {"type":"Win32","handle":1050176,"screencap_method":2,"mouse_method":32,"keyboard_method":32}
2026-03-21 16:58:43 INFO  [MAA] 控制器连接请求已发送, ctrlId: 100000022
2026-03-21 16:58:44 DEBUG [Config] 保存配置, 路径: D:/Projects/BrownDust/install/config/mxu-MaaBrownDust.json
2026-03-21 16:58:44 INFO  [Config] 配置保存成功
2026-03-21 16:58:46 DEBUG [Config] 保存配置, 路径: D:/Projects/BrownDust/install/config/mxu-MaaBrownDust.json
2026-03-21 16:58:46 INFO  [Config] 配置保存成功
2026-03-21 16:58:47 DEBUG [Config] 保存配置, 路径: D:/Projects/BrownDust/install/config/mxu-MaaBrownDust.json
2026-03-21 16:58:47 INFO  [Config] 配置保存成功
2026-03-21 16:58:47 INFO  [Task] 当前已是管理员权限
2026-03-21 16:58:47 INFO  [MAA] 加载资源, 实例: illekb0 , 路径数: 1
2026-03-21 16:58:47 DEBUG [MAA]   路径[0]: D:\Projects\BrownDust\install/resource
2026-03-21 16:58:47 INFO  [Task] 实例 配置 1: 加载资源...
2026-03-21 16:58:47 INFO  [MAA] 资源加载请求已发送, resIds: [100000001]
2026-03-21 16:58:47 INFO  [Task] 实例 配置 1: 开始执行任务, 数量: 1
2026-03-21 16:58:47 INFO  [MAA] 启动任务, 实例: illekb0 , 任务数: 1 , cwd: D:\Projects\BrownDust\install
2026-03-21 16:58:47 DEBUG [MAA]   任务[0]: entry=StartGame, pipelineOverride=[]
2026-03-21 16:58:47 INFO  [MAA] Agent 配置: {"child_exec":"agent/go-service","child_args":[]} , tcpCompatMode: false
2026-03-21 16:58:47 INFO  [MAA] 任务已提交, taskIds: [200000001]
2026-03-21 16:58:47 INFO  [Task] 实例 配置 1: 任务已提交, task_ids: [200000001]
2026-03-21 16:58:48 DEBUG [Config] 保存配置, 路径: D:/Projects/BrownDust/install/config/mxu-MaaBrownDust.json
2026-03-21 16:58:48 INFO  [Config] 配置保存成功
2026-03-21 16:58:56 INFO  [MAA] 停止任务请求已发送
2026-03-21 16:58:56 INFO  [MAA] 停止任务, 实例: illekb0
2026-03-21 16:58:56 INFO  [Task] 停止任务... illekb0
2026-03-21 16:58:57 INFO  [Task] 所有任务执行完成
2026-03-21 16:58:57 INFO  [MAA] 停止 Agent, 实例: illekb0
2026-03-21 16:58:57 INFO  [MAA] 停止 Agent 成功
2026-03-21 16:58:57 INFO  [Task] 任务 1/1 完成
2026-03-21 16:58:57 INFO  [MAA] 停止 Agent, 实例: illekb0
2026-03-21 16:58:57 INFO  [MAA] 停止 Agent 成功
2026-03-21 16:58:57 DEBUG [Config] 保存配置, 路径: D:/Projects/BrownDust/install/config/mxu-MaaBrownDust.json
2026-03-21 16:58:57 INFO  [Config] 配置保存成功
2026-03-21 16:59:24 DEBUG [Config] 保存配置, 路径: D:/Projects/BrownDust/install/config/mxu-MaaBrownDust.json
2026-03-21 16:59:24 INFO  [Config] 配置保存成功
2026-03-21 17:01:29 INFO  [App] 加载 interface.json...
2026-03-21 17:01:29 INFO  [App] Tauri 环境，加载 interface.json
2026-03-21 17:01:29 INFO  [App] basePath (绝对路径): D:\Projects\BrownDust\install
2026-03-21 17:01:29 INFO  [App] 托盘事件监听已注册
2026-03-21 17:01:29 INFO  [App] dataPath (数据目录): D:\Projects\BrownDust\install
2026-03-21 17:01:29 INFO  [App] 加载导入文件: tasks/StartGame.json
2026-03-21 17:01:29 INFO  [App] 处理 12 个导入文件...
2026-03-21 17:01:29 INFO  [App] 合并了 1 个导入的 task
2026-03-21 17:01:29 INFO  [App] 加载导入文件: tasks/Draw.json
2026-03-21 17:01:29 INFO  [App] 合并了 1 个导入的 task
2026-03-21 17:01:29 INFO  [App] 加载导入文件: tasks/Sociaty.json
2026-03-21 17:01:29 INFO  [App] 合并了 1 个导入的 task
2026-03-21 17:01:29 INFO  [App] 加载导入文件: tasks/Operate.json
2026-03-21 17:01:29 INFO  [App] 合并了 1 个导入的 task
2026-03-21 17:01:29 INFO  [App] 加载导入文件: tasks/PVP.json
2026-03-21 17:01:29 INFO  [App] 合并了 1 个导入的 task
2026-03-21 17:01:29 INFO  [App] 加载导入文件: tasks/Square.json
2026-03-21 17:01:29 INFO  [App] 加载导入文件: tasks/HuntingArea.json
2026-03-21 17:01:29 INFO  [App] 合并了 1 个导入的 task
2026-03-21 17:01:29 INFO  [App] 合并了 1 个导入的 task
2026-03-21 17:01:29 INFO  [App] 加载导入文件: tasks/Bag.json
2026-03-21 17:01:29 INFO  [App] 合并了 1 个导入的 task
2026-03-21 17:01:29 INFO  [App] 加载导入文件: tasks/Misson.json
2026-03-21 17:01:29 INFO  [App] 合并了 1 个导入的 task
2026-03-21 17:01:29 INFO  [App] 加载导入文件: tasks/Passport.json
2026-03-21 17:01:29 INFO  [App] 合并了 1 个导入的 task
2026-03-21 17:01:29 INFO  [App] 加载导入文件: tasks/Mail.json
2026-03-21 17:01:29 INFO  [App] 合并了 1 个导入的 task
2026-03-21 17:01:29 INFO  [App] 加载导入文件: tasks/test.json
2026-03-21 17:01:29 INFO  [App] 合并了 1 个导入的 task
2026-03-21 17:01:29 INFO  [App] 平台过滤: 移除了 1 个不支持的控制器 (不支持的类型: PlayCover)
2026-03-21 17:01:29 DEBUG [Config] 加载配置, 路径: D:/Projects/BrownDust/install/config/mxu-MaaBrownDust.json
2026-03-21 17:01:29 INFO  [Config] 配置加载成功
2026-03-21 17:01:29 INFO  [App] 窗口图标已设置: D:\Projects\BrownDust\install/misc/MaaEnd-Tiny.png
2026-03-21 17:01:29 INFO  [App] 全局快捷键已注册: F10 F11
2026-03-21 17:01:29 INFO  [MAA] 初始化 MaaFramework, libDir: (默认)
2026-03-21 17:01:29 INFO  [App] 已恢复后端状态: 0 个实例
2026-03-21 17:01:29 INFO  [MAA] MaaFramework 版本: v5.7.0-alpha.2
2026-03-21 17:01:29 DEBUG [MAA] 检查 MaaFramework 版本...
2026-03-21 17:01:29 INFO  [App] 加载完成, 项目: MaaBrownDust
2026-03-21 17:01:29 INFO  [MAA] 版本检查结果: {"current":"v5.7.0-alpha.2","minimum":"v5.5.0-beta.1","is_compatible":true}
2026-03-21 17:01:29 DEBUG [MAA] 获取 MaaFramework 版本...
2026-03-21 17:01:29 INFO  [App] 检查更新: MaaEnd并不是，但是#掉我怕有bug, 当前版本: v114514.0.0, 频道: stable
2026-03-21 17:01:29 INFO  [MAA] MaaFramework 版本: v5.7.0-alpha.2
2026-03-21 17:01:29 INFO  [MAA] 搜索 Win32 窗口, classRegex: UnityWndClass , windowRegex: BrownDust II
2026-03-21 17:01:29 INFO  [MAA] 找到 Win32 窗口: 1 个
2026-03-21 17:01:29 DEBUG [MAA]   窗口[0]: handle=1050176, class=UnityWndClass, name=BrownDust II
2026-03-21 17:01:29 DEBUG [MAA] 获取 MaaFramework 版本...
2026-03-21 17:01:29 INFO  [MAA] MaaFramework 版本: v5.7.0-alpha.2
2026-03-21 17:01:29 INFO  [MAA] 创建实例: illekb0
2026-03-21 17:01:29 INFO  [MAA] 创建实例成功: illekb0
2026-03-21 17:01:29 INFO  [MAA] 连接控制器, 实例: illekb0 类型: Win32
2026-03-21 17:01:29 DEBUG [MAA] 控制器配置: {"type":"Win32","handle":1050176,"screencap_method":2,"mouse_method":32,"keyboard_method":32}
2026-03-21 17:01:29 INFO  [MAA] 控制器连接请求已发送, ctrlId: 100000001
2026-03-21 17:01:29 WARN  [App] https://mirrorchyan.com/api/resources 请求失败: {"message":"Failed to execute 'close' on 'ReadableStreamDefaultController': Unexpected token 'C', \"Cannot GET\"... is not valid JSON"}
2026-03-21 17:01:29 DEBUG [Config] 保存配置, 路径: D:/Projects/BrownDust/install/config/mxu-MaaBrownDust.json
2026-03-21 17:01:29 INFO  [Config] 配置保存成功
2026-03-21 17:01:29 WARN  [App] https://mirrorchyan.net/api/resources 请求失败: {"message":"Failed to execute 'close' on 'ReadableStreamDefaultController': Unexpected token 'C', \"Cannot GET\"... is not valid JSON"}
2026-03-21 17:01:29 ERROR [App] 检查更新失败: {"message":"Failed to execute 'close' on 'ReadableStreamDefaultController': Unexpected token 'C', \"Cannot GET\"... is not valid JSON"}
2026-03-21 17:01:31 INFO  [Task] 当前已是管理员权限
2026-03-21 17:01:31 DEBUG [MAA]   路径[0]: D:\Projects\BrownDust\install/resource
2026-03-21 17:01:31 INFO  [MAA] 加载资源, 实例: illekb0 , 路径数: 1
2026-03-21 17:01:31 INFO  [Task] 实例 配置 1: 加载资源...
2026-03-21 17:01:31 INFO  [MAA] 资源加载请求已发送, resIds: [100000001]
2026-03-21 17:01:31 INFO  [MAA] 启动任务, 实例: illekb0 , 任务数: 1 , cwd: D:\Projects\BrownDust\install
2026-03-21 17:01:31 DEBUG [MAA]   任务[0]: entry=StartGame, pipelineOverride=[]
2026-03-21 17:01:31 INFO  [Task] 实例 配置 1: 开始执行任务, 数量: 1
2026-03-21 17:01:31 INFO  [MAA] Agent 配置: {"child_exec":"agent/go-service","child_args":[]} , tcpCompatMode: false
2026-03-21 17:01:32 INFO  [MAA] 任务已提交, taskIds: [200000001]
2026-03-21 17:01:32 INFO  [Task] 实例 配置 1: 任务已提交, task_ids: [200000001]
2026-03-21 17:01:32 DEBUG [Config] 保存配置, 路径: D:/Projects/BrownDust/install/config/mxu-MaaBrownDust.json
2026-03-21 17:01:32 INFO  [Config] 配置保存成功
2026-03-21 17:01:37 INFO  [MAA] 停止任务, 实例: illekb0
2026-03-21 17:01:37 INFO  [Task] 停止任务... illekb0
2026-03-21 17:01:37 INFO  [MAA] 停止任务请求已发送
2026-03-21 17:01:38 INFO  [MAA] 停止 Agent, 实例: illekb0
2026-03-21 17:01:38 INFO  [Task] 任务 1/1 完成
2026-03-21 17:01:38 INFO  [Task] 所有任务执行完成
2026-03-21 17:01:38 INFO  [MAA] 停止 Agent 成功
2026-03-21 17:01:38 INFO  [MAA] 停止 Agent, 实例: illekb0
2026-03-21 17:01:38 INFO  [MAA] 停止 Agent 成功
2026-03-21 17:01:38 DEBUG [Config] 保存配置, 路径: D:/Projects/BrownDust/install/config/mxu-MaaBrownDust.json
2026-03-21 17:01:38 INFO  [Config] 配置保存成功
2026-03-21 17:06:51 INFO  [App] Tauri 环境，加载 interface.json
2026-03-21 17:06:51 INFO  [App] 加载 interface.json...
2026-03-21 17:06:51 INFO  [App] basePath (绝对路径): D:\Projects\BrownDust\install
2026-03-21 17:06:51 INFO  [App] 托盘事件监听已注册
2026-03-21 17:06:51 INFO  [App] dataPath (数据目录): D:\Projects\BrownDust\install
2026-03-21 17:06:51 INFO  [App] 加载导入文件: tasks/StartGame.json
2026-03-21 17:06:51 INFO  [App] 处理 12 个导入文件...
2026-03-21 17:06:51 INFO  [App] 加载导入文件: tasks/Draw.json
2026-03-21 17:06:51 INFO  [App] 合并了 1 个导入的 task
2026-03-21 17:06:51 INFO  [App] 加载导入文件: tasks/Sociaty.json
2026-03-21 17:06:51 INFO  [App] 合并了 1 个导入的 task
2026-03-21 17:06:51 INFO  [App] 合并了 1 个导入的 task
2026-03-21 17:06:51 INFO  [App] 加载导入文件: tasks/Operate.json
2026-03-21 17:06:51 INFO  [App] 合并了 1 个导入的 task
2026-03-21 17:06:51 INFO  [App] 加载导入文件: tasks/PVP.json
2026-03-21 17:06:51 INFO  [App] 合并了 1 个导入的 task
2026-03-21 17:06:51 INFO  [App] 加载导入文件: tasks/Square.json
2026-03-21 17:06:51 INFO  [App] 合并了 1 个导入的 task
2026-03-21 17:06:51 INFO  [App] 加载导入文件: tasks/HuntingArea.json
2026-03-21 17:06:51 INFO  [App] 合并了 1 个导入的 task
2026-03-21 17:06:51 INFO  [App] 加载导入文件: tasks/Bag.json
2026-03-21 17:06:51 INFO  [App] 合并了 1 个导入的 task
2026-03-21 17:06:51 INFO  [App] 加载导入文件: tasks/Misson.json
2026-03-21 17:06:51 INFO  [App] 合并了 1 个导入的 task
2026-03-21 17:06:51 INFO  [App] 加载导入文件: tasks/Passport.json
2026-03-21 17:06:51 INFO  [App] 合并了 1 个导入的 task
2026-03-21 17:06:51 INFO  [App] 加载导入文件: tasks/Mail.json
2026-03-21 17:06:51 INFO  [App] 合并了 1 个导入的 task
2026-03-21 17:06:51 INFO  [App] 加载导入文件: tasks/test.json
2026-03-21 17:06:51 INFO  [App] 合并了 1 个导入的 task
2026-03-21 17:06:51 INFO  [App] 平台过滤: 移除了 1 个不支持的控制器 (不支持的类型: PlayCover)
2026-03-21 17:06:51 DEBUG [Config] 加载配置, 路径: D:/Projects/BrownDust/install/config/mxu-MaaBrownDust.json
2026-03-21 17:06:51 INFO  [Config] 配置加载成功
2026-03-21 17:06:51 INFO  [App] 窗口图标已设置: D:\Projects\BrownDust\install/misc/MaaEnd-Tiny.png
2026-03-21 17:06:51 INFO  [App] 全局快捷键已注册: F10 F11
2026-03-21 17:06:51 INFO  [App] 已恢复后端状态: 0 个实例
2026-03-21 17:06:51 INFO  [MAA] 初始化 MaaFramework, libDir: (默认)
2026-03-21 17:06:51 INFO  [MAA] MaaFramework 版本: v5.7.0-alpha.2
2026-03-21 17:06:51 DEBUG [MAA] 检查 MaaFramework 版本...
2026-03-21 17:06:51 INFO  [MAA] 版本检查结果: {"current":"v5.7.0-alpha.2","minimum":"v5.5.0-beta.1","is_compatible":true}
2026-03-21 17:06:51 INFO  [App] 加载完成, 项目: MaaBrownDust
2026-03-21 17:06:51 DEBUG [MAA] 获取 MaaFramework 版本...
2026-03-21 17:06:51 INFO  [App] 检查更新: MaaEnd并不是，但是#掉我怕有bug, 当前版本: v114514.0.0, 频道: stable
2026-03-21 17:06:51 INFO  [MAA] MaaFramework 版本: v5.7.0-alpha.2
2026-03-21 17:06:51 INFO  [MAA] 搜索 Win32 窗口, classRegex: UnityWndClass , windowRegex: BrownDust II
2026-03-21 17:06:52 INFO  [MAA] 找到 Win32 窗口: 1 个
2026-03-21 17:06:52 DEBUG [MAA]   窗口[0]: handle=1050176, class=UnityWndClass, name=BrownDust II
2026-03-21 17:06:52 DEBUG [MAA] 获取 MaaFramework 版本...
2026-03-21 17:06:52 INFO  [MAA] 创建实例: illekb0
2026-03-21 17:06:52 INFO  [MAA] MaaFramework 版本: v5.7.0-alpha.2
2026-03-21 17:06:52 INFO  [MAA] 创建实例成功: illekb0
2026-03-21 17:06:52 DEBUG [MAA] 控制器配置: {"type":"Win32","handle":1050176,"screencap_method":2,"mouse_method":32,"keyboard_method":32}
2026-03-21 17:06:52 INFO  [MAA] 连接控制器, 实例: illekb0 类型: Win32
2026-03-21 17:06:52 INFO  [MAA] 控制器连接请求已发送, ctrlId: 100000001
2026-03-21 17:06:52 WARN  [App] https://mirrorchyan.com/api/resources 请求失败: {"message":"Failed to execute 'close' on 'ReadableStreamDefaultController': Unexpected token 'C', \"Cannot GET\"... is not valid JSON"}
2026-03-21 17:06:52 WARN  [App] https://mirrorchyan.net/api/resources 请求失败: {"message":"Failed to execute 'close' on 'ReadableStreamDefaultController': Unexpected token 'C', \"Cannot GET\"... is not valid JSON"}
2026-03-21 17:06:52 ERROR [App] 检查更新失败: {"message":"Failed to execute 'close' on 'ReadableStreamDefaultController': Unexpected token 'C', \"Cannot GET\"... is not valid JSON"}
2026-03-21 17:06:52 DEBUG [Config] 保存配置, 路径: D:/Projects/BrownDust/install/config/mxu-MaaBrownDust.json
2026-03-21 17:06:52 INFO  [Config] 配置保存成功
2026-03-21 17:06:52 DEBUG [MAA] 获取 MaaFramework 版本...
2026-03-21 17:06:52 INFO  [MAA] MaaFramework 版本: v5.7.0-alpha.2
2026-03-21 17:06:52 INFO  [MAA] 搜索 Win32 窗口, classRegex: UnityWndClass , windowRegex: BrownDust II
2026-03-21 17:06:52 DEBUG [MAA]   窗口[0]: handle=1050176, class=UnityWndClass, name=BrownDust II
2026-03-21 17:06:52 INFO  [MAA] 找到 Win32 窗口: 1 个
2026-03-21 17:06:52 DEBUG [MAA] 获取 MaaFramework 版本...
2026-03-21 17:06:52 INFO  [MAA] 创建实例: ehkudb0
2026-03-21 17:06:52 INFO  [MAA] MaaFramework 版本: v5.7.0-alpha.2
2026-03-21 17:06:52 INFO  [MAA] 创建实例成功: ehkudb0
2026-03-21 17:06:52 DEBUG [MAA] 控制器配置: {"type":"Win32","handle":1050176,"screencap_method":2,"mouse_method":32,"keyboard_method":32}
2026-03-21 17:06:52 INFO  [MAA] 连接控制器, 实例: ehkudb0 类型: Win32
2026-03-21 17:06:53 INFO  [MAA] 控制器连接请求已发送, ctrlId: 100000002
2026-03-21 17:06:53 DEBUG [Config] 保存配置, 路径: D:/Projects/BrownDust/install/config/mxu-MaaBrownDust.json
2026-03-21 17:06:53 INFO  [Config] 配置保存成功
2026-03-21 17:07:00 INFO  [Task] 当前已是管理员权限
2026-03-21 17:07:00 INFO  [Task] 实例 配置 2: 加载资源...
2026-03-21 17:07:00 DEBUG [MAA]   路径[0]: D:\Projects\BrownDust\install/resource
2026-03-21 17:07:00 INFO  [MAA] 加载资源, 实例: ehkudb0 , 路径数: 1
2026-03-21 17:07:00 INFO  [MAA] 资源加载请求已发送, resIds: [100000001]
2026-03-21 17:07:01 INFO  [Task] 实例 配置 2: 开始执行任务, 数量: 1
2026-03-21 17:07:01 DEBUG [MAA]   任务[0]: entry=DarkRock, pipelineOverride=[]
2026-03-21 17:07:01 INFO  [MAA] 启动任务, 实例: ehkudb0 , 任务数: 1 , cwd: D:\Projects\BrownDust\install
2026-03-21 17:07:01 INFO  [MAA] Agent 配置: {"child_exec":"agent/go-service","child_args":[]} , tcpCompatMode: false
2026-03-21 17:07:01 INFO  [Task] 实例 配置 2: 任务已提交, task_ids: [200000001]
2026-03-21 17:07:01 INFO  [MAA] 任务已提交, taskIds: [200000001]
2026-03-21 17:07:01 DEBUG [Config] 保存配置, 路径: D:/Projects/BrownDust/install/config/mxu-MaaBrownDust.json
2026-03-21 17:07:01 INFO  [Config] 配置保存成功
2026-03-21 17:07:04 INFO  [MAA] 停止任务, 实例: ehkudb0
2026-03-21 17:07:04 INFO  [Task] 停止任务... ehkudb0
2026-03-21 17:07:04 INFO  [MAA] 停止任务请求已发送
2026-03-21 17:07:05 INFO  [MAA] 停止任务, 实例: ehkudb0
2026-03-21 17:07:05 INFO  [MAA] 停止任务请求已发送
2026-03-21 17:07:05 INFO  [Task] 任务 1/1 完成
2026-03-21 17:07:05 INFO  [MAA] 停止 Agent, 实例: ehkudb0
2026-03-21 17:07:05 INFO  [Task] 所有任务执行完成
2026-03-21 17:07:05 INFO  [MAA] 停止 Agent 成功
2026-03-21 17:07:05 INFO  [MAA] 停止 Agent, 实例: ehkudb0
2026-03-21 17:07:05 INFO  [MAA] 停止 Agent 成功
2026-03-21 17:07:06 DEBUG [Config] 保存配置, 路径: D:/Projects/BrownDust/install/config/mxu-MaaBrownDust.json
2026-03-21 17:07:06 INFO  [Config] 配置保存成功
2026-03-21 17:08:16 DEBUG [Config] 保存配置, 路径: D:/Projects/BrownDust/install/config/mxu-MaaBrownDust.json
2026-03-21 17:08:16 INFO  [Config] 配置保存成功
2026-03-21 17:08:17 DEBUG [Config] 保存配置, 路径: D:/Projects/BrownDust/install/config/mxu-MaaBrownDust.json
2026-03-21 17:08:17 INFO  [Config] 配置保存成功
2026-03-21 17:08:18 DEBUG [Config] 保存配置, 路径: D:/Projects/BrownDust/install/config/mxu-MaaBrownDust.json
2026-03-21 17:08:18 INFO  [Config] 配置保存成功
2026-03-21 17:08:20 DEBUG [Config] 保存配置, 路径: D:/Projects/BrownDust/install/config/mxu-MaaBrownDust.json
2026-03-21 17:08:20 INFO  [Config] 配置保存成功
2026-03-21 17:08:20 DEBUG [Config] 保存配置, 路径: D:/Projects/BrownDust/install/config/mxu-MaaBrownDust.json
2026-03-21 17:08:20 INFO  [Config] 配置保存成功
2026-03-21 17:08:21 DEBUG [Config] 保存配置, 路径: D:/Projects/BrownDust/install/config/mxu-MaaBrownDust.json
2026-03-21 17:08:21 INFO  [Config] 配置保存成功
2026-03-21 17:08:23 DEBUG [Config] 保存配置, 路径: D:/Projects/BrownDust/install/config/mxu-MaaBrownDust.json
2026-03-21 17:08:23 INFO  [Config] 配置保存成功
2026-03-21 17:08:23 INFO  [Task] 当前已是管理员权限
2026-03-21 17:08:23 INFO  [MAA] 加载资源, 实例: illekb0 , 路径数: 1
2026-03-21 17:08:23 INFO  [Task] 实例 配置 1: 加载资源...
2026-03-21 17:08:23 DEBUG [MAA]   路径[0]: D:\Projects\BrownDust\install/resource
2026-03-21 17:08:23 INFO  [MAA] 资源加载请求已发送, resIds: [100000002]
2026-03-21 17:08:23 INFO  [Task] 实例 配置 1: 开始执行任务, 数量: 8
2026-03-21 17:08:23 INFO  [MAA] 启动任务, 实例: illekb0 , 任务数: 8 , cwd: D:\Projects\BrownDust\install
2026-03-21 17:08:23 DEBUG [MAA]   任务[0]: entry=EnterOperating, pipelineOverride=[]
2026-03-21 17:08:23 DEBUG [MAA]   任务[1]: entry=EnterPVP, pipelineOverride=[]
2026-03-21 17:08:23 DEBUG [MAA]   任务[7]: entry=EnterMail, pipelineOverride=[]
2026-03-21 17:08:23 DEBUG [MAA]   任务[5]: entry=EnterMission, pipelineOverride=[]
2026-03-21 17:08:23 DEBUG [MAA]   任务[6]: entry=EnterPassport, pipelineOverride=[]
2026-03-21 17:08:23 DEBUG [MAA]   任务[3]: entry=EnterHunt, pipelineOverride=[]
2026-03-21 17:08:23 DEBUG [MAA]   任务[4]: entry=EnterBag, pipelineOverride=[]
2026-03-21 17:08:23 DEBUG [MAA]   任务[2]: entry=SquareStart, pipelineOverride=[]
2026-03-21 17:08:23 INFO  [MAA] Agent 配置: {"child_exec":"agent/go-service","child_args":[]} , tcpCompatMode: false
2026-03-21 17:08:23 INFO  [Task] 实例 配置 1: 任务已提交, task_ids: [200000004,200000005,200000006,200000007,200000008,200000009,200000010,200000011]
2026-03-21 17:08:23 INFO  [MAA] 任务已提交, taskIds: [200000004,200000005,200000006,200000007,200000008,200000009,200000010,200000011]
2026-03-21 17:08:23 DEBUG [Config] 保存配置, 路径: D:/Projects/BrownDust/install/config/mxu-MaaBrownDust.json
2026-03-21 17:08:23 INFO  [Config] 配置保存成功
2026-03-21 17:08:40 INFO  [Task] 任务 1/8 完成
2026-03-21 17:10:23 INFO  [Task] 任务 2/8 完成
2026-03-21 17:10:38 INFO  [MAA] 停止任务请求已发送
2026-03-21 17:10:38 INFO  [MAA] 停止任务, 实例: illekb0
2026-03-21 17:10:38 INFO  [Task] 停止任务... illekb0
2026-03-21 17:10:39 INFO  [MAA] 停止任务, 实例: illekb0
2026-03-21 17:10:39 INFO  [MAA] 停止任务请求已发送
2026-03-21 17:10:39 INFO  [Task] 任务 3/8 完成
2026-03-21 17:10:39 INFO  [MAA] 停止 Agent, 实例: illekb0
2026-03-21 17:10:39 INFO  [MAA] 停止 Agent 成功
2026-03-21 17:10:39 DEBUG [Config] 保存配置, 路径: D:/Projects/BrownDust/install/config/mxu-MaaBrownDust.json
2026-03-21 17:10:39 INFO  [Config] 配置保存成功
2026-03-21 17:10:41 DEBUG [Config] 保存配置, 路径: D:/Projects/BrownDust/install/config/mxu-MaaBrownDust.json
2026-03-21 17:10:41 INFO  [Config] 配置保存成功
2026-03-21 17:11:27 DEBUG [Config] 保存配置, 路径: D:/Projects/BrownDust/install/config/mxu-MaaBrownDust.json
2026-03-21 17:11:27 INFO  [Config] 配置保存成功
2026-03-21 17:13:44 INFO  [App] Tauri 环境，加载 interface.json
2026-03-21 17:13:44 INFO  [App] 加载 interface.json...
2026-03-21 17:13:44 INFO  [App] basePath (绝对路径): D:\Projects\BrownDust\install
2026-03-21 17:13:44 INFO  [App] 托盘事件监听已注册
2026-03-21 17:13:44 INFO  [App] dataPath (数据目录): D:\Projects\BrownDust\install
2026-03-21 17:13:44 INFO  [App] 加载导入文件: tasks/StartGame.json
2026-03-21 17:13:44 INFO  [App] 处理 12 个导入文件...
2026-03-21 17:13:44 INFO  [App] 合并了 1 个导入的 task
2026-03-21 17:13:44 INFO  [App] 加载导入文件: tasks/Draw.json
2026-03-21 17:13:44 INFO  [App] 合并了 1 个导入的 task
2026-03-21 17:13:44 INFO  [App] 加载导入文件: tasks/Sociaty.json
2026-03-21 17:13:44 INFO  [App] 加载导入文件: tasks/Operate.json
2026-03-21 17:13:44 INFO  [App] 合并了 1 个导入的 task
2026-03-21 17:13:44 INFO  [App] 加载导入文件: tasks/PVP.json
2026-03-21 17:13:44 INFO  [App] 合并了 1 个导入的 task
2026-03-21 17:13:44 INFO  [App] 合并了 1 个导入的 task
2026-03-21 17:13:44 INFO  [App] 加载导入文件: tasks/Square.json
2026-03-21 17:13:44 INFO  [App] 合并了 1 个导入的 task
2026-03-21 17:13:44 INFO  [App] 加载导入文件: tasks/HuntingArea.json
2026-03-21 17:13:44 INFO  [App] 合并了 1 个导入的 task
2026-03-21 17:13:44 INFO  [App] 加载导入文件: tasks/Bag.json
2026-03-21 17:13:44 INFO  [App] 合并了 1 个导入的 task
2026-03-21 17:13:44 INFO  [App] 加载导入文件: tasks/Misson.json
2026-03-21 17:13:44 INFO  [App] 合并了 1 个导入的 task
2026-03-21 17:13:44 INFO  [App] 加载导入文件: tasks/Passport.json
2026-03-21 17:13:44 INFO  [App] 加载导入文件: tasks/Mail.json
2026-03-21 17:13:44 INFO  [App] 合并了 1 个导入的 task
2026-03-21 17:13:44 INFO  [App] 合并了 1 个导入的 task
2026-03-21 17:13:44 INFO  [App] 加载导入文件: tasks/test.json
2026-03-21 17:13:44 INFO  [App] 合并了 1 个导入的 task
2026-03-21 17:13:44 INFO  [App] 平台过滤: 移除了 1 个不支持的控制器 (不支持的类型: PlayCover)
2026-03-21 17:13:44 DEBUG [Config] 加载配置, 路径: D:/Projects/BrownDust/install/config/mxu-MaaBrownDust.json
2026-03-21 17:13:44 INFO  [App] 窗口图标已设置: D:\Projects\BrownDust\install/misc/MaaEnd-Tiny.png
2026-03-21 17:13:44 INFO  [Config] 配置加载成功
2026-03-21 17:13:44 INFO  [App] 全局快捷键已注册: F10 F11
2026-03-21 17:13:44 INFO  [App] 已恢复后端状态: 0 个实例
2026-03-21 17:13:44 INFO  [MAA] 初始化 MaaFramework, libDir: (默认)
2026-03-21 17:13:44 INFO  [MAA] MaaFramework 版本: v5.7.0-alpha.2
2026-03-21 17:13:44 DEBUG [MAA] 检查 MaaFramework 版本...
2026-03-21 17:13:44 INFO  [MAA] 版本检查结果: {"current":"v5.7.0-alpha.2","minimum":"v5.5.0-beta.1","is_compatible":true}
2026-03-21 17:13:44 INFO  [App] 加载完成, 项目: MaaBrownDust
2026-03-21 17:13:44 DEBUG [MAA] 获取 MaaFramework 版本...
2026-03-21 17:13:44 INFO  [MAA] 搜索 Win32 窗口, classRegex: UnityWndClass , windowRegex: BrownDust II
2026-03-21 17:13:44 INFO  [App] 检查更新: MaaEnd并不是，但是#掉我怕有bug, 当前版本: v114514.0.0, 频道: stable
2026-03-21 17:13:44 INFO  [MAA] MaaFramework 版本: v5.7.0-alpha.2
2026-03-21 17:13:44 INFO  [MAA] 找到 Win32 窗口: 1 个
2026-03-21 17:13:44 DEBUG [MAA]   窗口[0]: handle=1050176, class=UnityWndClass, name=BrownDust II
2026-03-21 17:13:44 DEBUG [MAA] 获取 MaaFramework 版本...
2026-03-21 17:13:44 INFO  [MAA] MaaFramework 版本: v5.7.0-alpha.2
2026-03-21 17:13:44 INFO  [MAA] 创建实例: illekb0
2026-03-21 17:13:44 INFO  [MAA] 创建实例成功: illekb0
2026-03-21 17:13:44 INFO  [MAA] 连接控制器, 实例: illekb0 类型: Win32
2026-03-21 17:13:44 DEBUG [MAA] 控制器配置: {"type":"Win32","handle":1050176,"screencap_method":2,"mouse_method":32,"keyboard_method":32}
2026-03-21 17:13:44 INFO  [MAA] 控制器连接请求已发送, ctrlId: 100000001
2026-03-21 17:13:44 WARN  [App] https://mirrorchyan.com/api/resources 请求失败: {"message":"Failed to execute 'close' on 'ReadableStreamDefaultController': Unexpected token 'C', \"Cannot GET\"... is not valid JSON"}
2026-03-21 17:13:45 ERROR [App] 检查更新失败: {"message":"Failed to execute 'close' on 'ReadableStreamDefaultController': Unexpected token 'C', \"Cannot GET\"... is not valid JSON"}
2026-03-21 17:13:45 WARN  [App] https://mirrorchyan.net/api/resources 请求失败: {"message":"Failed to execute 'close' on 'ReadableStreamDefaultController': Unexpected token 'C', \"Cannot GET\"... is not valid JSON"}
2026-03-21 17:13:45 DEBUG [Config] 保存配置, 路径: D:/Projects/BrownDust/install/config/mxu-MaaBrownDust.json
2026-03-21 17:13:45 INFO  [Config] 配置保存成功
2026-03-21 17:13:50 DEBUG [MAA] 获取 MaaFramework 版本...
2026-03-21 17:13:50 INFO  [MAA] 搜索 Win32 窗口, classRegex: UnityWndClass , windowRegex: BrownDust II
2026-03-21 17:13:50 INFO  [MAA] MaaFramework 版本: v5.7.0-alpha.2
2026-03-21 17:13:50 INFO  [MAA] 找到 Win32 窗口: 1 个
2026-03-21 17:13:50 DEBUG [MAA]   窗口[0]: handle=1050176, class=UnityWndClass, name=BrownDust II
2026-03-21 17:13:50 DEBUG [MAA] 获取 MaaFramework 版本...
2026-03-21 17:13:50 INFO  [MAA] MaaFramework 版本: v5.7.0-alpha.2
2026-03-21 17:13:50 INFO  [MAA] 创建实例: ehkudb0
2026-03-21 17:13:50 INFO  [MAA] 创建实例成功: ehkudb0
2026-03-21 17:13:50 DEBUG [MAA] 控制器配置: {"type":"Win32","handle":1050176,"screencap_method":2,"mouse_method":32,"keyboard_method":32}
2026-03-21 17:13:50 INFO  [MAA] 连接控制器, 实例: ehkudb0 类型: Win32
2026-03-21 17:13:50 INFO  [MAA] 控制器连接请求已发送, ctrlId: 100000014
2026-03-21 17:13:51 DEBUG [Config] 保存配置, 路径: D:/Projects/BrownDust/install/config/mxu-MaaBrownDust.json
2026-03-21 17:13:51 INFO  [Config] 配置保存成功
2026-03-21 17:13:51 INFO  [Task] 当前已是管理员权限
2026-03-21 17:13:51 INFO  [MAA] 加载资源, 实例: ehkudb0 , 路径数: 1
2026-03-21 17:13:51 DEBUG [MAA]   路径[0]: D:\Projects\BrownDust\install/resource
2026-03-21 17:13:51 INFO  [Task] 实例 配置 2: 加载资源...
2026-03-21 17:13:51 INFO  [MAA] 资源加载请求已发送, resIds: [100000001]
2026-03-21 17:13:51 INFO  [Task] 实例 配置 2: 开始执行任务, 数量: 1
2026-03-21 17:13:51 INFO  [MAA] 启动任务, 实例: ehkudb0 , 任务数: 1 , cwd: D:\Projects\BrownDust\install
2026-03-21 17:13:51 INFO  [MAA] Agent 配置: {"child_exec":"agent/go-service","child_args":[]} , tcpCompatMode: false
2026-03-21 17:13:51 DEBUG [MAA]   任务[0]: entry=EnterPVP2, pipelineOverride=[]
2026-03-21 17:13:51 INFO  [MAA] 任务已提交, taskIds: [200000001]
2026-03-21 17:13:51 INFO  [Task] 实例 配置 2: 任务已提交, task_ids: [200000001]
2026-03-21 17:13:51 DEBUG [Config] 保存配置, 路径: D:/Projects/BrownDust/install/config/mxu-MaaBrownDust.json
2026-03-21 17:13:51 INFO  [Config] 配置保存成功
2026-03-21 17:13:59 INFO  [Task] 停止任务... ehkudb0
2026-03-21 17:13:59 INFO  [MAA] 停止任务, 实例: ehkudb0
2026-03-21 17:13:59 INFO  [MAA] 停止任务请求已发送
2026-03-21 17:13:59 INFO  [Task] 任务 1/1 完成
2026-03-21 17:13:59 INFO  [MAA] 停止 Agent, 实例: ehkudb0
2026-03-21 17:13:59 INFO  [Task] 所有任务执行完成
2026-03-21 17:13:59 INFO  [MAA] 停止 Agent 成功
2026-03-21 17:13:59 INFO  [MAA] 停止 Agent, 实例: ehkudb0
2026-03-21 17:13:59 INFO  [MAA] 停止 Agent 成功
2026-03-21 17:14:00 DEBUG [Config] 保存配置, 路径: D:/Projects/BrownDust/install/config/mxu-MaaBrownDust.json
2026-03-21 17:14:00 INFO  [Config] 配置保存成功
2026-03-21 17:14:07 INFO  [Task] 当前已是管理员权限
2026-03-21 17:14:07 INFO  [Task] 实例 配置 2: 开始执行任务, 数量: 1
2026-03-21 17:14:07 INFO  [MAA] 启动任务, 实例: ehkudb0 , 任务数: 1 , cwd: D:\Projects\BrownDust\install
2026-03-21 17:14:07 INFO  [MAA] Agent 配置: {"child_exec":"agent/go-service","child_args":[]} , tcpCompatMode: false
2026-03-21 17:14:07 DEBUG [MAA]   任务[0]: entry=EnterPVP2, pipelineOverride=[]
2026-03-21 17:14:07 INFO  [MAA] 任务已提交, taskIds: [200000003]
2026-03-21 17:14:07 INFO  [Task] 实例 配置 2: 任务已提交, task_ids: [200000003]
2026-03-21 17:14:07 DEBUG [Config] 保存配置, 路径: D:/Projects/BrownDust/install/config/mxu-MaaBrownDust.json
2026-03-21 17:14:07 INFO  [Config] 配置保存成功
2026-03-21 17:14:18 INFO  [Task] 任务 1/1 完成
2026-03-21 17:14:18 INFO  [MAA] 停止 Agent, 实例: ehkudb0
2026-03-21 17:14:18 INFO  [Task] 所有任务执行完成
2026-03-21 17:14:18 INFO  [MAA] 停止 Agent 成功
2026-03-21 17:14:19 DEBUG [Config] 保存配置, 路径: D:/Projects/BrownDust/install/config/mxu-MaaBrownDust.json
2026-03-21 17:14:19 INFO  [Config] 配置保存成功
2026-03-21 17:14:19 INFO  [Task] 当前已是管理员权限
2026-03-21 17:14:19 INFO  [Task] 实例 配置 2: 开始执行任务, 数量: 1
2026-03-21 17:14:19 DEBUG [MAA]   任务[0]: entry=EnterPVP2, pipelineOverride=[]
2026-03-21 17:14:19 INFO  [MAA] 启动任务, 实例: ehkudb0 , 任务数: 1 , cwd: D:\Projects\BrownDust\install
2026-03-21 17:14:19 INFO  [MAA] Agent 配置: {"child_exec":"agent/go-service","child_args":[]} , tcpCompatMode: false
2026-03-21 17:14:19 INFO  [MAA] 任务已提交, taskIds: [200000004]
2026-03-21 17:14:19 INFO  [Task] 实例 配置 2: 任务已提交, task_ids: [200000004]
2026-03-21 17:14:19 INFO  [Task] 停止任务... ehkudb0
2026-03-21 17:14:19 DEBUG [Config] 保存配置, 路径: D:/Projects/BrownDust/install/config/mxu-MaaBrownDust.json
2026-03-21 17:14:19 INFO  [MAA] 停止任务, 实例: ehkudb0
2026-03-21 17:14:19 INFO  [MAA] 停止任务请求已发送
2026-03-21 17:14:19 INFO  [Config] 配置保存成功
2026-03-21 17:14:20 INFO  [Task] 所有任务执行完成
2026-03-21 17:14:20 INFO  [Task] 任务 1/1 完成
2026-03-21 17:14:20 INFO  [MAA] 停止 Agent 成功
2026-03-21 17:14:20 INFO  [MAA] 停止 Agent, 实例: ehkudb0
2026-03-21 17:14:20 INFO  [MAA] 停止 Agent, 实例: ehkudb0
2026-03-21 17:14:20 INFO  [MAA] 停止 Agent 成功
2026-03-21 17:14:20 DEBUG [Config] 保存配置, 路径: D:/Projects/BrownDust/install/config/mxu-MaaBrownDust.json
2026-03-21 17:14:20 INFO  [Config] 配置保存成功
2026-03-21 17:14:28 INFO  [Task] 当前已是管理员权限
2026-03-21 17:14:28 INFO  [Task] 实例 配置 2: 开始执行任务, 数量: 1
2026-03-21 17:14:28 DEBUG [MAA]   任务[0]: entry=EnterPVP2, pipelineOverride=[]
2026-03-21 17:14:28 INFO  [MAA] Agent 配置: {"child_exec":"agent/go-service","child_args":[]} , tcpCompatMode: false
2026-03-21 17:14:28 INFO  [MAA] 启动任务, 实例: ehkudb0 , 任务数: 1 , cwd: D:\Projects\BrownDust\install
2026-03-21 17:14:28 INFO  [Task] 实例 配置 2: 任务已提交, task_ids: [200000006]
2026-03-21 17:14:28 INFO  [MAA] 任务已提交, taskIds: [200000006]
2026-03-21 17:14:28 DEBUG [Config] 保存配置, 路径: D:/Projects/BrownDust/install/config/mxu-MaaBrownDust.json
2026-03-21 17:14:28 INFO  [Config] 配置保存成功
2026-03-21 17:14:28 INFO  [Task] 停止任务... ehkudb0
2026-03-21 17:14:28 INFO  [MAA] 停止任务, 实例: ehkudb0
2026-03-21 17:14:28 INFO  [MAA] 停止任务请求已发送
2026-03-21 17:14:29 INFO  [Task] 任务 1/1 完成
2026-03-21 17:14:29 INFO  [Task] 所有任务执行完成
2026-03-21 17:14:29 INFO  [MAA] 停止 Agent, 实例: ehkudb0
2026-03-21 17:14:29 INFO  [MAA] 停止 Agent, 实例: ehkudb0
2026-03-21 17:14:29 INFO  [MAA] 停止 Agent 成功
2026-03-21 17:14:29 INFO  [MAA] 停止 Agent 成功
2026-03-21 17:14:29 DEBUG [Config] 保存配置, 路径: D:/Projects/BrownDust/install/config/mxu-MaaBrownDust.json
2026-03-21 17:14:29 INFO  [Config] 配置保存成功
2026-03-21 17:14:30 INFO  [Task] 当前已是管理员权限
2026-03-21 17:14:30 INFO  [Task] 实例 配置 2: 开始执行任务, 数量: 1
2026-03-21 17:14:30 INFO  [MAA] Agent 配置: {"child_exec":"agent/go-service","child_args":[]} , tcpCompatMode: false
2026-03-21 17:14:30 DEBUG [MAA]   任务[0]: entry=EnterPVP2, pipelineOverride=[]
2026-03-21 17:14:30 INFO  [MAA] 启动任务, 实例: ehkudb0 , 任务数: 1 , cwd: D:\Projects\BrownDust\install
2026-03-21 17:14:30 INFO  [MAA] 任务已提交, taskIds: [200000008]
2026-03-21 17:14:30 INFO  [Task] 实例 配置 2: 任务已提交, task_ids: [200000008]
2026-03-21 17:14:31 DEBUG [Config] 保存配置, 路径: D:/Projects/BrownDust/install/config/mxu-MaaBrownDust.json
2026-03-21 17:14:31 INFO  [Config] 配置保存成功
2026-03-21 17:14:31 INFO  [Task] 停止任务... ehkudb0
2026-03-21 17:14:31 INFO  [MAA] 停止任务请求已发送
2026-03-21 17:14:31 INFO  [MAA] 停止任务, 实例: ehkudb0
2026-03-21 17:14:31 INFO  [Task] 任务 1/1 完成
2026-03-21 17:14:31 INFO  [Task] 所有任务执行完成
2026-03-21 17:14:31 INFO  [MAA] 停止 Agent, 实例: ehkudb0
2026-03-21 17:14:31 INFO  [MAA] 停止 Agent 成功
2026-03-21 17:14:31 INFO  [MAA] 停止 Agent, 实例: ehkudb0
2026-03-21 17:14:31 INFO  [MAA] 停止 Agent 成功
2026-03-21 17:14:32 DEBUG [Config] 保存配置, 路径: D:/Projects/BrownDust/install/config/mxu-MaaBrownDust.json
2026-03-21 17:14:32 INFO  [Config] 配置保存成功
2026-03-21 17:14:52 DEBUG [Config] 保存配置, 路径: D:/Projects/BrownDust/install/config/mxu-MaaBrownDust.json
2026-03-21 17:14:52 INFO  [Config] 配置保存成功
2026-03-21 17:18:56 DEBUG [Config] 保存配置, 路径: D:/Projects/BrownDust/install/config/mxu-MaaBrownDust.json
2026-03-21 17:18:56 INFO  [Config] 配置保存成功
2026-03-21 17:18:59 INFO  [Task] 当前已是管理员权限
2026-03-21 17:18:59 INFO  [Task] 实例 配置 1: 加载资源...
2026-03-21 17:18:59 INFO  [MAA] 加载资源, 实例: illekb0 , 路径数: 1
2026-03-21 17:18:59 DEBUG [MAA]   路径[0]: D:\Projects\BrownDust\install/resource
2026-03-21 17:18:59 INFO  [MAA] 资源加载请求已发送, resIds: [100000002]
2026-03-21 17:18:59 INFO  [MAA] 启动任务, 实例: illekb0 , 任务数: 4 , cwd: D:\Projects\BrownDust\install
2026-03-21 17:18:59 INFO  [Task] 实例 配置 1: 开始执行任务, 数量: 4
2026-03-21 17:18:59 DEBUG [MAA]   任务[3]: entry=EnterMail, pipelineOverride=[]
2026-03-21 17:18:59 DEBUG [MAA]   任务[1]: entry=EnterMission, pipelineOverride=[]
2026-03-21 17:18:59 INFO  [MAA] Agent 配置: {"child_exec":"agent/go-service","child_args":[]} , tcpCompatMode: false
2026-03-21 17:18:59 DEBUG [MAA]   任务[0]: entry=EnterBag, pipelineOverride=[]
2026-03-21 17:18:59 DEBUG [MAA]   任务[2]: entry=EnterPassport, pipelineOverride=[]
2026-03-21 17:18:59 INFO  [MAA] 任务已提交, taskIds: [200000010,200000011,200000012,200000013]
2026-03-21 17:18:59 INFO  [Task] 实例 配置 1: 任务已提交, task_ids: [200000010,200000011,200000012,200000013]
2026-03-21 17:19:00 DEBUG [Config] 保存配置, 路径: D:/Projects/BrownDust/install/config/mxu-MaaBrownDust.json
2026-03-21 17:19:00 INFO  [Config] 配置保存成功
2026-03-21 17:19:18 INFO  [Task] 停止任务... illekb0
2026-03-21 17:19:18 INFO  [MAA] 停止任务请求已发送
2026-03-21 17:19:18 INFO  [MAA] 停止任务, 实例: illekb0
2026-03-21 17:19:19 INFO  [Task] 任务 1/4 完成
2026-03-21 17:19:19 INFO  [MAA] 停止 Agent, 实例: illekb0
2026-03-21 17:19:19 INFO  [MAA] 停止 Agent 成功
2026-03-21 17:19:19 DEBUG [Config] 保存配置, 路径: D:/Projects/BrownDust/install/config/mxu-MaaBrownDust.json
2026-03-21 17:19:19 INFO  [Config] 配置保存成功
2026-03-21 17:19:25 INFO  [App] 加载 interface.json...
2026-03-21 17:19:25 INFO  [App] Tauri 环境，加载 interface.json
2026-03-21 17:19:25 INFO  [App] basePath (绝对路径): D:\Projects\BrownDust\install
2026-03-21 17:19:25 INFO  [App] 托盘事件监听已注册
2026-03-21 17:19:25 INFO  [App] dataPath (数据目录): D:\Projects\BrownDust\install
2026-03-21 17:19:25 INFO  [App] 处理 12 个导入文件...
2026-03-21 17:19:25 INFO  [App] 加载导入文件: tasks/StartGame.json
2026-03-21 17:19:25 INFO  [App] 合并了 1 个导入的 task
2026-03-21 17:19:25 INFO  [App] 加载导入文件: tasks/Draw.json
2026-03-21 17:19:25 INFO  [App] 合并了 1 个导入的 task
2026-03-21 17:19:25 INFO  [App] 加载导入文件: tasks/Sociaty.json
2026-03-21 17:19:25 INFO  [App] 合并了 1 个导入的 task
2026-03-21 17:19:25 INFO  [App] 加载导入文件: tasks/Operate.json
2026-03-21 17:19:25 INFO  [App] 加载导入文件: tasks/PVP.json
2026-03-21 17:19:25 INFO  [App] 合并了 1 个导入的 task
2026-03-21 17:19:25 INFO  [App] 合并了 1 个导入的 task
2026-03-21 17:19:25 INFO  [App] 加载导入文件: tasks/Square.json
2026-03-21 17:19:25 INFO  [App] 合并了 1 个导入的 task
2026-03-21 17:19:25 INFO  [App] 加载导入文件: tasks/HuntingArea.json
2026-03-21 17:19:25 INFO  [App] 合并了 1 个导入的 task
2026-03-21 17:19:25 INFO  [App] 加载导入文件: tasks/Bag.json
2026-03-21 17:19:25 INFO  [App] 合并了 1 个导入的 task
2026-03-21 17:19:25 INFO  [App] 加载导入文件: tasks/Misson.json
2026-03-21 17:19:25 INFO  [App] 加载导入文件: tasks/Passport.json
2026-03-21 17:19:25 INFO  [App] 合并了 1 个导入的 task
2026-03-21 17:19:25 INFO  [App] 合并了 1 个导入的 task
2026-03-21 17:19:25 INFO  [App] 加载导入文件: tasks/Mail.json
2026-03-21 17:19:25 INFO  [App] 合并了 1 个导入的 task
2026-03-21 17:19:25 INFO  [App] 加载导入文件: tasks/test.json
2026-03-21 17:19:25 INFO  [App] 合并了 1 个导入的 task
2026-03-21 17:19:25 INFO  [App] 平台过滤: 移除了 1 个不支持的控制器 (不支持的类型: PlayCover)
2026-03-21 17:19:25 DEBUG [Config] 加载配置, 路径: D:/Projects/BrownDust/install/config/mxu-MaaBrownDust.json
2026-03-21 17:19:25 INFO  [Config] 配置加载成功
2026-03-21 17:19:25 INFO  [App] 窗口图标已设置: D:\Projects\BrownDust\install/misc/MaaEnd-Tiny.png
2026-03-21 17:19:25 INFO  [App] 全局快捷键已注册: F10 F11
2026-03-21 17:19:25 INFO  [App] 已恢复后端状态: 0 个实例
2026-03-21 17:19:25 INFO  [MAA] 初始化 MaaFramework, libDir: (默认)
2026-03-21 17:19:25 INFO  [MAA] MaaFramework 版本: v5.7.0-alpha.2
2026-03-21 17:19:25 DEBUG [MAA] 检查 MaaFramework 版本...
2026-03-21 17:19:25 INFO  [MAA] 版本检查结果: {"current":"v5.7.0-alpha.2","minimum":"v5.5.0-beta.1","is_compatible":true}
2026-03-21 17:19:25 INFO  [App] 加载完成, 项目: MaaBrownDust
2026-03-21 17:19:25 DEBUG [MAA] 获取 MaaFramework 版本...
2026-03-21 17:19:25 INFO  [App] 检查更新: MaaEnd并不是，但是#掉我怕有bug, 当前版本: v114514.0.0, 频道: stable
2026-03-21 17:19:25 INFO  [MAA] 搜索 Win32 窗口, classRegex: UnityWndClass , windowRegex: BrownDust II
2026-03-21 17:19:25 INFO  [MAA] MaaFramework 版本: v5.7.0-alpha.2
2026-03-21 17:19:25 INFO  [MAA] 找到 Win32 窗口: 1 个
2026-03-21 17:19:25 DEBUG [MAA]   窗口[0]: handle=1050176, class=UnityWndClass, name=BrownDust II
2026-03-21 17:19:25 DEBUG [MAA] 获取 MaaFramework 版本...
2026-03-21 17:19:25 INFO  [MAA] MaaFramework 版本: v5.7.0-alpha.2
2026-03-21 17:19:25 INFO  [MAA] 创建实例: illekb0
2026-03-21 17:19:25 INFO  [MAA] 创建实例成功: illekb0
2026-03-21 17:19:25 INFO  [MAA] 连接控制器, 实例: illekb0 类型: Win32
2026-03-21 17:19:25 DEBUG [MAA] 控制器配置: {"type":"Win32","handle":1050176,"screencap_method":2,"mouse_method":32,"keyboard_method":32}
2026-03-21 17:19:25 INFO  [MAA] 控制器连接请求已发送, ctrlId: 100000001
2026-03-21 17:19:26 WARN  [App] https://mirrorchyan.com/api/resources 请求失败: {"message":"Failed to execute 'close' on 'ReadableStreamDefaultController': Unexpected token 'C', \"Cannot GET\"... is not valid JSON"}
2026-03-21 17:19:26 WARN  [App] https://mirrorchyan.net/api/resources 请求失败: {"message":"Failed to execute 'close' on 'ReadableStreamDefaultController': Unexpected token 'C', \"Cannot GET\"... is not valid JSON"}
2026-03-21 17:19:26 ERROR [App] 检查更新失败: {"message":"Failed to execute 'close' on 'ReadableStreamDefaultController': Unexpected token 'C', \"Cannot GET\"... is not valid JSON"}
2026-03-21 17:19:26 DEBUG [Config] 保存配置, 路径: D:/Projects/BrownDust/install/config/mxu-MaaBrownDust.json
2026-03-21 17:19:26 INFO  [Config] 配置保存成功
2026-03-21 17:19:28 DEBUG [Config] 保存配置, 路径: D:/Projects/BrownDust/install/config/mxu-MaaBrownDust.json
2026-03-21 17:19:28 INFO  [Config] 配置保存成功
2026-03-21 17:19:29 INFO  [Task] 当前已是管理员权限
2026-03-21 17:19:29 INFO  [Task] 实例 配置 1: 加载资源...
2026-03-21 17:19:29 INFO  [MAA] 加载资源, 实例: illekb0 , 路径数: 1
2026-03-21 17:19:29 DEBUG [MAA]   路径[0]: D:\Projects\BrownDust\install/resource
2026-03-21 17:19:29 INFO  [MAA] 资源加载请求已发送, resIds: [100000001]
2026-03-21 17:19:29 INFO  [MAA] 启动任务, 实例: illekb0 , 任务数: 3 , cwd: D:\Projects\BrownDust\install
2026-03-21 17:19:29 DEBUG [MAA]   任务[0]: entry=EnterMission, pipelineOverride=[]
2026-03-21 17:19:29 INFO  [Task] 实例 配置 1: 开始执行任务, 数量: 3
2026-03-21 17:19:29 DEBUG [MAA]   任务[1]: entry=EnterPassport, pipelineOverride=[]
2026-03-21 17:19:29 INFO  [MAA] Agent 配置: {"child_exec":"agent/go-service","child_args":[],"timeout":15000} , tcpCompatMode: false
2026-03-21 17:19:29 DEBUG [MAA]   任务[2]: entry=EnterMail, pipelineOverride=[]
2026-03-21 17:19:29 INFO  [Task] 实例 配置 1: 任务已提交, task_ids: [200000001,200000002,200000003]
2026-03-21 17:19:29 INFO  [MAA] 任务已提交, taskIds: [200000001,200000002,200000003]
2026-03-21 17:19:30 DEBUG [Config] 保存配置, 路径: D:/Projects/BrownDust/install/config/mxu-MaaBrownDust.json
2026-03-21 17:19:30 INFO  [Config] 配置保存成功
2026-03-21 17:19:45 INFO  [Task] 任务 1/3 完成
2026-03-21 17:20:01 INFO  [Task] 任务 2/3 完成
2026-03-21 17:20:08 INFO  [Task] 任务 3/3 完成
2026-03-21 17:20:08 INFO  [Task] 所有任务执行完成
2026-03-21 17:20:08 INFO  [MAA] 停止 Agent 成功
2026-03-21 17:20:08 INFO  [MAA] 停止 Agent, 实例: illekb0
2026-03-21 17:20:09 DEBUG [Config] 保存配置, 路径: D:/Projects/BrownDust/install/config/mxu-MaaBrownDust.json
2026-03-21 17:20:09 INFO  [Config] 配置保存成功
2026-03-21 17:20:16 DEBUG [Config] 保存配置, 路径: D:/Projects/BrownDust/install/config/mxu-MaaBrownDust.json
2026-03-21 17:20:16 INFO  [Config] 配置保存成功
2026-03-21 17:20:34 DEBUG [Config] 保存配置, 路径: D:/Projects/BrownDust/install/config/mxu-MaaBrownDust.json
2026-03-21 17:20:34 INFO  [Config] 配置保存成功
2026-03-21 17:20:35 DEBUG [Config] 保存配置, 路径: D:/Projects/BrownDust/install/config/mxu-MaaBrownDust.json
2026-03-21 17:20:35 INFO  [Config] 配置保存成功
2026-03-21 23:57:40 INFO  [App] 加载 interface.json...
2026-03-21 23:57:40 INFO  [App] Tauri 环境，加载 interface.json
2026-03-21 23:57:40 INFO  [App] basePath (绝对路径): D:\Projects\BrownDust\install
2026-03-21 23:57:40 INFO  [App] 托盘事件监听已注册
2026-03-21 23:57:40 INFO  [App] dataPath (数据目录): D:\Projects\BrownDust\install
2026-03-21 23:57:40 INFO  [App] 处理 12 个导入文件...
2026-03-21 23:57:40 INFO  [App] 加载导入文件: tasks/StartGame.json
2026-03-21 23:57:40 INFO  [App] 加载导入文件: tasks/Draw.json
2026-03-21 23:57:40 INFO  [App] 合并了 1 个导入的 task
2026-03-21 23:57:40 INFO  [App] 合并了 1 个导入的 task
2026-03-21 23:57:40 INFO  [App] 加载导入文件: tasks/Sociaty.json
2026-03-21 23:57:40 INFO  [App] 合并了 1 个导入的 task
2026-03-21 23:57:40 INFO  [App] 加载导入文件: tasks/Operate.json
2026-03-21 23:57:40 INFO  [App] 合并了 1 个导入的 task
2026-03-21 23:57:40 INFO  [App] 加载导入文件: tasks/PVP.json
2026-03-21 23:57:40 INFO  [App] 合并了 1 个导入的 task
2026-03-21 23:57:40 INFO  [App] 加载导入文件: tasks/Square.json
2026-03-21 23:57:40 INFO  [App] 加载导入文件: tasks/HuntingArea.json
2026-03-21 23:57:40 INFO  [App] 合并了 1 个导入的 task
2026-03-21 23:57:40 INFO  [App] 合并了 1 个导入的 task
2026-03-21 23:57:40 INFO  [App] 加载导入文件: tasks/Bag.json
2026-03-21 23:57:40 INFO  [App] 加载导入文件: tasks/Misson.json
2026-03-21 23:57:40 INFO  [App] 合并了 1 个导入的 task
2026-03-21 23:57:40 INFO  [App] 合并了 1 个导入的 task
2026-03-21 23:57:40 INFO  [App] 加载导入文件: tasks/Passport.json
2026-03-21 23:57:40 INFO  [App] 合并了 1 个导入的 task
2026-03-21 23:57:40 INFO  [App] 加载导入文件: tasks/Mail.json
2026-03-21 23:57:40 INFO  [App] 加载导入文件: tasks/test.json
2026-03-21 23:57:40 INFO  [App] 合并了 1 个导入的 task
2026-03-21 23:57:40 INFO  [App] 合并了 1 个导入的 task
2026-03-21 23:57:40 INFO  [App] 平台过滤: 移除了 1 个不支持的控制器 (不支持的类型: PlayCover)
2026-03-21 23:57:40 DEBUG [Config] 加载配置, 路径: D:/Projects/BrownDust/install/config/mxu-MaaBrownDust.json
2026-03-21 23:57:40 INFO  [App] 窗口图标已设置: D:\Projects\BrownDust\install/misc/MaaEnd-Tiny.png
2026-03-21 23:57:40 INFO  [Config] 配置加载成功
2026-03-21 23:57:40 INFO  [App] 全局快捷键已注册: F10 F11
2026-03-21 23:57:40 INFO  [App] 已恢复后端状态: 0 个实例
2026-03-21 23:57:40 INFO  [MAA] 初始化 MaaFramework, libDir: (默认)
2026-03-21 23:57:40 INFO  [MAA] MaaFramework 版本: v5.7.0-alpha.2
2026-03-21 23:57:40 DEBUG [MAA] 检查 MaaFramework 版本...
2026-03-21 23:57:40 INFO  [MAA] 版本检查结果: {"current":"v5.7.0-alpha.2","minimum":"v5.5.0-beta.1","is_compatible":true}
2026-03-21 23:57:40 INFO  [App] 加载完成, 项目: MaaBrownDust
2026-03-21 23:57:40 DEBUG [MAA] 获取 MaaFramework 版本...
2026-03-21 23:57:40 INFO  [App] 检查更新: MaaEnd并不是，但是#掉我怕有bug, 当前版本: v114514.0.0, 频道: stable
2026-03-21 23:57:40 INFO  [MAA] 搜索 Win32 窗口, classRegex: UnityWndClass , windowRegex: BrownDust II
2026-03-21 23:57:40 INFO  [MAA] MaaFramework 版本: v5.7.0-alpha.2
2026-03-21 23:57:40 INFO  [MAA] 找到 Win32 窗口: 0 个
2026-03-21 23:57:41 WARN  [App] https://mirrorchyan.com/api/resources 请求失败: {"message":"Failed to execute 'close' on 'ReadableStreamDefaultController': Unexpected token 'C', \"Cannot GET\"... is not valid JSON"}
2026-03-21 23:57:41 DEBUG [Config] 保存配置, 路径: D:/Projects/BrownDust/install/config/mxu-MaaBrownDust.json
2026-03-21 23:57:41 INFO  [Config] 配置保存成功
2026-03-21 23:57:41 WARN  [App] https://mirrorchyan.net/api/resources 请求失败: {"message":"Failed to execute 'close' on 'ReadableStreamDefaultController': Unexpected token 'C', \"Cannot GET\"... is not valid JSON"}
2026-03-21 23:57:41 ERROR [App] 检查更新失败: {"message":"Failed to execute 'close' on 'ReadableStreamDefaultController': Unexpected token 'C', \"Cannot GET\"... is not valid JSON"}
